Command line invocation:
    /Applications/Xcode.app/Contents/Developer/usr/bin/xcodebuild -project ETPattern.xcodeproj -scheme ETPattern -destination generic/platform=iOS clean build

Resolve Package Graph


Resolved source packages:
  ETPattern: /Users/macbook1/work/ETPattern @ local

CreateBuildRequest

SendProjectDescription

CreateBuildOperation

** CLEAN SUCCEEDED **

ComputePackagePrebuildTargetDependencyGraph

Prepare packages

CreateBuildRequest

SendProjectDescription

CreateBuildOperation

ComputeTargetDependencyGraph
note: Building targets in dependency order
note: Target dependency graph (7 targets)
    Target 'ETPattern' in project 'ETPattern'
        ➜ Explicit dependency on target 'ETPatternCore' in project 'ETPattern'
        ➜ Explicit dependency on target 'ETPatternModels' in project 'ETPattern'
        ➜ Explicit dependency on target 'ETPatternServices' in project 'ETPattern'
    Target 'ETPatternServices' in project 'ETPattern'
        ➜ Explicit dependency on target 'ETPatternServices' in project 'ETPattern'
        ➜ Explicit dependency on target 'ETPatternModels' in project 'ETPattern'
        ➜ Explicit dependency on target 'ETPatternCore' in project 'ETPattern'
    Target 'ETPatternServices' in project 'ETPattern'
        ➜ Explicit dependency on target 'ETPatternModels' in project 'ETPattern'
        ➜ Explicit dependency on target 'ETPatternCore' in project 'ETPattern'
    Target 'ETPatternModels' in project 'ETPattern'
        ➜ Explicit dependency on target 'ETPatternModels' in project 'ETPattern'
    Target 'ETPatternCore' in project 'ETPattern'
        ➜ Explicit dependency on target 'ETPatternCore' in project 'ETPattern'
        ➜ Explicit dependency on target 'ETPatternModels' in project 'ETPattern'
    Target 'ETPatternCore' in project 'ETPattern'
        ➜ Explicit dependency on target 'ETPatternModels' in project 'ETPattern'
    Target 'ETPatternModels' in project 'ETPattern' (no dependencies)

GatherProvisioningInputs

CreateBuildDescription

ExecuteExternalTool /Applications/Xcode.app/Contents/Developer/Toolchains/XcodeDefault.xctoolchain/usr/bin/clang -v -E -dM -isysroot /Applications/Xcode.app/Contents/Developer/Platforms/iPhoneOS.platform/Developer/SDKs/iPhoneOS26.2.sdk -x c -c /dev/null

ExecuteExternalTool /Applications/Xcode.app/Contents/Developer/Toolchains/XcodeDefault.xctoolchain/usr/bin/swiftc --version

ExecuteExternalTool /Applications/Xcode.app/Contents/Developer/usr/bin/actool --print-asset-tag-combinations --output-format xml1 /Users/macbook1/work/ETPattern/ETPattern/Assets.xcassets

ExecuteExternalTool /Applications/Xcode.app/Contents/Developer/usr/bin/actool --version --output-format xml1

ExecuteExternalTool /Applications/Xcode.app/Contents/Developer/Toolchains/XcodeDefault.xctoolchain/usr/bin/ld -version_details

Build description signature: 1e0f8e990eba33418ad83634ad943a4f
Build description path: /Users/macbook1/Library/Developer/Xcode/DerivedData/ETPattern-ceepkkizhrfttrghnalmrcwlbsmz/Build/Intermediates.noindex/XCBuildData/1e0f8e990eba33418ad83634ad943a4f.xcbuilddata
ClangStatCache /Applications/Xcode.app/Contents/Developer/Toolchains/XcodeDefault.xctoolchain/usr/bin/clang-stat-cache /Applications/Xcode.app/Contents/Developer/Platforms/iPhoneOS.platform/Developer/SDKs/iPhoneOS26.2.sdk /Users/macbook1/Library/Developer/Xcode/DerivedData/SDKStatCaches.noindex/iphoneos26.2-23C53-3885c01c3e6b6a337905948deab2002e3794476bd08197c3e2abd9bb477ef7f7.sdkstatcache
    cd /Users/macbook1/work/ETPattern/ETPattern.xcodeproj
    /Applications/Xcode.app/Contents/Developer/Toolchains/XcodeDefault.xctoolchain/usr/bin/clang-stat-cache /Applications/Xcode.app/Contents/Developer/Platforms/iPhoneOS.platform/Developer/SDKs/iPhoneOS26.2.sdk -o /Users/macbook1/Library/Developer/Xcode/DerivedData/SDKStatCaches.noindex/iphoneos26.2-23C53-3885c01c3e6b6a337905948deab2002e3794476bd08197c3e2abd9bb477ef7f7.sdkstatcache

CreateBuildDirectory /Users/macbook1/Library/Developer/Xcode/DerivedData/ETPattern-ceepkkizhrfttrghnalmrcwlbsmz/Build/Products
    cd /Users/macbook1/work/ETPattern/ETPattern.xcodeproj
    builtin-create-build-directory /Users/macbook1/Library/Developer/Xcode/DerivedData/ETPattern-ceepkkizhrfttrghnalmrcwlbsmz/Build/Products

CreateBuildDirectory /Users/macbook1/Library/Developer/Xcode/DerivedData/ETPattern-ceepkkizhrfttrghnalmrcwlbsmz/Build/Intermediates.noindex
    cd /Users/macbook1/work/ETPattern/ETPattern.xcodeproj
    builtin-create-build-directory /Users/macbook1/Library/Developer/Xcode/DerivedData/ETPattern-ceepkkizhrfttrghnalmrcwlbsmz/Build/Intermediates.noindex

CreateBuildDirectory /Users/macbook1/Library/Developer/Xcode/DerivedData/ETPattern-ceepkkizhrfttrghnalmrcwlbsmz/Build/Intermediates.noindex/SwiftExplicitPrecompiledModules
    cd /Users/macbook1/work/ETPattern/ETPattern.xcodeproj
    builtin-create-build-directory /Users/macbook1/Library/Developer/Xcode/DerivedData/ETPattern-ceepkkizhrfttrghnalmrcwlbsmz/Build/Intermediates.noindex/SwiftExplicitPrecompiledModules

CreateBuildDirectory /Users/macbook1/Library/Developer/Xcode/DerivedData/ETPattern-ceepkkizhrfttrghnalmrcwlbsmz/Build/Intermediates.noindex/ExplicitPrecompiledModules
    cd /Users/macbook1/work/ETPattern/ETPattern.xcodeproj
    builtin-create-build-directory /Users/macbook1/Library/Developer/Xcode/DerivedData/ETPattern-ceepkkizhrfttrghnalmrcwlbsmz/Build/Intermediates.noindex/ExplicitPrecompiledModules

CreateBuildDirectory /Users/macbook1/Library/Developer/Xcode/DerivedData/ETPattern-ceepkkizhrfttrghnalmrcwlbsmz/Build/Products/Debug-iphoneos
    cd /Users/macbook1/work/ETPattern/ETPattern.xcodeproj
    builtin-create-build-directory /Users/macbook1/Library/Developer/Xcode/DerivedData/ETPattern-ceepkkizhrfttrghnalmrcwlbsmz/Build/Products/Debug-iphoneos

CreateBuildDirectory /Users/macbook1/Library/Developer/Xcode/DerivedData/ETPattern-ceepkkizhrfttrghnalmrcwlbsmz/Build/Intermediates.noindex/EagerLinkingTBDs/Debug-iphoneos
    cd /Users/macbook1/work/ETPattern/ETPattern.xcodeproj
    builtin-create-build-directory /Users/macbook1/Library/Developer/Xcode/DerivedData/ETPattern-ceepkkizhrfttrghnalmrcwlbsmz/Build/Intermediates.noindex/EagerLinkingTBDs/Debug-iphoneos

WriteAuxiliaryFile /Users/macbook1/Library/Developer/Xcode/DerivedData/ETPattern-ceepkkizhrfttrghnalmrcwlbsmz/Build/Intermediates.noindex/ETPattern.build/Debug-iphoneos/ETPattern-4f684d0670f1d1eac4b2bc96cee8f87b-VFS-iphoneos/all-product-headers.yaml
    cd /Users/macbook1/work/ETPattern/ETPattern.xcodeproj
    write-file /Users/macbook1/Library/Developer/Xcode/DerivedData/ETPattern-ceepkkizhrfttrghnalmrcwlbsmz/Build/Intermediates.noindex/ETPattern.build/Debug-iphoneos/ETPattern-4f684d0670f1d1eac4b2bc96cee8f87b-VFS-iphoneos/all-product-headers.yaml

CreateBuildDirectory /Users/macbook1/Library/Developer/Xcode/DerivedData/ETPattern-ceepkkizhrfttrghnalmrcwlbsmz/Build/Products/Debug-iphoneos/PackageFrameworks
    cd /Users/macbook1/work/ETPattern/ETPattern.xcodeproj
    builtin-create-build-directory /Users/macbook1/Library/Developer/Xcode/DerivedData/ETPattern-ceepkkizhrfttrghnalmrcwlbsmz/Build/Products/Debug-iphoneos/PackageFrameworks

WriteAuxiliaryFile /Users/macbook1/Library/Developer/Xcode/DerivedData/ETPattern-ceepkkizhrfttrghnalmrcwlbsmz/Build/Intermediates.noindex/ETPattern.build/Debug-iphoneos/ETPatternServices.build/ETPatternServices.DependencyStaticMetadataFileList (in target 'ETPatternServices' from project 'ETPattern' at path '/Users/macbook1/work/ETPattern/Package.swift')
    cd /Users/macbook1/work/ETPattern
    write-file /Users/macbook1/Library/Developer/Xcode/DerivedData/ETPattern-ceepkkizhrfttrghnalmrcwlbsmz/Build/Intermediates.noindex/ETPattern.build/Debug-iphoneos/ETPatternServices.build/ETPatternServices.DependencyStaticMetadataFileList

WriteAuxiliaryFile /Users/macbook1/Library/Developer/Xcode/DerivedData/ETPattern-ceepkkizhrfttrghnalmrcwlbsmz/Build/Intermediates.noindex/ETPattern.build/Debug-iphoneos/ETPatternServices.build/ETPatternServices.modulemap (in target 'ETPatternServices' from project 'ETPattern' at path '/Users/macbook1/work/ETPattern/Package.swift')
    cd /Users/macbook1/work/ETPattern
    write-file /Users/macbook1/Library/Developer/Xcode/DerivedData/ETPattern-ceepkkizhrfttrghnalmrcwlbsmz/Build/Intermediates.noindex/ETPattern.build/Debug-iphoneos/ETPatternServices.build/ETPatternServices.modulemap

WriteAuxiliaryFile /Users/macbook1/Library/Developer/Xcode/DerivedData/ETPattern-ceepkkizhrfttrghnalmrcwlbsmz/Build/Intermediates.noindex/ETPattern.build/Debug-iphoneos/ETPatternServices.build/ETPatternServices.DependencyMetadataFileList (in target 'ETPatternServices' from project 'ETPattern' at path '/Users/macbook1/work/ETPattern/Package.swift')
    cd /Users/macbook1/work/ETPattern
    write-file /Users/macbook1/Library/Developer/Xcode/DerivedData/ETPattern-ceepkkizhrfttrghnalmrcwlbsmz/Build/Intermediates.noindex/ETPattern.build/Debug-iphoneos/ETPatternServices.build/ETPatternServices.DependencyMetadataFileList

WriteAuxiliaryFile /Users/macbook1/Library/Developer/Xcode/DerivedData/ETPattern-ceepkkizhrfttrghnalmrcwlbsmz/Build/Intermediates.noindex/ETPattern.build/Debug-iphoneos/ETPatternServices.build/Objects-normal/arm64/ETPatternServices.SwiftConstValuesFileList (in target 'ETPatternServices' from project 'ETPattern' at path '/Users/macbook1/work/ETPattern/Package.swift')
    cd /Users/macbook1/work/ETPattern
    write-file /Users/macbook1/Library/Developer/Xcode/DerivedData/ETPattern-ceepkkizhrfttrghnalmrcwlbsmz/Build/Intermediates.noindex/ETPattern.build/Debug-iphoneos/ETPatternServices.build/Objects-normal/arm64/ETPatternServices.SwiftConstValuesFileList

WriteAuxiliaryFile /Users/macbook1/Library/Developer/Xcode/DerivedData/ETPattern-ceepkkizhrfttrghnalmrcwlbsmz/Build/Intermediates.noindex/ETPattern.build/Debug-iphoneos/ETPatternServices.build/Objects-normal/arm64/ETPatternServices-OutputFileMap.json (in target 'ETPatternServices' from project 'ETPattern' at path '/Users/macbook1/work/ETPattern/Package.swift')
    cd /Users/macbook1/work/ETPattern
    write-file /Users/macbook1/Library/Developer/Xcode/DerivedData/ETPattern-ceepkkizhrfttrghnalmrcwlbsmz/Build/Intermediates.noindex/ETPattern.build/Debug-iphoneos/ETPatternServices.build/Objects-normal/arm64/ETPatternServices-OutputFileMap.json

WriteAuxiliaryFile /Users/macbook1/Library/Developer/Xcode/DerivedData/ETPattern-ceepkkizhrfttrghnalmrcwlbsmz/Build/Intermediates.noindex/ETPattern.build/Debug-iphoneos/ETPatternServices.build/Objects-normal/arm64/ETPatternServices.LinkFileList (in target 'ETPatternServices' from project 'ETPattern' at path '/Users/macbook1/work/ETPattern/Package.swift')
    cd /Users/macbook1/work/ETPattern
    write-file /Users/macbook1/Library/Developer/Xcode/DerivedData/ETPattern-ceepkkizhrfttrghnalmrcwlbsmz/Build/Intermediates.noindex/ETPattern.build/Debug-iphoneos/ETPatternServices.build/Objects-normal/arm64/ETPatternServices.LinkFileList

WriteAuxiliaryFile /Users/macbook1/Library/Developer/Xcode/DerivedData/ETPattern-ceepkkizhrfttrghnalmrcwlbsmz/Build/Intermediates.noindex/ETPattern.build/Debug-iphoneos/ETPatternServices.build/Objects-normal/arm64/ETPatternServices_const_extract_protocols.json (in target 'ETPatternServices' from project 'ETPattern' at path '/Users/macbook1/work/ETPattern/Package.swift')
    cd /Users/macbook1/work/ETPattern
    write-file /Users/macbook1/Library/Developer/Xcode/DerivedData/ETPattern-ceepkkizhrfttrghnalmrcwlbsmz/Build/Intermediates.noindex/ETPattern.build/Debug-iphoneos/ETPatternServices.build/Objects-normal/arm64/ETPatternServices_const_extract_protocols.json

WriteAuxiliaryFile /Users/macbook1/Library/Developer/Xcode/DerivedData/ETPattern-ceepkkizhrfttrghnalmrcwlbsmz/Build/Intermediates.noindex/ETPattern.build/Debug-iphoneos/ETPatternServices.build/Objects-normal/arm64/ETPatternServices.SwiftFileList (in target 'ETPatternServices' from project 'ETPattern' at path '/Users/macbook1/work/ETPattern/Package.swift')
    cd /Users/macbook1/work/ETPattern
    write-file /Users/macbook1/Library/Developer/Xcode/DerivedData/ETPattern-ceepkkizhrfttrghnalmrcwlbsmz/Build/Intermediates.noindex/ETPattern.build/Debug-iphoneos/ETPatternServices.build/Objects-normal/arm64/ETPatternServices.SwiftFileList

WriteAuxiliaryFile /Users/macbook1/Library/Developer/Xcode/DerivedData/ETPattern-ceepkkizhrfttrghnalmrcwlbsmz/Build/Intermediates.noindex/ETPattern.build/Debug-iphoneos/ETPatternModels.build/Objects-normal/arm64/ETPatternModels_const_extract_protocols.json (in target 'ETPatternModels' from project 'ETPattern' at path '/Users/macbook1/work/ETPattern/Package.swift')
    cd /Users/macbook1/work/ETPattern
    write-file /Users/macbook1/Library/Developer/Xcode/DerivedData/ETPattern-ceepkkizhrfttrghnalmrcwlbsmz/Build/Intermediates.noindex/ETPattern.build/Debug-iphoneos/ETPatternModels.build/Objects-normal/arm64/ETPatternModels_const_extract_protocols.json

WriteAuxiliaryFile /Users/macbook1/Library/Developer/Xcode/DerivedData/ETPattern-ceepkkizhrfttrghnalmrcwlbsmz/Build/Intermediates.noindex/ETPattern.build/Debug-iphoneos/ETPatternModels.build/Objects-normal/arm64/ETPatternModels.SwiftFileList (in target 'ETPatternModels' from project 'ETPattern' at path '/Users/macbook1/work/ETPattern/Package.swift')
    cd /Users/macbook1/work/ETPattern
    write-file /Users/macbook1/Library/Developer/Xcode/DerivedData/ETPattern-ceepkkizhrfttrghnalmrcwlbsmz/Build/Intermediates.noindex/ETPattern.build/Debug-iphoneos/ETPatternModels.build/Objects-normal/arm64/ETPatternModels.SwiftFileList

WriteAuxiliaryFile /Users/macbook1/Library/Developer/Xcode/DerivedData/ETPattern-ceepkkizhrfttrghnalmrcwlbsmz/Build/Intermediates.noindex/ETPattern.build/Debug-iphoneos/ETPatternModels.build/Objects-normal/arm64/ETPatternModels.SwiftConstValuesFileList (in target 'ETPatternModels' from project 'ETPattern' at path '/Users/macbook1/work/ETPattern/Package.swift')
    cd /Users/macbook1/work/ETPattern
    write-file /Users/macbook1/Library/Developer/Xcode/DerivedData/ETPattern-ceepkkizhrfttrghnalmrcwlbsmz/Build/Intermediates.noindex/ETPattern.build/Debug-iphoneos/ETPatternModels.build/Objects-normal/arm64/ETPatternModels.SwiftConstValuesFileList

WriteAuxiliaryFile /Users/macbook1/Library/Developer/Xcode/DerivedData/ETPattern-ceepkkizhrfttrghnalmrcwlbsmz/Build/Intermediates.noindex/ETPattern.build/Debug-iphoneos/ETPatternModels.build/Objects-normal/arm64/ETPatternModels.LinkFileList (in target 'ETPatternModels' from project 'ETPattern' at path '/Users/macbook1/work/ETPattern/Package.swift')
    cd /Users/macbook1/work/ETPattern
    write-file /Users/macbook1/Library/Developer/Xcode/DerivedData/ETPattern-ceepkkizhrfttrghnalmrcwlbsmz/Build/Intermediates.noindex/ETPattern.build/Debug-iphoneos/ETPatternModels.build/Objects-normal/arm64/ETPatternModels.LinkFileList

WriteAuxiliaryFile /Users/macbook1/Library/Developer/Xcode/DerivedData/ETPattern-ceepkkizhrfttrghnalmrcwlbsmz/Build/Intermediates.noindex/ETPattern.build/Debug-iphoneos/ETPatternModels.build/Objects-normal/arm64/ETPatternModels-OutputFileMap.json (in target 'ETPatternModels' from project 'ETPattern' at path '/Users/macbook1/work/ETPattern/Package.swift')
    cd /Users/macbook1/work/ETPattern
    write-file /Users/macbook1/Library/Developer/Xcode/DerivedData/ETPattern-ceepkkizhrfttrghnalmrcwlbsmz/Build/Intermediates.noindex/ETPattern.build/Debug-iphoneos/ETPatternModels.build/Objects-normal/arm64/ETPatternModels-OutputFileMap.json

WriteAuxiliaryFile /Users/macbook1/Library/Developer/Xcode/DerivedData/ETPattern-ceepkkizhrfttrghnalmrcwlbsmz/Build/Intermediates.noindex/ETPattern.build/Debug-iphoneos/ETPatternModels.build/ETPatternModels.modulemap (in target 'ETPatternModels' from project 'ETPattern' at path '/Users/macbook1/work/ETPattern/Package.swift')
    cd /Users/macbook1/work/ETPattern
    write-file /Users/macbook1/Library/Developer/Xcode/DerivedData/ETPattern-ceepkkizhrfttrghnalmrcwlbsmz/Build/Intermediates.noindex/ETPattern.build/Debug-iphoneos/ETPatternModels.build/ETPatternModels.modulemap

WriteAuxiliaryFile /Users/macbook1/Library/Developer/Xcode/DerivedData/ETPattern-ceepkkizhrfttrghnalmrcwlbsmz/Build/Intermediates.noindex/ETPattern.build/Debug-iphoneos/ETPatternModels.build/ETPatternModels.DependencyStaticMetadataFileList (in target 'ETPatternModels' from project 'ETPattern' at path '/Users/macbook1/work/ETPattern/Package.swift')
    cd /Users/macbook1/work/ETPattern
    write-file /Users/macbook1/Library/Developer/Xcode/DerivedData/ETPattern-ceepkkizhrfttrghnalmrcwlbsmz/Build/Intermediates.noindex/ETPattern.build/Debug-iphoneos/ETPatternModels.build/ETPatternModels.DependencyStaticMetadataFileList

WriteAuxiliaryFile /Users/macbook1/Library/Developer/Xcode/DerivedData/ETPattern-ceepkkizhrfttrghnalmrcwlbsmz/Build/Intermediates.noindex/ETPattern.build/Debug-iphoneos/ETPatternModels.build/ETPatternModels.DependencyMetadataFileList (in target 'ETPatternModels' from project 'ETPattern' at path '/Users/macbook1/work/ETPattern/Package.swift')
    cd /Users/macbook1/work/ETPattern
    write-file /Users/macbook1/Library/Developer/Xcode/DerivedData/ETPattern-ceepkkizhrfttrghnalmrcwlbsmz/Build/Intermediates.noindex/ETPattern.build/Debug-iphoneos/ETPatternModels.build/ETPatternModels.DependencyMetadataFileList

WriteAuxiliaryFile /Users/macbook1/Library/Developer/Xcode/DerivedData/ETPattern-ceepkkizhrfttrghnalmrcwlbsmz/Build/Intermediates.noindex/ETPattern.build/Debug-iphoneos/ETPatternCore.build/Objects-normal/arm64/ETPatternCore_const_extract_protocols.json (in target 'ETPatternCore' from project 'ETPattern' at path '/Users/macbook1/work/ETPattern/Package.swift')
    cd /Users/macbook1/work/ETPattern
    write-file /Users/macbook1/Library/Developer/Xcode/DerivedData/ETPattern-ceepkkizhrfttrghnalmrcwlbsmz/Build/Intermediates.noindex/ETPattern.build/Debug-iphoneos/ETPatternCore.build/Objects-normal/arm64/ETPatternCore_const_extract_protocols.json

Copy /Users/macbook1/Library/Developer/Xcode/DerivedData/ETPattern-ceepkkizhrfttrghnalmrcwlbsmz/Build/Intermediates.noindex/GeneratedModuleMaps-iphoneos/ETPatternServices.modulemap /Users/macbook1/Library/Developer/Xcode/DerivedData/ETPattern-ceepkkizhrfttrghnalmrcwlbsmz/Build/Intermediates.noindex/ETPattern.build/Debug-iphoneos/ETPatternServices.build/ETPatternServices.modulemap (in target 'ETPatternServices' from project 'ETPattern' at path '/Users/macbook1/work/ETPattern/Package.swift')
    cd /Users/macbook1/work/ETPattern
    builtin-copy -exclude .DS_Store -exclude CVS -exclude .svn -exclude .git -exclude .hg -resolve-src-symlinks /Users/macbook1/Library/Developer/Xcode/DerivedData/ETPattern-ceepkkizhrfttrghnalmrcwlbsmz/Build/Intermediates.noindex/ETPattern.build/Debug-iphoneos/ETPatternServices.build/ETPatternServices.modulemap /Users/macbook1/Library/Developer/Xcode/DerivedData/ETPattern-ceepkkizhrfttrghnalmrcwlbsmz/Build/Intermediates.noindex/GeneratedModuleMaps-iphoneos

Copy /Users/macbook1/Library/Developer/Xcode/DerivedData/ETPattern-ceepkkizhrfttrghnalmrcwlbsmz/Build/Intermediates.noindex/GeneratedModuleMaps-iphoneos/ETPatternModels.modulemap /Users/macbook1/Library/Developer/Xcode/DerivedData/ETPattern-ceepkkizhrfttrghnalmrcwlbsmz/Build/Intermediates.noindex/ETPattern.build/Debug-iphoneos/ETPatternModels.build/ETPatternModels.modulemap (in target 'ETPatternModels' from project 'ETPattern' at path '/Users/macbook1/work/ETPattern/Package.swift')
    cd /Users/macbook1/work/ETPattern
    builtin-copy -exclude .DS_Store -exclude CVS -exclude .svn -exclude .git -exclude .hg -resolve-src-symlinks /Users/macbook1/Library/Developer/Xcode/DerivedData/ETPattern-ceepkkizhrfttrghnalmrcwlbsmz/Build/Intermediates.noindex/ETPattern.build/Debug-iphoneos/ETPatternModels.build/ETPatternModels.modulemap /Users/macbook1/Library/Developer/Xcode/DerivedData/ETPattern-ceepkkizhrfttrghnalmrcwlbsmz/Build/Intermediates.noindex/GeneratedModuleMaps-iphoneos

WriteAuxiliaryFile /Users/macbook1/Library/Developer/Xcode/DerivedData/ETPattern-ceepkkizhrfttrghnalmrcwlbsmz/Build/Intermediates.noindex/ETPattern.build/Debug-iphoneos/ETPatternCore.build/Objects-normal/arm64/ETPatternCore-OutputFileMap.json (in target 'ETPatternCore' from project 'ETPattern' at path '/Users/macbook1/work/ETPattern/Package.swift')
    cd /Users/macbook1/work/ETPattern
    write-file /Users/macbook1/Library/Developer/Xcode/DerivedData/ETPattern-ceepkkizhrfttrghnalmrcwlbsmz/Build/Intermediates.noindex/ETPattern.build/Debug-iphoneos/ETPatternCore.build/Objects-normal/arm64/ETPatternCore-OutputFileMap.json

WriteAuxiliaryFile /Users/macbook1/Library/Developer/Xcode/DerivedData/ETPattern-ceepkkizhrfttrghnalmrcwlbsmz/Build/Intermediates.noindex/ETPattern.build/Debug-iphoneos/ETPatternCore.build/Objects-normal/arm64/ETPatternCore.SwiftFileList (in target 'ETPatternCore' from project 'ETPattern' at path '/Users/macbook1/work/ETPattern/Package.swift')
    cd /Users/macbook1/work/ETPattern
    write-file /Users/macbook1/Library/Developer/Xcode/DerivedData/ETPattern-ceepkkizhrfttrghnalmrcwlbsmz/Build/Intermediates.noindex/ETPattern.build/Debug-iphoneos/ETPatternCore.build/Objects-normal/arm64/ETPatternCore.SwiftFileList

WriteAuxiliaryFile /Users/macbook1/Library/Developer/Xcode/DerivedData/ETPattern-ceepkkizhrfttrghnalmrcwlbsmz/Build/Intermediates.noindex/ETPattern.build/Debug-iphoneos/ETPatternCore.build/Objects-normal/arm64/ETPatternCore.LinkFileList (in target 'ETPatternCore' from project 'ETPattern' at path '/Users/macbook1/work/ETPattern/Package.swift')
    cd /Users/macbook1/work/ETPattern
    write-file /Users/macbook1/Library/Developer/Xcode/DerivedData/ETPattern-ceepkkizhrfttrghnalmrcwlbsmz/Build/Intermediates.noindex/ETPattern.build/Debug-iphoneos/ETPatternCore.build/Objects-normal/arm64/ETPatternCore.LinkFileList

WriteAuxiliaryFile /Users/macbook1/Library/Developer/Xcode/DerivedData/ETPattern-ceepkkizhrfttrghnalmrcwlbsmz/Build/Intermediates.noindex/ETPattern.build/Debug-iphoneos/ETPatternCore.build/Objects-normal/arm64/ETPatternCore.SwiftConstValuesFileList (in target 'ETPatternCore' from project 'ETPattern' at path '/Users/macbook1/work/ETPattern/Package.swift')
    cd /Users/macbook1/work/ETPattern
    write-file /Users/macbook1/Library/Developer/Xcode/DerivedData/ETPattern-ceepkkizhrfttrghnalmrcwlbsmz/Build/Intermediates.noindex/ETPattern.build/Debug-iphoneos/ETPatternCore.build/Objects-normal/arm64/ETPatternCore.SwiftConstValuesFileList

WriteAuxiliaryFile /Users/macbook1/Library/Developer/Xcode/DerivedData/ETPattern-ceepkkizhrfttrghnalmrcwlbsmz/Build/Intermediates.noindex/ETPattern.build/Debug-iphoneos/ETPatternCore.build/ETPatternCore.modulemap (in target 'ETPatternCore' from project 'ETPattern' at path '/Users/macbook1/work/ETPattern/Package.swift')
    cd /Users/macbook1/work/ETPattern
    write-file /Users/macbook1/Library/Developer/Xcode/DerivedData/ETPattern-ceepkkizhrfttrghnalmrcwlbsmz/Build/Intermediates.noindex/ETPattern.build/Debug-iphoneos/ETPatternCore.build/ETPatternCore.modulemap

WriteAuxiliaryFile /Users/macbook1/Library/Developer/Xcode/DerivedData/ETPattern-ceepkkizhrfttrghnalmrcwlbsmz/Build/Intermediates.noindex/ETPattern.build/Debug-iphoneos/ETPatternCore.build/ETPatternCore.DependencyStaticMetadataFileList (in target 'ETPatternCore' from project 'ETPattern' at path '/Users/macbook1/work/ETPattern/Package.swift')
    cd /Users/macbook1/work/ETPattern
    write-file /Users/macbook1/Library/Developer/Xcode/DerivedData/ETPattern-ceepkkizhrfttrghnalmrcwlbsmz/Build/Intermediates.noindex/ETPattern.build/Debug-iphoneos/ETPatternCore.build/ETPatternCore.DependencyStaticMetadataFileList

WriteAuxiliaryFile /Users/macbook1/Library/Developer/Xcode/DerivedData/ETPattern-ceepkkizhrfttrghnalmrcwlbsmz/Build/Intermediates.noindex/ETPattern.build/Debug-iphoneos/ETPatternCore.build/ETPatternCore.DependencyMetadataFileList (in target 'ETPatternCore' from project 'ETPattern' at path '/Users/macbook1/work/ETPattern/Package.swift')
    cd /Users/macbook1/work/ETPattern
    write-file /Users/macbook1/Library/Developer/Xcode/DerivedData/ETPattern-ceepkkizhrfttrghnalmrcwlbsmz/Build/Intermediates.noindex/ETPattern.build/Debug-iphoneos/ETPatternCore.build/ETPatternCore.DependencyMetadataFileList

WriteAuxiliaryFile /Users/macbook1/Library/Developer/Xcode/DerivedData/ETPattern-ceepkkizhrfttrghnalmrcwlbsmz/Build/Intermediates.noindex/ETPattern.build/Debug-iphoneos/ETPattern.build/empty-ETPattern.plist (in target 'ETPattern' from project 'ETPattern' at path '/Users/macbook1/work/ETPattern/ETPattern.xcodeproj')
    cd /Users/macbook1/work/ETPattern
    write-file /Users/macbook1/Library/Developer/Xcode/DerivedData/ETPattern-ceepkkizhrfttrghnalmrcwlbsmz/Build/Intermediates.noindex/ETPattern.build/Debug-iphoneos/ETPattern.build/empty-ETPattern.plist

WriteAuxiliaryFile /Users/macbook1/Library/Developer/Xcode/DerivedData/ETPattern-ceepkkizhrfttrghnalmrcwlbsmz/Build/Intermediates.noindex/ETPattern.build/Debug-iphoneos/ETPattern.build/Objects-normal/arm64/ETPattern_const_extract_protocols.json (in target 'ETPattern' from project 'ETPattern' at path '/Users/macbook1/work/ETPattern/ETPattern.xcodeproj')
    cd /Users/macbook1/work/ETPattern
    write-file /Users/macbook1/Library/Developer/Xcode/DerivedData/ETPattern-ceepkkizhrfttrghnalmrcwlbsmz/Build/Intermediates.noindex/ETPattern.build/Debug-iphoneos/ETPattern.build/Objects-normal/arm64/ETPattern_const_extract_protocols.json

WriteAuxiliaryFile /Users/macbook1/Library/Developer/Xcode/DerivedData/ETPattern-ceepkkizhrfttrghnalmrcwlbsmz/Build/Intermediates.noindex/ETPattern.build/Debug-iphoneos/ETPattern.build/Objects-normal/arm64/ETPattern.SwiftConstValuesFileList (in target 'ETPattern' from project 'ETPattern' at path '/Users/macbook1/work/ETPattern/ETPattern.xcodeproj')
    cd /Users/macbook1/work/ETPattern
    write-file /Users/macbook1/Library/Developer/Xcode/DerivedData/ETPattern-ceepkkizhrfttrghnalmrcwlbsmz/Build/Intermediates.noindex/ETPattern.build/Debug-iphoneos/ETPattern.build/Objects-normal/arm64/ETPattern.SwiftConstValuesFileList

WriteAuxiliaryFile /Users/macbook1/Library/Developer/Xcode/DerivedData/ETPattern-ceepkkizhrfttrghnalmrcwlbsmz/Build/Intermediates.noindex/ETPattern.build/Debug-iphoneos/ETPattern.build/Objects-normal/arm64/ETPattern.SwiftFileList (in target 'ETPattern' from project 'ETPattern' at path '/Users/macbook1/work/ETPattern/ETPattern.xcodeproj')
    cd /Users/macbook1/work/ETPattern
    write-file /Users/macbook1/Library/Developer/Xcode/DerivedData/ETPattern-ceepkkizhrfttrghnalmrcwlbsmz/Build/Intermediates.noindex/ETPattern.build/Debug-iphoneos/ETPattern.build/Objects-normal/arm64/ETPattern.SwiftFileList

WriteAuxiliaryFile /Users/macbook1/Library/Developer/Xcode/DerivedData/ETPattern-ceepkkizhrfttrghnalmrcwlbsmz/Build/Intermediates.noindex/ETPattern.build/Debug-iphoneos/ETPattern.build/Objects-normal/arm64/ETPattern.LinkFileList (in target 'ETPattern' from project 'ETPattern' at path '/Users/macbook1/work/ETPattern/ETPattern.xcodeproj')
    cd /Users/macbook1/work/ETPattern
    write-file /Users/macbook1/Library/Developer/Xcode/DerivedData/ETPattern-ceepkkizhrfttrghnalmrcwlbsmz/Build/Intermediates.noindex/ETPattern.build/Debug-iphoneos/ETPattern.build/Objects-normal/arm64/ETPattern.LinkFileList

WriteAuxiliaryFile /Users/macbook1/Library/Developer/Xcode/DerivedData/ETPattern-ceepkkizhrfttrghnalmrcwlbsmz/Build/Intermediates.noindex/ETPattern.build/Debug-iphoneos/ETPattern.build/Objects-normal/arm64/ETPattern-OutputFileMap.json (in target 'ETPattern' from project 'ETPattern' at path '/Users/macbook1/work/ETPattern/ETPattern.xcodeproj')
    cd /Users/macbook1/work/ETPattern
    write-file /Users/macbook1/Library/Developer/Xcode/DerivedData/ETPattern-ceepkkizhrfttrghnalmrcwlbsmz/Build/Intermediates.noindex/ETPattern.build/Debug-iphoneos/ETPattern.build/Objects-normal/arm64/ETPattern-OutputFileMap.json

WriteAuxiliaryFile /Users/macbook1/Library/Developer/Xcode/DerivedData/ETPattern-ceepkkizhrfttrghnalmrcwlbsmz/Build/Intermediates.noindex/ETPattern.build/Debug-iphoneos/ETPattern.build/ETPattern.hmap (in target 'ETPattern' from project 'ETPattern' at path '/Users/macbook1/work/ETPattern/ETPattern.xcodeproj')
    cd /Users/macbook1/work/ETPattern
    write-file /Users/macbook1/Library/Developer/Xcode/DerivedData/ETPattern-ceepkkizhrfttrghnalmrcwlbsmz/Build/Intermediates.noindex/ETPattern.build/Debug-iphoneos/ETPattern.build/ETPattern.hmap

WriteAuxiliaryFile /Users/macbook1/Library/Developer/Xcode/DerivedData/ETPattern-ceepkkizhrfttrghnalmrcwlbsmz/Build/Intermediates.noindex/ETPattern.build/Debug-iphoneos/ETPattern.build/ETPattern.DependencyStaticMetadataFileList (in target 'ETPattern' from project 'ETPattern' at path '/Users/macbook1/work/ETPattern/ETPattern.xcodeproj')
    cd /Users/macbook1/work/ETPattern
    write-file /Users/macbook1/Library/Developer/Xcode/DerivedData/ETPattern-ceepkkizhrfttrghnalmrcwlbsmz/Build/Intermediates.noindex/ETPattern.build/Debug-iphoneos/ETPattern.build/ETPattern.DependencyStaticMetadataFileList

WriteAuxiliaryFile /Users/macbook1/Library/Developer/Xcode/DerivedData/ETPattern-ceepkkizhrfttrghnalmrcwlbsmz/Build/Intermediates.noindex/ETPattern.build/Debug-iphoneos/ETPattern.build/ETPattern-project-headers.hmap (in target 'ETPattern' from project 'ETPattern' at path '/Users/macbook1/work/ETPattern/ETPattern.xcodeproj')
    cd /Users/macbook1/work/ETPattern
    write-file /Users/macbook1/Library/Developer/Xcode/DerivedData/ETPattern-ceepkkizhrfttrghnalmrcwlbsmz/Build/Intermediates.noindex/ETPattern.build/Debug-iphoneos/ETPattern.build/ETPattern-project-headers.hmap

WriteAuxiliaryFile /Users/macbook1/Library/Developer/Xcode/DerivedData/ETPattern-ceepkkizhrfttrghnalmrcwlbsmz/Build/Intermediates.noindex/ETPattern.build/Debug-iphoneos/ETPattern.build/ETPattern-own-target-headers.hmap (in target 'ETPattern' from project 'ETPattern' at path '/Users/macbook1/work/ETPattern/ETPattern.xcodeproj')
    cd /Users/macbook1/work/ETPattern
    write-file /Users/macbook1/Library/Developer/Xcode/DerivedData/ETPattern-ceepkkizhrfttrghnalmrcwlbsmz/Build/Intermediates.noindex/ETPattern.build/Debug-iphoneos/ETPattern.build/ETPattern-own-target-headers.hmap

WriteAuxiliaryFile /Users/macbook1/Library/Developer/Xcode/DerivedData/ETPattern-ceepkkizhrfttrghnalmrcwlbsmz/Build/Intermediates.noindex/ETPattern.build/Debug-iphoneos/ETPattern.build/ETPattern.DependencyMetadataFileList (in target 'ETPattern' from project 'ETPattern' at path '/Users/macbook1/work/ETPattern/ETPattern.xcodeproj')
    cd /Users/macbook1/work/ETPattern
    write-file /Users/macbook1/Library/Developer/Xcode/DerivedData/ETPattern-ceepkkizhrfttrghnalmrcwlbsmz/Build/Intermediates.noindex/ETPattern.build/Debug-iphoneos/ETPattern.build/ETPattern.DependencyMetadataFileList

Copy /Users/macbook1/Library/Developer/Xcode/DerivedData/ETPattern-ceepkkizhrfttrghnalmrcwlbsmz/Build/Intermediates.noindex/GeneratedModuleMaps-iphoneos/ETPatternCore.modulemap /Users/macbook1/Library/Developer/Xcode/DerivedData/ETPattern-ceepkkizhrfttrghnalmrcwlbsmz/Build/Intermediates.noindex/ETPattern.build/Debug-iphoneos/ETPatternCore.build/ETPatternCore.modulemap (in target 'ETPatternCore' from project 'ETPattern' at path '/Users/macbook1/work/ETPattern/Package.swift')
    cd /Users/macbook1/work/ETPattern
    builtin-copy -exclude .DS_Store -exclude CVS -exclude .svn -exclude .git -exclude .hg -resolve-src-symlinks /Users/macbook1/Library/Developer/Xcode/DerivedData/ETPattern-ceepkkizhrfttrghnalmrcwlbsmz/Build/Intermediates.noindex/ETPattern.build/Debug-iphoneos/ETPatternCore.build/ETPatternCore.modulemap /Users/macbook1/Library/Developer/Xcode/DerivedData/ETPattern-ceepkkizhrfttrghnalmrcwlbsmz/Build/Intermediates.noindex/GeneratedModuleMaps-iphoneos

WriteAuxiliaryFile /Users/macbook1/Library/Developer/Xcode/DerivedData/ETPattern-ceepkkizhrfttrghnalmrcwlbsmz/Build/Intermediates.noindex/ETPattern.build/Debug-iphoneos/ETPattern.build/ETPattern-generated-files.hmap (in target 'ETPattern' from project 'ETPattern' at path '/Users/macbook1/work/ETPattern/ETPattern.xcodeproj')
    cd /Users/macbook1/work/ETPattern
    write-file /Users/macbook1/Library/Developer/Xcode/DerivedData/ETPattern-ceepkkizhrfttrghnalmrcwlbsmz/Build/Intermediates.noindex/ETPattern.build/Debug-iphoneos/ETPattern.build/ETPattern-generated-files.hmap

WriteAuxiliaryFile /Users/macbook1/Library/Developer/Xcode/DerivedData/ETPattern-ceepkkizhrfttrghnalmrcwlbsmz/Build/Intermediates.noindex/ETPattern.build/Debug-iphoneos/ETPattern.build/ETPattern-all-target-headers.hmap (in target 'ETPattern' from project 'ETPattern' at path '/Users/macbook1/work/ETPattern/ETPattern.xcodeproj')
    cd /Users/macbook1/work/ETPattern
    write-file /Users/macbook1/Library/Developer/Xcode/DerivedData/ETPattern-ceepkkizhrfttrghnalmrcwlbsmz/Build/Intermediates.noindex/ETPattern.build/Debug-iphoneos/ETPattern.build/ETPattern-all-target-headers.hmap

WriteAuxiliaryFile /Users/macbook1/Library/Developer/Xcode/DerivedData/ETPattern-ceepkkizhrfttrghnalmrcwlbsmz/Build/Intermediates.noindex/ETPattern.build/Debug-iphoneos/ETPattern.build/ETPattern-all-non-framework-target-headers.hmap (in target 'ETPattern' from project 'ETPattern' at path '/Users/macbook1/work/ETPattern/ETPattern.xcodeproj')
    cd /Users/macbook1/work/ETPattern
    write-file /Users/macbook1/Library/Developer/Xcode/DerivedData/ETPattern-ceepkkizhrfttrghnalmrcwlbsmz/Build/Intermediates.noindex/ETPattern.build/Debug-iphoneos/ETPattern.build/ETPattern-all-non-framework-target-headers.hmap

WriteAuxiliaryFile /Users/macbook1/Library/Developer/Xcode/DerivedData/ETPattern-ceepkkizhrfttrghnalmrcwlbsmz/Build/Intermediates.noindex/ETPattern.build/Debug-iphoneos/ETPattern.build/ETPattern-DebugDylibPath-normal-arm64.txt (in target 'ETPattern' from project 'ETPattern' at path '/Users/macbook1/work/ETPattern/ETPattern.xcodeproj')
    cd /Users/macbook1/work/ETPattern
    write-file /Users/macbook1/Library/Developer/Xcode/DerivedData/ETPattern-ceepkkizhrfttrghnalmrcwlbsmz/Build/Intermediates.noindex/ETPattern.build/Debug-iphoneos/ETPattern.build/ETPattern-DebugDylibPath-normal-arm64.txt

WriteAuxiliaryFile /Users/macbook1/Library/Developer/Xcode/DerivedData/ETPattern-ceepkkizhrfttrghnalmrcwlbsmz/Build/Intermediates.noindex/ETPattern.build/Debug-iphoneos/ETPattern.build/ETPattern-DebugDylibInstallName-normal-arm64.txt (in target 'ETPattern' from project 'ETPattern' at path '/Users/macbook1/work/ETPattern/ETPattern.xcodeproj')
    cd /Users/macbook1/work/ETPattern
    write-file /Users/macbook1/Library/Developer/Xcode/DerivedData/ETPattern-ceepkkizhrfttrghnalmrcwlbsmz/Build/Intermediates.noindex/ETPattern.build/Debug-iphoneos/ETPattern.build/ETPattern-DebugDylibInstallName-normal-arm64.txt

WriteAuxiliaryFile /Users/macbook1/Library/Developer/Xcode/DerivedData/ETPattern-ceepkkizhrfttrghnalmrcwlbsmz/Build/Intermediates.noindex/ETPattern.build/Debug-iphoneos/ETPattern.build/DerivedSources/Entitlements.plist (in target 'ETPattern' from project 'ETPattern' at path '/Users/macbook1/work/ETPattern/ETPattern.xcodeproj')
    cd /Users/macbook1/work/ETPattern
    write-file /Users/macbook1/Library/Developer/Xcode/DerivedData/ETPattern-ceepkkizhrfttrghnalmrcwlbsmz/Build/Intermediates.noindex/ETPattern.build/Debug-iphoneos/ETPattern.build/DerivedSources/Entitlements.plist

MkDir /Users/macbook1/Library/Developer/Xcode/DerivedData/ETPattern-ceepkkizhrfttrghnalmrcwlbsmz/Build/Products/Debug-iphoneos/ETPattern.app (in target 'ETPattern' from project 'ETPattern' at path '/Users/macbook1/work/ETPattern/ETPattern.xcodeproj')
    cd /Users/macbook1/work/ETPattern
    /bin/mkdir -p /Users/macbook1/Library/Developer/Xcode/DerivedData/ETPattern-ceepkkizhrfttrghnalmrcwlbsmz/Build/Products/Debug-iphoneos/ETPattern.app

SwiftDriver ETPatternModels normal arm64 com.apple.xcode.tools.swift.compiler (in target 'ETPatternModels' from project 'ETPattern' at path '/Users/macbook1/work/ETPattern/Package.swift')
    cd /Users/macbook1/work/ETPattern/ETPattern.xcodeproj
    builtin-SwiftDriver -- /Applications/Xcode.app/Contents/Developer/Toolchains/XcodeDefault.xctoolchain/usr/bin/swiftc -module-name ETPatternModels -Onone -enforce-exclusivity\=checked @/Users/macbook1/Library/Developer/Xcode/DerivedData/ETPattern-ceepkkizhrfttrghnalmrcwlbsmz/Build/Intermediates.noindex/ETPattern.build/Debug-iphoneos/ETPatternModels.build/Objects-normal/arm64/ETPatternModels.SwiftFileList -DSWIFT_PACKAGE -DDEBUG -DSWIFT_MODULE_RESOURCE_BUNDLE_UNAVAILABLE -DXcode -plugin-path /Applications/Xcode.app/Contents/Developer/Toolchains/XcodeDefault.xctoolchain/usr/lib/swift/host/plugins/testing -enable-experimental-feature DebugDescriptionMacro -sdk /Applications/Xcode.app/Contents/Developer/Platforms/iPhoneOS.platform/Developer/SDKs/iPhoneOS26.2.sdk -target arm64-apple-ios18.0 -g -module-cache-path /Users/macbook1/Library/Developer/Xcode/DerivedData/ModuleCache.noindex -Xfrontend -serialize-debugging-options -enable-testing -suppress-warnings -index-store-path /Users/macbook1/Library/Developer/Xcode/DerivedData/ETPattern-ceepkkizhrfttrghnalmrcwlbsmz/Index.noindex/DataStore -Xcc -D_LIBCPP_HARDENING_MODE\=_LIBCPP_HARDENING_MODE_DEBUG -swift-version 6 -I /Users/macbook1/Library/Developer/Xcode/DerivedData/ETPattern-ceepkkizhrfttrghnalmrcwlbsmz/Build/Products/Debug-iphoneos -Isystem /Applications/Xcode.app/Contents/Developer/Platforms/iPhoneOS.platform/Developer/usr/lib -F /Users/macbook1/Library/Developer/Xcode/DerivedData/ETPattern-ceepkkizhrfttrghnalmrcwlbsmz/Build/Products/Debug-iphoneos -F /Applications/Xcode.app/Contents/Developer/Platforms/iPhoneOS.platform/Developer/Library/Frameworks -F /Applications/Xcode.app/Contents/Developer/Platforms/iPhoneOS.platform/Developer/SDKs/iPhoneOS26.2.sdk/Developer/Library/Frameworks -c -j12 -enable-batch-mode -incremental -Xcc -ivfsstatcache -Xcc /Users/macbook1/Library/Developer/Xcode/DerivedData/SDKStatCaches.noindex/iphoneos26.2-23C53-3885c01c3e6b6a337905948deab2002e3794476bd08197c3e2abd9bb477ef7f7.sdkstatcache -output-file-map /Users/macbook1/Library/Developer/Xcode/DerivedData/ETPattern-ceepkkizhrfttrghnalmrcwlbsmz/Build/Intermediates.noindex/ETPattern.build/Debug-iphoneos/ETPatternModels.build/Objects-normal/arm64/ETPatternModels-OutputFileMap.json -use-frontend-parseable-output -save-temps -no-color-diagnostics -explicit-module-build -module-cache-path /Users/macbook1/Library/Developer/Xcode/DerivedData/ETPattern-ceepkkizhrfttrghnalmrcwlbsmz/Build/Intermediates.noindex/SwiftExplicitPrecompiledModules -clang-scanner-module-cache-path /Users/macbook1/Library/Developer/Xcode/DerivedData/ModuleCache.noindex -sdk-module-cache-path /Users/macbook1/Library/Developer/Xcode/DerivedData/ModuleCache.noindex -serialize-diagnostics -emit-dependencies -emit-module -emit-module-path /Users/macbook1/Library/Developer/Xcode/DerivedData/ETPattern-ceepkkizhrfttrghnalmrcwlbsmz/Build/Intermediates.noindex/ETPattern.build/Debug-iphoneos/ETPatternModels.build/Objects-normal/arm64/ETPatternModels.swiftmodule -validate-clang-modules-once -clang-build-session-file /Users/macbook1/Library/Developer/Xcode/DerivedData/ModuleCache.noindex/Session.modulevalidation -package-name etpattern -Xcc -I/Users/macbook1/Library/Developer/Xcode/DerivedData/ETPattern-ceepkkizhrfttrghnalmrcwlbsmz/Build/Intermediates.noindex/ETPattern.build/Debug-iphoneos/ETPatternModels.build/swift-overrides.hmap -emit-const-values -Xfrontend -const-gather-protocols-file -Xfrontend /Users/macbook1/Library/Developer/Xcode/DerivedData/ETPattern-ceepkkizhrfttrghnalmrcwlbsmz/Build/Intermediates.noindex/ETPattern.build/Debug-iphoneos/ETPatternModels.build/Objects-normal/arm64/ETPatternModels_const_extract_protocols.json -Xcc -I/Users/macbook1/Library/Developer/Xcode/DerivedData/ETPattern-ceepkkizhrfttrghnalmrcwlbsmz/Build/Products/Debug-iphoneos/include -Xcc -I/Users/macbook1/Library/Developer/Xcode/DerivedData/ETPattern-ceepkkizhrfttrghnalmrcwlbsmz/Build/Intermediates.noindex/ETPattern.build/Debug-iphoneos/ETPatternModels.build/DerivedSources-normal/arm64 -Xcc -I/Users/macbook1/Library/Developer/Xcode/DerivedData/ETPattern-ceepkkizhrfttrghnalmrcwlbsmz/Build/Intermediates.noindex/ETPattern.build/Debug-iphoneos/ETPatternModels.build/DerivedSources/arm64 -Xcc -I/Users/macbook1/Library/Developer/Xcode/DerivedData/ETPattern-ceepkkizhrfttrghnalmrcwlbsmz/Build/Intermediates.noindex/ETPattern.build/Debug-iphoneos/ETPatternModels.build/DerivedSources -Xcc -DSWIFT_PACKAGE -Xcc -DDEBUG\=1 -emit-objc-header -emit-objc-header-path /Users/macbook1/Library/Developer/Xcode/DerivedData/ETPattern-ceepkkizhrfttrghnalmrcwlbsmz/Build/Intermediates.noindex/ETPattern.build/Debug-iphoneos/ETPatternModels.build/Objects-normal/arm64/ETPatternModels-Swift.h -working-directory /Users/macbook1/work/ETPattern/ETPattern.xcodeproj -experimental-emit-module-separately -disable-cmo

SwiftEmitModule normal arm64 Emitting\ module\ for\ ETPatternModels (in target 'ETPatternModels' from project 'ETPattern' at path '/Users/macbook1/work/ETPattern/Package.swift')

EmitSwiftModule normal arm64 (in target 'ETPatternModels' from project 'ETPattern' at path '/Users/macbook1/work/ETPattern/Package.swift')
    cd /Users/macbook1/work/ETPattern/ETPattern.xcodeproj
    

SwiftCompile normal arm64 Compiling\ CardSet.swift /Users/macbook1/work/ETPattern/Sources/ETPatternModels/CardSet.swift (in target 'ETPatternModels' from project 'ETPattern' at path '/Users/macbook1/work/ETPattern/Package.swift')

SwiftCompile normal arm64 /Users/macbook1/work/ETPattern/Sources/ETPatternModels/CardSet.swift (in target 'ETPatternModels' from project 'ETPattern' at path '/Users/macbook1/work/ETPattern/Package.swift')
    cd /Users/macbook1/work/ETPattern/ETPattern.xcodeproj
    

SwiftCompile normal arm64 Compiling\ StudySession.swift /Users/macbook1/work/ETPattern/Sources/ETPatternModels/StudySession.swift (in target 'ETPatternModels' from project 'ETPattern' at path '/Users/macbook1/work/ETPattern/Package.swift')
SwiftCompile normal arm64 /Users/macbook1/work/ETPattern/Sources/ETPatternModels/StudySession.swift (in target 'ETPatternModels' from project 'ETPattern' at path '/Users/macbook1/work/ETPattern/Package.swift')
    cd /Users/macbook1/work/ETPattern/ETPattern.xcodeproj
    

SwiftCompile normal arm64 Compiling\ ReviewLog.swift /Users/macbook1/work/ETPattern/Sources/ETPatternModels/ReviewLog.swift (in target 'ETPatternModels' from project 'ETPattern' at path '/Users/macbook1/work/ETPattern/Package.swift')

SwiftCompile normal arm64 /Users/macbook1/work/ETPattern/Sources/ETPatternModels/ReviewLog.swift (in target 'ETPatternModels' from project 'ETPattern' at path '/Users/macbook1/work/ETPattern/Package.swift')
    cd /Users/macbook1/work/ETPattern/ETPattern.xcodeproj
    

SwiftCompile normal arm64 Compiling\ DifficultyRating.swift /Users/macbook1/work/ETPattern/Sources/ETPatternModels/DifficultyRating.swift (in target 'ETPatternModels' from project 'ETPattern' at path '/Users/macbook1/work/ETPattern/Package.swift')

SwiftCompile normal arm64 /Users/macbook1/work/ETPattern/Sources/ETPatternModels/DifficultyRating.swift (in target 'ETPatternModels' from project 'ETPattern' at path '/Users/macbook1/work/ETPattern/Package.swift')
    cd /Users/macbook1/work/ETPattern/ETPattern.xcodeproj
    

SwiftCompile normal arm64 Compiling\ Card.swift /Users/macbook1/work/ETPattern/Sources/ETPatternModels/Card.swift (in target 'ETPatternModels' from project 'ETPattern' at path '/Users/macbook1/work/ETPattern/Package.swift')
SwiftCompile normal arm64 /Users/macbook1/work/ETPattern/Sources/ETPatternModels/Card.swift (in target 'ETPatternModels' from project 'ETPattern' at path '/Users/macbook1/work/ETPattern/Package.swift')
    cd /Users/macbook1/work/ETPattern/ETPattern.xcodeproj
    

SwiftDriverJobDiscovery normal arm64 Compiling DifficultyRating.swift (in target 'ETPatternModels' from project 'ETPattern' at path '/Users/macbook1/work/ETPattern/Package.swift')

SwiftDriverJobDiscovery normal arm64 Compiling CardSet.swift (in target 'ETPatternModels' from project 'ETPattern' at path '/Users/macbook1/work/ETPattern/Package.swift')

SwiftDriverJobDiscovery normal arm64 Emitting module for ETPatternModels (in target 'ETPatternModels' from project 'ETPattern' at path '/Users/macbook1/work/ETPattern/Package.swift')

SwiftDriver\ Compilation\ Requirements ETPatternModels normal arm64 com.apple.xcode.tools.swift.compiler (in target 'ETPatternModels' from project 'ETPattern' at path '/Users/macbook1/work/ETPattern/Package.swift')
    cd /Users/macbook1/work/ETPattern/ETPattern.xcodeproj
    builtin-Swift-Compilation-Requirements -- /Applications/Xcode.app/Contents/Developer/Toolchains/XcodeDefault.xctoolchain/usr/bin/swiftc -module-name ETPatternModels -Onone -enforce-exclusivity\=checked @/Users/macbook1/Library/Developer/Xcode/DerivedData/ETPattern-ceepkkizhrfttrghnalmrcwlbsmz/Build/Intermediates.noindex/ETPattern.build/Debug-iphoneos/ETPatternModels.build/Objects-normal/arm64/ETPatternModels.SwiftFileList -DSWIFT_PACKAGE -DDEBUG -DSWIFT_MODULE_RESOURCE_BUNDLE_UNAVAILABLE -DXcode -plugin-path /Applications/Xcode.app/Contents/Developer/Toolchains/XcodeDefault.xctoolchain/usr/lib/swift/host/plugins/testing -enable-experimental-feature DebugDescriptionMacro -sdk /Applications/Xcode.app/Contents/Developer/Platforms/iPhoneOS.platform/Developer/SDKs/iPhoneOS26.2.sdk -target arm64-apple-ios18.0 -g -module-cache-path /Users/macbook1/Library/Developer/Xcode/DerivedData/ModuleCache.noindex -Xfrontend -serialize-debugging-options -enable-testing -suppress-warnings -index-store-path /Users/macbook1/Library/Developer/Xcode/DerivedData/ETPattern-ceepkkizhrfttrghnalmrcwlbsmz/Index.noindex/DataStore -Xcc -D_LIBCPP_HARDENING_MODE\=_LIBCPP_HARDENING_MODE_DEBUG -swift-version 6 -I /Users/macbook1/Library/Developer/Xcode/DerivedData/ETPattern-ceepkkizhrfttrghnalmrcwlbsmz/Build/Products/Debug-iphoneos -Isystem /Applications/Xcode.app/Contents/Developer/Platforms/iPhoneOS.platform/Developer/usr/lib -F /Users/macbook1/Library/Developer/Xcode/DerivedData/ETPattern-ceepkkizhrfttrghnalmrcwlbsmz/Build/Products/Debug-iphoneos -F /Applications/Xcode.app/Contents/Developer/Platforms/iPhoneOS.platform/Developer/Library/Frameworks -F /Applications/Xcode.app/Contents/Developer/Platforms/iPhoneOS.platform/Developer/SDKs/iPhoneOS26.2.sdk/Developer/Library/Frameworks -c -j12 -enable-batch-mode -incremental -Xcc -ivfsstatcache -Xcc /Users/macbook1/Library/Developer/Xcode/DerivedData/SDKStatCaches.noindex/iphoneos26.2-23C53-3885c01c3e6b6a337905948deab2002e3794476bd08197c3e2abd9bb477ef7f7.sdkstatcache -output-file-map /Users/macbook1/Library/Developer/Xcode/DerivedData/ETPattern-ceepkkizhrfttrghnalmrcwlbsmz/Build/Intermediates.noindex/ETPattern.build/Debug-iphoneos/ETPatternModels.build/Objects-normal/arm64/ETPatternModels-OutputFileMap.json -use-frontend-parseable-output -save-temps -no-color-diagnostics -explicit-module-build -module-cache-path /Users/macbook1/Library/Developer/Xcode/DerivedData/ETPattern-ceepkkizhrfttrghnalmrcwlbsmz/Build/Intermediates.noindex/SwiftExplicitPrecompiledModules -clang-scanner-module-cache-path /Users/macbook1/Library/Developer/Xcode/DerivedData/ModuleCache.noindex -sdk-module-cache-path /Users/macbook1/Library/Developer/Xcode/DerivedData/ModuleCache.noindex -serialize-diagnostics -emit-dependencies -emit-module -emit-module-path /Users/macbook1/Library/Developer/Xcode/DerivedData/ETPattern-ceepkkizhrfttrghnalmrcwlbsmz/Build/Intermediates.noindex/ETPattern.build/Debug-iphoneos/ETPatternModels.build/Objects-normal/arm64/ETPatternModels.swiftmodule -validate-clang-modules-once -clang-build-session-file /Users/macbook1/Library/Developer/Xcode/DerivedData/ModuleCache.noindex/Session.modulevalidation -package-name etpattern -Xcc -I/Users/macbook1/Library/Developer/Xcode/DerivedData/ETPattern-ceepkkizhrfttrghnalmrcwlbsmz/Build/Intermediates.noindex/ETPattern.build/Debug-iphoneos/ETPatternModels.build/swift-overrides.hmap -emit-const-values -Xfrontend -const-gather-protocols-file -Xfrontend /Users/macbook1/Library/Developer/Xcode/DerivedData/ETPattern-ceepkkizhrfttrghnalmrcwlbsmz/Build/Intermediates.noindex/ETPattern.build/Debug-iphoneos/ETPatternModels.build/Objects-normal/arm64/ETPatternModels_const_extract_protocols.json -Xcc -I/Users/macbook1/Library/Developer/Xcode/DerivedData/ETPattern-ceepkkizhrfttrghnalmrcwlbsmz/Build/Products/Debug-iphoneos/include -Xcc -I/Users/macbook1/Library/Developer/Xcode/DerivedData/ETPattern-ceepkkizhrfttrghnalmrcwlbsmz/Build/Intermediates.noindex/ETPattern.build/Debug-iphoneos/ETPatternModels.build/DerivedSources-normal/arm64 -Xcc -I/Users/macbook1/Library/Developer/Xcode/DerivedData/ETPattern-ceepkkizhrfttrghnalmrcwlbsmz/Build/Intermediates.noindex/ETPattern.build/Debug-iphoneos/ETPatternModels.build/DerivedSources/arm64 -Xcc -I/Users/macbook1/Library/Developer/Xcode/DerivedData/ETPattern-ceepkkizhrfttrghnalmrcwlbsmz/Build/Intermediates.noindex/ETPattern.build/Debug-iphoneos/ETPatternModels.build/DerivedSources -Xcc -DSWIFT_PACKAGE -Xcc -DDEBUG\=1 -emit-objc-header -emit-objc-header-path /Users/macbook1/Library/Developer/Xcode/DerivedData/ETPattern-ceepkkizhrfttrghnalmrcwlbsmz/Build/Intermediates.noindex/ETPattern.build/Debug-iphoneos/ETPatternModels.build/Objects-normal/arm64/ETPatternModels-Swift.h -working-directory /Users/macbook1/work/ETPattern/ETPattern.xcodeproj -experimental-emit-module-separately -disable-cmo

SwiftMergeGeneratedHeaders /Users/macbook1/Library/Developer/Xcode/DerivedData/ETPattern-ceepkkizhrfttrghnalmrcwlbsmz/Build/Intermediates.noindex/GeneratedModuleMaps-iphoneos/ETPatternModels-Swift.h /Users/macbook1/Library/Developer/Xcode/DerivedData/ETPattern-ceepkkizhrfttrghnalmrcwlbsmz/Build/Intermediates.noindex/ETPattern.build/Debug-iphoneos/ETPatternModels.build/Objects-normal/arm64/ETPatternModels-Swift.h (in target 'ETPatternModels' from project 'ETPattern' at path '/Users/macbook1/work/ETPattern/Package.swift')
    cd /Users/macbook1/work/ETPattern
    builtin-swiftHeaderTool -arch arm64 /Users/macbook1/Library/Developer/Xcode/DerivedData/ETPattern-ceepkkizhrfttrghnalmrcwlbsmz/Build/Intermediates.noindex/ETPattern.build/Debug-iphoneos/ETPatternModels.build/Objects-normal/arm64/ETPatternModels-Swift.h -o /Users/macbook1/Library/Developer/Xcode/DerivedData/ETPattern-ceepkkizhrfttrghnalmrcwlbsmz/Build/Intermediates.noindex/GeneratedModuleMaps-iphoneos/ETPatternModels-Swift.h

Copy /Users/macbook1/Library/Developer/Xcode/DerivedData/ETPattern-ceepkkizhrfttrghnalmrcwlbsmz/Build/Products/Debug-iphoneos/ETPatternModels.swiftmodule/arm64-apple-ios.swiftdoc /Users/macbook1/Library/Developer/Xcode/DerivedData/ETPattern-ceepkkizhrfttrghnalmrcwlbsmz/Build/Intermediates.noindex/ETPattern.build/Debug-iphoneos/ETPatternModels.build/Objects-normal/arm64/ETPatternModels.swiftdoc (in target 'ETPatternModels' from project 'ETPattern' at path '/Users/macbook1/work/ETPattern/Package.swift')
    cd /Users/macbook1/work/ETPattern
    builtin-copy -exclude .DS_Store -exclude CVS -exclude .svn -exclude .git -exclude .hg -resolve-src-symlinks -rename /Users/macbook1/Library/Developer/Xcode/DerivedData/ETPattern-ceepkkizhrfttrghnalmrcwlbsmz/Build/Intermediates.noindex/ETPattern.build/Debug-iphoneos/ETPatternModels.build/Objects-normal/arm64/ETPatternModels.swiftdoc /Users/macbook1/Library/Developer/Xcode/DerivedData/ETPattern-ceepkkizhrfttrghnalmrcwlbsmz/Build/Products/Debug-iphoneos/ETPatternModels.swiftmodule/arm64-apple-ios.swiftdoc

Copy /Users/macbook1/Library/Developer/Xcode/DerivedData/ETPattern-ceepkkizhrfttrghnalmrcwlbsmz/Build/Products/Debug-iphoneos/ETPatternModels.swiftmodule/arm64-apple-ios.swiftmodule /Users/macbook1/Library/Developer/Xcode/DerivedData/ETPattern-ceepkkizhrfttrghnalmrcwlbsmz/Build/Intermediates.noindex/ETPattern.build/Debug-iphoneos/ETPatternModels.build/Objects-normal/arm64/ETPatternModels.swiftmodule (in target 'ETPatternModels' from project 'ETPattern' at path '/Users/macbook1/work/ETPattern/Package.swift')
    cd /Users/macbook1/work/ETPattern
    builtin-copy -exclude .DS_Store -exclude CVS -exclude .svn -exclude .git -exclude .hg -resolve-src-symlinks -rename /Users/macbook1/Library/Developer/Xcode/DerivedData/ETPattern-ceepkkizhrfttrghnalmrcwlbsmz/Build/Intermediates.noindex/ETPattern.build/Debug-iphoneos/ETPatternModels.build/Objects-normal/arm64/ETPatternModels.swiftmodule /Users/macbook1/Library/Developer/Xcode/DerivedData/ETPattern-ceepkkizhrfttrghnalmrcwlbsmz/Build/Products/Debug-iphoneos/ETPatternModels.swiftmodule/arm64-apple-ios.swiftmodule

Copy /Users/macbook1/Library/Developer/Xcode/DerivedData/ETPattern-ceepkkizhrfttrghnalmrcwlbsmz/Build/Products/Debug-iphoneos/ETPatternModels.swiftmodule/arm64-apple-ios.abi.json /Users/macbook1/Library/Developer/Xcode/DerivedData/ETPattern-ceepkkizhrfttrghnalmrcwlbsmz/Build/Intermediates.noindex/ETPattern.build/Debug-iphoneos/ETPatternModels.build/Objects-normal/arm64/ETPatternModels.abi.json (in target 'ETPatternModels' from project 'ETPattern' at path '/Users/macbook1/work/ETPattern/Package.swift')
    cd /Users/macbook1/work/ETPattern
    builtin-copy -exclude .DS_Store -exclude CVS -exclude .svn -exclude .git -exclude .hg -resolve-src-symlinks -rename /Users/macbook1/Library/Developer/Xcode/DerivedData/ETPattern-ceepkkizhrfttrghnalmrcwlbsmz/Build/Intermediates.noindex/ETPattern.build/Debug-iphoneos/ETPatternModels.build/Objects-normal/arm64/ETPatternModels.abi.json /Users/macbook1/Library/Developer/Xcode/DerivedData/ETPattern-ceepkkizhrfttrghnalmrcwlbsmz/Build/Products/Debug-iphoneos/ETPatternModels.swiftmodule/arm64-apple-ios.abi.json

Copy /Users/macbook1/Library/Developer/Xcode/DerivedData/ETPattern-ceepkkizhrfttrghnalmrcwlbsmz/Build/Products/Debug-iphoneos/ETPatternModels.swiftmodule/Project/arm64-apple-ios.swiftsourceinfo /Users/macbook1/Library/Developer/Xcode/DerivedData/ETPattern-ceepkkizhrfttrghnalmrcwlbsmz/Build/Intermediates.noindex/ETPattern.build/Debug-iphoneos/ETPatternModels.build/Objects-normal/arm64/ETPatternModels.swiftsourceinfo (in target 'ETPatternModels' from project 'ETPattern' at path '/Users/macbook1/work/ETPattern/Package.swift')
    cd /Users/macbook1/work/ETPattern
    builtin-copy -exclude .DS_Store -exclude CVS -exclude .svn -exclude .git -exclude .hg -resolve-src-symlinks -rename /Users/macbook1/Library/Developer/Xcode/DerivedData/ETPattern-ceepkkizhrfttrghnalmrcwlbsmz/Build/Intermediates.noindex/ETPattern.build/Debug-iphoneos/ETPatternModels.build/Objects-normal/arm64/ETPatternModels.swiftsourceinfo /Users/macbook1/Library/Developer/Xcode/DerivedData/ETPattern-ceepkkizhrfttrghnalmrcwlbsmz/Build/Products/Debug-iphoneos/ETPatternModels.swiftmodule/Project/arm64-apple-ios.swiftsourceinfo

SwiftDriver ETPatternCore normal arm64 com.apple.xcode.tools.swift.compiler (in target 'ETPatternCore' from project 'ETPattern' at path '/Users/macbook1/work/ETPattern/Package.swift')
    cd /Users/macbook1/work/ETPattern/ETPattern.xcodeproj
    builtin-SwiftDriver -- /Applications/Xcode.app/Contents/Developer/Toolchains/XcodeDefault.xctoolchain/usr/bin/swiftc -module-name ETPatternCore -Onone -enforce-exclusivity\=checked @/Users/macbook1/Library/Developer/Xcode/DerivedData/ETPattern-ceepkkizhrfttrghnalmrcwlbsmz/Build/Intermediates.noindex/ETPattern.build/Debug-iphoneos/ETPatternCore.build/Objects-normal/arm64/ETPatternCore.SwiftFileList -DSWIFT_PACKAGE -DDEBUG -DSWIFT_MODULE_RESOURCE_BUNDLE_UNAVAILABLE -DXcode -plugin-path /Applications/Xcode.app/Contents/Developer/Toolchains/XcodeDefault.xctoolchain/usr/lib/swift/host/plugins/testing -enable-experimental-feature DebugDescriptionMacro -sdk /Applications/Xcode.app/Contents/Developer/Platforms/iPhoneOS.platform/Developer/SDKs/iPhoneOS26.2.sdk -target arm64-apple-ios18.0 -g -module-cache-path /Users/macbook1/Library/Developer/Xcode/DerivedData/ModuleCache.noindex -Xfrontend -serialize-debugging-options -enable-testing -suppress-warnings -index-store-path /Users/macbook1/Library/Developer/Xcode/DerivedData/ETPattern-ceepkkizhrfttrghnalmrcwlbsmz/Index.noindex/DataStore -Xcc -D_LIBCPP_HARDENING_MODE\=_LIBCPP_HARDENING_MODE_DEBUG -swift-version 6 -I /Users/macbook1/Library/Developer/Xcode/DerivedData/ETPattern-ceepkkizhrfttrghnalmrcwlbsmz/Build/Products/Debug-iphoneos -Isystem /Applications/Xcode.app/Contents/Developer/Platforms/iPhoneOS.platform/Developer/usr/lib -F /Users/macbook1/Library/Developer/Xcode/DerivedData/ETPattern-ceepkkizhrfttrghnalmrcwlbsmz/Build/Products/Debug-iphoneos/PackageFrameworks -F /Users/macbook1/Library/Developer/Xcode/DerivedData/ETPattern-ceepkkizhrfttrghnalmrcwlbsmz/Build/Products/Debug-iphoneos -F /Applications/Xcode.app/Contents/Developer/Platforms/iPhoneOS.platform/Developer/Library/Frameworks -F /Applications/Xcode.app/Contents/Developer/Platforms/iPhoneOS.platform/Developer/SDKs/iPhoneOS26.2.sdk/Developer/Library/Frameworks -c -j12 -enable-batch-mode -incremental -Xcc -ivfsstatcache -Xcc /Users/macbook1/Library/Developer/Xcode/DerivedData/SDKStatCaches.noindex/iphoneos26.2-23C53-3885c01c3e6b6a337905948deab2002e3794476bd08197c3e2abd9bb477ef7f7.sdkstatcache -output-file-map /Users/macbook1/Library/Developer/Xcode/DerivedData/ETPattern-ceepkkizhrfttrghnalmrcwlbsmz/Build/Intermediates.noindex/ETPattern.build/Debug-iphoneos/ETPatternCore.build/Objects-normal/arm64/ETPatternCore-OutputFileMap.json -use-frontend-parseable-output -save-temps -no-color-diagnostics -explicit-module-build -module-cache-path /Users/macbook1/Library/Developer/Xcode/DerivedData/ETPattern-ceepkkizhrfttrghnalmrcwlbsmz/Build/Intermediates.noindex/SwiftExplicitPrecompiledModules -clang-scanner-module-cache-path /Users/macbook1/Library/Developer/Xcode/DerivedData/ModuleCache.noindex -sdk-module-cache-path /Users/macbook1/Library/Developer/Xcode/DerivedData/ModuleCache.noindex -serialize-diagnostics -emit-dependencies -emit-module -emit-module-path /Users/macbook1/Library/Developer/Xcode/DerivedData/ETPattern-ceepkkizhrfttrghnalmrcwlbsmz/Build/Intermediates.noindex/ETPattern.build/Debug-iphoneos/ETPatternCore.build/Objects-normal/arm64/ETPatternCore.swiftmodule -validate-clang-modules-once -clang-build-session-file /Users/macbook1/Library/Developer/Xcode/DerivedData/ModuleCache.noindex/Session.modulevalidation -package-name etpattern -Xcc -I/Users/macbook1/Library/Developer/Xcode/DerivedData/ETPattern-ceepkkizhrfttrghnalmrcwlbsmz/Build/Intermediates.noindex/ETPattern.build/Debug-iphoneos/ETPatternCore.build/swift-overrides.hmap -emit-const-values -Xfrontend -const-gather-protocols-file -Xfrontend /Users/macbook1/Library/Developer/Xcode/DerivedData/ETPattern-ceepkkizhrfttrghnalmrcwlbsmz/Build/Intermediates.noindex/ETPattern.build/Debug-iphoneos/ETPatternCore.build/Objects-normal/arm64/ETPatternCore_const_extract_protocols.json -Xcc -I/Users/macbook1/Library/Developer/Xcode/DerivedData/ETPattern-ceepkkizhrfttrghnalmrcwlbsmz/Build/Products/Debug-iphoneos/include -Xcc -I/Users/macbook1/Library/Developer/Xcode/DerivedData/ETPattern-ceepkkizhrfttrghnalmrcwlbsmz/Build/Intermediates.noindex/ETPattern.build/Debug-iphoneos/ETPatternCore.build/DerivedSources-normal/arm64 -Xcc -I/Users/macbook1/Library/Developer/Xcode/DerivedData/ETPattern-ceepkkizhrfttrghnalmrcwlbsmz/Build/Intermediates.noindex/ETPattern.build/Debug-iphoneos/ETPatternCore.build/DerivedSources/arm64 -Xcc -I/Users/macbook1/Library/Developer/Xcode/DerivedData/ETPattern-ceepkkizhrfttrghnalmrcwlbsmz/Build/Intermediates.noindex/ETPattern.build/Debug-iphoneos/ETPatternCore.build/DerivedSources -Xcc -DSWIFT_PACKAGE -Xcc -DDEBUG\=1 -emit-objc-header -emit-objc-header-path /Users/macbook1/Library/Developer/Xcode/DerivedData/ETPattern-ceepkkizhrfttrghnalmrcwlbsmz/Build/Intermediates.noindex/ETPattern.build/Debug-iphoneos/ETPatternCore.build/Objects-normal/arm64/ETPatternCore-Swift.h -working-directory /Users/macbook1/work/ETPattern/ETPattern.xcodeproj -experimental-emit-module-separately -disable-cmo

SwiftDriverJobDiscovery normal arm64 Compiling ReviewLog.swift (in target 'ETPatternModels' from project 'ETPattern' at path '/Users/macbook1/work/ETPattern/Package.swift')

SwiftDriverJobDiscovery normal arm64 Compiling StudySession.swift (in target 'ETPatternModels' from project 'ETPattern' at path '/Users/macbook1/work/ETPattern/Package.swift')

SwiftCompile normal arm64 Compiling\ Constants.swift /Users/macbook1/work/ETPattern/Sources/ETPatternCore/Constants.swift (in target 'ETPatternCore' from project 'ETPattern' at path '/Users/macbook1/work/ETPattern/Package.swift')
SwiftCompile normal arm64 /Users/macbook1/work/ETPattern/Sources/ETPatternCore/Constants.swift (in target 'ETPatternCore' from project 'ETPattern' at path '/Users/macbook1/work/ETPattern/Package.swift')
    cd /Users/macbook1/work/ETPattern/ETPattern.xcodeproj
    

SwiftEmitModule normal arm64 Emitting\ module\ for\ ETPatternCore (in target 'ETPatternCore' from project 'ETPattern' at path '/Users/macbook1/work/ETPattern/Package.swift')

EmitSwiftModule normal arm64 (in target 'ETPatternCore' from project 'ETPattern' at path '/Users/macbook1/work/ETPattern/Package.swift')
    cd /Users/macbook1/work/ETPattern/ETPattern.xcodeproj
    

SwiftCompile normal arm64 Compiling\ SpacedRepetitionLogic.swift /Users/macbook1/work/ETPattern/Sources/ETPatternCore/SpacedRepetitionLogic.swift (in target 'ETPatternCore' from project 'ETPattern' at path '/Users/macbook1/work/ETPattern/Package.swift')
SwiftCompile normal arm64 /Users/macbook1/work/ETPattern/Sources/ETPatternCore/SpacedRepetitionLogic.swift (in target 'ETPatternCore' from project 'ETPattern' at path '/Users/macbook1/work/ETPattern/Package.swift')
    cd /Users/macbook1/work/ETPattern/ETPattern.xcodeproj
    

SwiftDriverJobDiscovery normal arm64 Compiling Card.swift (in target 'ETPatternModels' from project 'ETPattern' at path '/Users/macbook1/work/ETPattern/Package.swift')

SwiftDriver\ Compilation ETPatternModels normal arm64 com.apple.xcode.tools.swift.compiler (in target 'ETPatternModels' from project 'ETPattern' at path '/Users/macbook1/work/ETPattern/Package.swift')
    cd /Users/macbook1/work/ETPattern/ETPattern.xcodeproj
    builtin-Swift-Compilation -- /Applications/Xcode.app/Contents/Developer/Toolchains/XcodeDefault.xctoolchain/usr/bin/swiftc -module-name ETPatternModels -Onone -enforce-exclusivity\=checked @/Users/macbook1/Library/Developer/Xcode/DerivedData/ETPattern-ceepkkizhrfttrghnalmrcwlbsmz/Build/Intermediates.noindex/ETPattern.build/Debug-iphoneos/ETPatternModels.build/Objects-normal/arm64/ETPatternModels.SwiftFileList -DSWIFT_PACKAGE -DDEBUG -DSWIFT_MODULE_RESOURCE_BUNDLE_UNAVAILABLE -DXcode -plugin-path /Applications/Xcode.app/Contents/Developer/Toolchains/XcodeDefault.xctoolchain/usr/lib/swift/host/plugins/testing -enable-experimental-feature DebugDescriptionMacro -sdk /Applications/Xcode.app/Contents/Developer/Platforms/iPhoneOS.platform/Developer/SDKs/iPhoneOS26.2.sdk -target arm64-apple-ios18.0 -g -module-cache-path /Users/macbook1/Library/Developer/Xcode/DerivedData/ModuleCache.noindex -Xfrontend -serialize-debugging-options -enable-testing -suppress-warnings -index-store-path /Users/macbook1/Library/Developer/Xcode/DerivedData/ETPattern-ceepkkizhrfttrghnalmrcwlbsmz/Index.noindex/DataStore -Xcc -D_LIBCPP_HARDENING_MODE\=_LIBCPP_HARDENING_MODE_DEBUG -swift-version 6 -I /Users/macbook1/Library/Developer/Xcode/DerivedData/ETPattern-ceepkkizhrfttrghnalmrcwlbsmz/Build/Products/Debug-iphoneos -Isystem /Applications/Xcode.app/Contents/Developer/Platforms/iPhoneOS.platform/Developer/usr/lib -F /Users/macbook1/Library/Developer/Xcode/DerivedData/ETPattern-ceepkkizhrfttrghnalmrcwlbsmz/Build/Products/Debug-iphoneos -F /Applications/Xcode.app/Contents/Developer/Platforms/iPhoneOS.platform/Developer/Library/Frameworks -F /Applications/Xcode.app/Contents/Developer/Platforms/iPhoneOS.platform/Developer/SDKs/iPhoneOS26.2.sdk/Developer/Library/Frameworks -c -j12 -enable-batch-mode -incremental -Xcc -ivfsstatcache -Xcc /Users/macbook1/Library/Developer/Xcode/DerivedData/SDKStatCaches.noindex/iphoneos26.2-23C53-3885c01c3e6b6a337905948deab2002e3794476bd08197c3e2abd9bb477ef7f7.sdkstatcache -output-file-map /Users/macbook1/Library/Developer/Xcode/DerivedData/ETPattern-ceepkkizhrfttrghnalmrcwlbsmz/Build/Intermediates.noindex/ETPattern.build/Debug-iphoneos/ETPatternModels.build/Objects-normal/arm64/ETPatternModels-OutputFileMap.json -use-frontend-parseable-output -save-temps -no-color-diagnostics -explicit-module-build -module-cache-path /Users/macbook1/Library/Developer/Xcode/DerivedData/ETPattern-ceepkkizhrfttrghnalmrcwlbsmz/Build/Intermediates.noindex/SwiftExplicitPrecompiledModules -clang-scanner-module-cache-path /Users/macbook1/Library/Developer/Xcode/DerivedData/ModuleCache.noindex -sdk-module-cache-path /Users/macbook1/Library/Developer/Xcode/DerivedData/ModuleCache.noindex -serialize-diagnostics -emit-dependencies -emit-module -emit-module-path /Users/macbook1/Library/Developer/Xcode/DerivedData/ETPattern-ceepkkizhrfttrghnalmrcwlbsmz/Build/Intermediates.noindex/ETPattern.build/Debug-iphoneos/ETPatternModels.build/Objects-normal/arm64/ETPatternModels.swiftmodule -validate-clang-modules-once -clang-build-session-file /Users/macbook1/Library/Developer/Xcode/DerivedData/ModuleCache.noindex/Session.modulevalidation -package-name etpattern -Xcc -I/Users/macbook1/Library/Developer/Xcode/DerivedData/ETPattern-ceepkkizhrfttrghnalmrcwlbsmz/Build/Intermediates.noindex/ETPattern.build/Debug-iphoneos/ETPatternModels.build/swift-overrides.hmap -emit-const-values -Xfrontend -const-gather-protocols-file -Xfrontend /Users/macbook1/Library/Developer/Xcode/DerivedData/ETPattern-ceepkkizhrfttrghnalmrcwlbsmz/Build/Intermediates.noindex/ETPattern.build/Debug-iphoneos/ETPatternModels.build/Objects-normal/arm64/ETPatternModels_const_extract_protocols.json -Xcc -I/Users/macbook1/Library/Developer/Xcode/DerivedData/ETPattern-ceepkkizhrfttrghnalmrcwlbsmz/Build/Products/Debug-iphoneos/include -Xcc -I/Users/macbook1/Library/Developer/Xcode/DerivedData/ETPattern-ceepkkizhrfttrghnalmrcwlbsmz/Build/Intermediates.noindex/ETPattern.build/Debug-iphoneos/ETPatternModels.build/DerivedSources-normal/arm64 -Xcc -I/Users/macbook1/Library/Developer/Xcode/DerivedData/ETPattern-ceepkkizhrfttrghnalmrcwlbsmz/Build/Intermediates.noindex/ETPattern.build/Debug-iphoneos/ETPatternModels.build/DerivedSources/arm64 -Xcc -I/Users/macbook1/Library/Developer/Xcode/DerivedData/ETPattern-ceepkkizhrfttrghnalmrcwlbsmz/Build/Intermediates.noindex/ETPattern.build/Debug-iphoneos/ETPatternModels.build/DerivedSources -Xcc -DSWIFT_PACKAGE -Xcc -DDEBUG\=1 -emit-objc-header -emit-objc-header-path /Users/macbook1/Library/Developer/Xcode/DerivedData/ETPattern-ceepkkizhrfttrghnalmrcwlbsmz/Build/Intermediates.noindex/ETPattern.build/Debug-iphoneos/ETPatternModels.build/Objects-normal/arm64/ETPatternModels-Swift.h -working-directory /Users/macbook1/work/ETPattern/ETPattern.xcodeproj -experimental-emit-module-separately -disable-cmo

Ld /Users/macbook1/Library/Developer/Xcode/DerivedData/ETPattern-ceepkkizhrfttrghnalmrcwlbsmz/Build/Products/Debug-iphoneos/ETPatternModels.o normal (in target 'ETPatternModels' from project 'ETPattern' at path '/Users/macbook1/work/ETPattern/Package.swift')
    cd /Users/macbook1/work/ETPattern
    /Applications/Xcode.app/Contents/Developer/Toolchains/XcodeDefault.xctoolchain/usr/bin/clang -Xlinker -reproducible -target arm64-apple-ios18.0 -r -isysroot /Applications/Xcode.app/Contents/Developer/Platforms/iPhoneOS.platform/Developer/SDKs/iPhoneOS26.2.sdk -O0 -w -L/Users/macbook1/Library/Developer/Xcode/DerivedData/ETPattern-ceepkkizhrfttrghnalmrcwlbsmz/Build/Intermediates.noindex/EagerLinkingTBDs/Debug-iphoneos -L/Users/macbook1/Library/Developer/Xcode/DerivedData/ETPattern-ceepkkizhrfttrghnalmrcwlbsmz/Build/Products/Debug-iphoneos -L/Applications/Xcode.app/Contents/Developer/Platforms/iPhoneOS.platform/Developer/usr/lib -F/Users/macbook1/Library/Developer/Xcode/DerivedData/ETPattern-ceepkkizhrfttrghnalmrcwlbsmz/Build/Intermediates.noindex/EagerLinkingTBDs/Debug-iphoneos -F/Users/macbook1/Library/Developer/Xcode/DerivedData/ETPattern-ceepkkizhrfttrghnalmrcwlbsmz/Build/Products/Debug-iphoneos -iframework /Applications/Xcode.app/Contents/Developer/Platforms/iPhoneOS.platform/Developer/Library/Frameworks -iframework /Applications/Xcode.app/Contents/Developer/Platforms/iPhoneOS.platform/Developer/SDKs/iPhoneOS26.2.sdk/Developer/Library/Frameworks -filelist /Users/macbook1/Library/Developer/Xcode/DerivedData/ETPattern-ceepkkizhrfttrghnalmrcwlbsmz/Build/Intermediates.noindex/ETPattern.build/Debug-iphoneos/ETPatternModels.build/Objects-normal/arm64/ETPatternModels.LinkFileList -nostdlib -Xlinker -object_path_lto -Xlinker /Users/macbook1/Library/Developer/Xcode/DerivedData/ETPattern-ceepkkizhrfttrghnalmrcwlbsmz/Build/Intermediates.noindex/ETPattern.build/Debug-iphoneos/ETPatternModels.build/Objects-normal/arm64/ETPatternModels_lto.o -rdynamic -Xlinker -no_deduplicate -Xlinker -dependency_info -Xlinker /Users/macbook1/Library/Developer/Xcode/DerivedData/ETPattern-ceepkkizhrfttrghnalmrcwlbsmz/Build/Intermediates.noindex/ETPattern.build/Debug-iphoneos/ETPatternModels.build/Objects-normal/arm64/ETPatternModels_dependency_info.dat -fobjc-link-runtime -L/Applications/Xcode.app/Contents/Developer/Toolchains/XcodeDefault.xctoolchain/usr/lib/swift/iphoneos -L/usr/lib/swift -Xlinker -add_ast_path -Xlinker /Users/macbook1/Library/Developer/Xcode/DerivedData/ETPattern-ceepkkizhrfttrghnalmrcwlbsmz/Build/Intermediates.noindex/ETPattern.build/Debug-iphoneos/ETPatternModels.build/Objects-normal/arm64/ETPatternModels.swiftmodule @/Users/macbook1/Library/Developer/Xcode/DerivedData/ETPattern-ceepkkizhrfttrghnalmrcwlbsmz/Build/Intermediates.noindex/ETPattern.build/Debug-iphoneos/ETPatternModels.build/Objects-normal/arm64/ETPatternModels-linker-args.resp -o /Users/macbook1/Library/Developer/Xcode/DerivedData/ETPattern-ceepkkizhrfttrghnalmrcwlbsmz/Build/Products/Debug-iphoneos/ETPatternModels.o

SwiftDriverJobDiscovery normal arm64 Emitting module for ETPatternCore (in target 'ETPatternCore' from project 'ETPattern' at path '/Users/macbook1/work/ETPattern/Package.swift')

SwiftDriver\ Compilation\ Requirements ETPatternCore normal arm64 com.apple.xcode.tools.swift.compiler (in target 'ETPatternCore' from project 'ETPattern' at path '/Users/macbook1/work/ETPattern/Package.swift')
    cd /Users/macbook1/work/ETPattern/ETPattern.xcodeproj
    builtin-Swift-Compilation-Requirements -- /Applications/Xcode.app/Contents/Developer/Toolchains/XcodeDefault.xctoolchain/usr/bin/swiftc -module-name ETPatternCore -Onone -enforce-exclusivity\=checked @/Users/macbook1/Library/Developer/Xcode/DerivedData/ETPattern-ceepkkizhrfttrghnalmrcwlbsmz/Build/Intermediates.noindex/ETPattern.build/Debug-iphoneos/ETPatternCore.build/Objects-normal/arm64/ETPatternCore.SwiftFileList -DSWIFT_PACKAGE -DDEBUG -DSWIFT_MODULE_RESOURCE_BUNDLE_UNAVAILABLE -DXcode -plugin-path /Applications/Xcode.app/Contents/Developer/Toolchains/XcodeDefault.xctoolchain/usr/lib/swift/host/plugins/testing -enable-experimental-feature DebugDescriptionMacro -sdk /Applications/Xcode.app/Contents/Developer/Platforms/iPhoneOS.platform/Developer/SDKs/iPhoneOS26.2.sdk -target arm64-apple-ios18.0 -g -module-cache-path /Users/macbook1/Library/Developer/Xcode/DerivedData/ModuleCache.noindex -Xfrontend -serialize-debugging-options -enable-testing -suppress-warnings -index-store-path /Users/macbook1/Library/Developer/Xcode/DerivedData/ETPattern-ceepkkizhrfttrghnalmrcwlbsmz/Index.noindex/DataStore -Xcc -D_LIBCPP_HARDENING_MODE\=_LIBCPP_HARDENING_MODE_DEBUG -swift-version 6 -I /Users/macbook1/Library/Developer/Xcode/DerivedData/ETPattern-ceepkkizhrfttrghnalmrcwlbsmz/Build/Products/Debug-iphoneos -Isystem /Applications/Xcode.app/Contents/Developer/Platforms/iPhoneOS.platform/Developer/usr/lib -F /Users/macbook1/Library/Developer/Xcode/DerivedData/ETPattern-ceepkkizhrfttrghnalmrcwlbsmz/Build/Products/Debug-iphoneos/PackageFrameworks -F /Users/macbook1/Library/Developer/Xcode/DerivedData/ETPattern-ceepkkizhrfttrghnalmrcwlbsmz/Build/Products/Debug-iphoneos -F /Applications/Xcode.app/Contents/Developer/Platforms/iPhoneOS.platform/Developer/Library/Frameworks -F /Applications/Xcode.app/Contents/Developer/Platforms/iPhoneOS.platform/Developer/SDKs/iPhoneOS26.2.sdk/Developer/Library/Frameworks -c -j12 -enable-batch-mode -incremental -Xcc -ivfsstatcache -Xcc /Users/macbook1/Library/Developer/Xcode/DerivedData/SDKStatCaches.noindex/iphoneos26.2-23C53-3885c01c3e6b6a337905948deab2002e3794476bd08197c3e2abd9bb477ef7f7.sdkstatcache -output-file-map /Users/macbook1/Library/Developer/Xcode/DerivedData/ETPattern-ceepkkizhrfttrghnalmrcwlbsmz/Build/Intermediates.noindex/ETPattern.build/Debug-iphoneos/ETPatternCore.build/Objects-normal/arm64/ETPatternCore-OutputFileMap.json -use-frontend-parseable-output -save-temps -no-color-diagnostics -explicit-module-build -module-cache-path /Users/macbook1/Library/Developer/Xcode/DerivedData/ETPattern-ceepkkizhrfttrghnalmrcwlbsmz/Build/Intermediates.noindex/SwiftExplicitPrecompiledModules -clang-scanner-module-cache-path /Users/macbook1/Library/Developer/Xcode/DerivedData/ModuleCache.noindex -sdk-module-cache-path /Users/macbook1/Library/Developer/Xcode/DerivedData/ModuleCache.noindex -serialize-diagnostics -emit-dependencies -emit-module -emit-module-path /Users/macbook1/Library/Developer/Xcode/DerivedData/ETPattern-ceepkkizhrfttrghnalmrcwlbsmz/Build/Intermediates.noindex/ETPattern.build/Debug-iphoneos/ETPatternCore.build/Objects-normal/arm64/ETPatternCore.swiftmodule -validate-clang-modules-once -clang-build-session-file /Users/macbook1/Library/Developer/Xcode/DerivedData/ModuleCache.noindex/Session.modulevalidation -package-name etpattern -Xcc -I/Users/macbook1/Library/Developer/Xcode/DerivedData/ETPattern-ceepkkizhrfttrghnalmrcwlbsmz/Build/Intermediates.noindex/ETPattern.build/Debug-iphoneos/ETPatternCore.build/swift-overrides.hmap -emit-const-values -Xfrontend -const-gather-protocols-file -Xfrontend /Users/macbook1/Library/Developer/Xcode/DerivedData/ETPattern-ceepkkizhrfttrghnalmrcwlbsmz/Build/Intermediates.noindex/ETPattern.build/Debug-iphoneos/ETPatternCore.build/Objects-normal/arm64/ETPatternCore_const_extract_protocols.json -Xcc -I/Users/macbook1/Library/Developer/Xcode/DerivedData/ETPattern-ceepkkizhrfttrghnalmrcwlbsmz/Build/Products/Debug-iphoneos/include -Xcc -I/Users/macbook1/Library/Developer/Xcode/DerivedData/ETPattern-ceepkkizhrfttrghnalmrcwlbsmz/Build/Intermediates.noindex/ETPattern.build/Debug-iphoneos/ETPatternCore.build/DerivedSources-normal/arm64 -Xcc -I/Users/macbook1/Library/Developer/Xcode/DerivedData/ETPattern-ceepkkizhrfttrghnalmrcwlbsmz/Build/Intermediates.noindex/ETPattern.build/Debug-iphoneos/ETPatternCore.build/DerivedSources/arm64 -Xcc -I/Users/macbook1/Library/Developer/Xcode/DerivedData/ETPattern-ceepkkizhrfttrghnalmrcwlbsmz/Build/Intermediates.noindex/ETPattern.build/Debug-iphoneos/ETPatternCore.build/DerivedSources -Xcc -DSWIFT_PACKAGE -Xcc -DDEBUG\=1 -emit-objc-header -emit-objc-header-path /Users/macbook1/Library/Developer/Xcode/DerivedData/ETPattern-ceepkkizhrfttrghnalmrcwlbsmz/Build/Intermediates.noindex/ETPattern.build/Debug-iphoneos/ETPatternCore.build/Objects-normal/arm64/ETPatternCore-Swift.h -working-directory /Users/macbook1/work/ETPattern/ETPattern.xcodeproj -experimental-emit-module-separately -disable-cmo

SwiftMergeGeneratedHeaders /Users/macbook1/Library/Developer/Xcode/DerivedData/ETPattern-ceepkkizhrfttrghnalmrcwlbsmz/Build/Intermediates.noindex/GeneratedModuleMaps-iphoneos/ETPatternCore-Swift.h /Users/macbook1/Library/Developer/Xcode/DerivedData/ETPattern-ceepkkizhrfttrghnalmrcwlbsmz/Build/Intermediates.noindex/ETPattern.build/Debug-iphoneos/ETPatternCore.build/Objects-normal/arm64/ETPatternCore-Swift.h (in target 'ETPatternCore' from project 'ETPattern' at path '/Users/macbook1/work/ETPattern/Package.swift')
    cd /Users/macbook1/work/ETPattern
    builtin-swiftHeaderTool -arch arm64 /Users/macbook1/Library/Developer/Xcode/DerivedData/ETPattern-ceepkkizhrfttrghnalmrcwlbsmz/Build/Intermediates.noindex/ETPattern.build/Debug-iphoneos/ETPatternCore.build/Objects-normal/arm64/ETPatternCore-Swift.h -o /Users/macbook1/Library/Developer/Xcode/DerivedData/ETPattern-ceepkkizhrfttrghnalmrcwlbsmz/Build/Intermediates.noindex/GeneratedModuleMaps-iphoneos/ETPatternCore-Swift.h

Copy /Users/macbook1/Library/Developer/Xcode/DerivedData/ETPattern-ceepkkizhrfttrghnalmrcwlbsmz/Build/Products/Debug-iphoneos/ETPatternCore.swiftmodule/arm64-apple-ios.abi.json /Users/macbook1/Library/Developer/Xcode/DerivedData/ETPattern-ceepkkizhrfttrghnalmrcwlbsmz/Build/Intermediates.noindex/ETPattern.build/Debug-iphoneos/ETPatternCore.build/Objects-normal/arm64/ETPatternCore.abi.json (in target 'ETPatternCore' from project 'ETPattern' at path '/Users/macbook1/work/ETPattern/Package.swift')
    cd /Users/macbook1/work/ETPattern
    builtin-copy -exclude .DS_Store -exclude CVS -exclude .svn -exclude .git -exclude .hg -resolve-src-symlinks -rename /Users/macbook1/Library/Developer/Xcode/DerivedData/ETPattern-ceepkkizhrfttrghnalmrcwlbsmz/Build/Intermediates.noindex/ETPattern.build/Debug-iphoneos/ETPatternCore.build/Objects-normal/arm64/ETPatternCore.abi.json /Users/macbook1/Library/Developer/Xcode/DerivedData/ETPattern-ceepkkizhrfttrghnalmrcwlbsmz/Build/Products/Debug-iphoneos/ETPatternCore.swiftmodule/arm64-apple-ios.abi.json

Copy /Users/macbook1/Library/Developer/Xcode/DerivedData/ETPattern-ceepkkizhrfttrghnalmrcwlbsmz/Build/Products/Debug-iphoneos/ETPatternCore.swiftmodule/arm64-apple-ios.swiftmodule /Users/macbook1/Library/Developer/Xcode/DerivedData/ETPattern-ceepkkizhrfttrghnalmrcwlbsmz/Build/Intermediates.noindex/ETPattern.build/Debug-iphoneos/ETPatternCore.build/Objects-normal/arm64/ETPatternCore.swiftmodule (in target 'ETPatternCore' from project 'ETPattern' at path '/Users/macbook1/work/ETPattern/Package.swift')
    cd /Users/macbook1/work/ETPattern
    builtin-copy -exclude .DS_Store -exclude CVS -exclude .svn -exclude .git -exclude .hg -resolve-src-symlinks -rename /Users/macbook1/Library/Developer/Xcode/DerivedData/ETPattern-ceepkkizhrfttrghnalmrcwlbsmz/Build/Intermediates.noindex/ETPattern.build/Debug-iphoneos/ETPatternCore.build/Objects-normal/arm64/ETPatternCore.swiftmodule /Users/macbook1/Library/Developer/Xcode/DerivedData/ETPattern-ceepkkizhrfttrghnalmrcwlbsmz/Build/Products/Debug-iphoneos/ETPatternCore.swiftmodule/arm64-apple-ios.swiftmodule

Copy /Users/macbook1/Library/Developer/Xcode/DerivedData/ETPattern-ceepkkizhrfttrghnalmrcwlbsmz/Build/Products/Debug-iphoneos/ETPatternCore.swiftmodule/arm64-apple-ios.swiftdoc /Users/macbook1/Library/Developer/Xcode/DerivedData/ETPattern-ceepkkizhrfttrghnalmrcwlbsmz/Build/Intermediates.noindex/ETPattern.build/Debug-iphoneos/ETPatternCore.build/Objects-normal/arm64/ETPatternCore.swiftdoc (in target 'ETPatternCore' from project 'ETPattern' at path '/Users/macbook1/work/ETPattern/Package.swift')
    cd /Users/macbook1/work/ETPattern
    builtin-copy -exclude .DS_Store -exclude CVS -exclude .svn -exclude .git -exclude .hg -resolve-src-symlinks -rename /Users/macbook1/Library/Developer/Xcode/DerivedData/ETPattern-ceepkkizhrfttrghnalmrcwlbsmz/Build/Intermediates.noindex/ETPattern.build/Debug-iphoneos/ETPatternCore.build/Objects-normal/arm64/ETPatternCore.swiftdoc /Users/macbook1/Library/Developer/Xcode/DerivedData/ETPattern-ceepkkizhrfttrghnalmrcwlbsmz/Build/Products/Debug-iphoneos/ETPatternCore.swiftmodule/arm64-apple-ios.swiftdoc

Copy /Users/macbook1/Library/Developer/Xcode/DerivedData/ETPattern-ceepkkizhrfttrghnalmrcwlbsmz/Build/Products/Debug-iphoneos/ETPatternCore.swiftmodule/Project/arm64-apple-ios.swiftsourceinfo /Users/macbook1/Library/Developer/Xcode/DerivedData/ETPattern-ceepkkizhrfttrghnalmrcwlbsmz/Build/Intermediates.noindex/ETPattern.build/Debug-iphoneos/ETPatternCore.build/Objects-normal/arm64/ETPatternCore.swiftsourceinfo (in target 'ETPatternCore' from project 'ETPattern' at path '/Users/macbook1/work/ETPattern/Package.swift')
    cd /Users/macbook1/work/ETPattern
    builtin-copy -exclude .DS_Store -exclude CVS -exclude .svn -exclude .git -exclude .hg -resolve-src-symlinks -rename /Users/macbook1/Library/Developer/Xcode/DerivedData/ETPattern-ceepkkizhrfttrghnalmrcwlbsmz/Build/Intermediates.noindex/ETPattern.build/Debug-iphoneos/ETPatternCore.build/Objects-normal/arm64/ETPatternCore.swiftsourceinfo /Users/macbook1/Library/Developer/Xcode/DerivedData/ETPattern-ceepkkizhrfttrghnalmrcwlbsmz/Build/Products/Debug-iphoneos/ETPatternCore.swiftmodule/Project/arm64-apple-ios.swiftsourceinfo

SwiftDriver ETPatternServices normal arm64 com.apple.xcode.tools.swift.compiler (in target 'ETPatternServices' from project 'ETPattern' at path '/Users/macbook1/work/ETPattern/Package.swift')
    cd /Users/macbook1/work/ETPattern/ETPattern.xcodeproj
    builtin-SwiftDriver -- /Applications/Xcode.app/Contents/Developer/Toolchains/XcodeDefault.xctoolchain/usr/bin/swiftc -module-name ETPatternServices -Onone -enforce-exclusivity\=checked @/Users/macbook1/Library/Developer/Xcode/DerivedData/ETPattern-ceepkkizhrfttrghnalmrcwlbsmz/Build/Intermediates.noindex/ETPattern.build/Debug-iphoneos/ETPatternServices.build/Objects-normal/arm64/ETPatternServices.SwiftFileList -DSWIFT_PACKAGE -DDEBUG -DSWIFT_MODULE_RESOURCE_BUNDLE_UNAVAILABLE -DXcode -plugin-path /Applications/Xcode.app/Contents/Developer/Toolchains/XcodeDefault.xctoolchain/usr/lib/swift/host/plugins/testing -enable-experimental-feature DebugDescriptionMacro -sdk /Applications/Xcode.app/Contents/Developer/Platforms/iPhoneOS.platform/Developer/SDKs/iPhoneOS26.2.sdk -target arm64-apple-ios18.0 -g -module-cache-path /Users/macbook1/Library/Developer/Xcode/DerivedData/ModuleCache.noindex -Xfrontend -serialize-debugging-options -enable-testing -suppress-warnings -index-store-path /Users/macbook1/Library/Developer/Xcode/DerivedData/ETPattern-ceepkkizhrfttrghnalmrcwlbsmz/Index.noindex/DataStore -Xcc -D_LIBCPP_HARDENING_MODE\=_LIBCPP_HARDENING_MODE_DEBUG -swift-version 6 -I /Users/macbook1/Library/Developer/Xcode/DerivedData/ETPattern-ceepkkizhrfttrghnalmrcwlbsmz/Build/Products/Debug-iphoneos -Isystem /Applications/Xcode.app/Contents/Developer/Platforms/iPhoneOS.platform/Developer/usr/lib -F /Users/macbook1/Library/Developer/Xcode/DerivedData/ETPattern-ceepkkizhrfttrghnalmrcwlbsmz/Build/Products/Debug-iphoneos/PackageFrameworks -F /Users/macbook1/Library/Developer/Xcode/DerivedData/ETPattern-ceepkkizhrfttrghnalmrcwlbsmz/Build/Products/Debug-iphoneos/PackageFrameworks -F /Users/macbook1/Library/Developer/Xcode/DerivedData/ETPattern-ceepkkizhrfttrghnalmrcwlbsmz/Build/Products/Debug-iphoneos -F /Applications/Xcode.app/Contents/Developer/Platforms/iPhoneOS.platform/Developer/Library/Frameworks -F /Applications/Xcode.app/Contents/Developer/Platforms/iPhoneOS.platform/Developer/SDKs/iPhoneOS26.2.sdk/Developer/Library/Frameworks -c -j12 -enable-batch-mode -incremental -Xcc -ivfsstatcache -Xcc /Users/macbook1/Library/Developer/Xcode/DerivedData/SDKStatCaches.noindex/iphoneos26.2-23C53-3885c01c3e6b6a337905948deab2002e3794476bd08197c3e2abd9bb477ef7f7.sdkstatcache -output-file-map /Users/macbook1/Library/Developer/Xcode/DerivedData/ETPattern-ceepkkizhrfttrghnalmrcwlbsmz/Build/Intermediates.noindex/ETPattern.build/Debug-iphoneos/ETPatternServices.build/Objects-normal/arm64/ETPatternServices-OutputFileMap.json -use-frontend-parseable-output -save-temps -no-color-diagnostics -explicit-module-build -module-cache-path /Users/macbook1/Library/Developer/Xcode/DerivedData/ETPattern-ceepkkizhrfttrghnalmrcwlbsmz/Build/Intermediates.noindex/SwiftExplicitPrecompiledModules -clang-scanner-module-cache-path /Users/macbook1/Library/Developer/Xcode/DerivedData/ModuleCache.noindex -sdk-module-cache-path /Users/macbook1/Library/Developer/Xcode/DerivedData/ModuleCache.noindex -serialize-diagnostics -emit-dependencies -emit-module -emit-module-path /Users/macbook1/Library/Developer/Xcode/DerivedData/ETPattern-ceepkkizhrfttrghnalmrcwlbsmz/Build/Intermediates.noindex/ETPattern.build/Debug-iphoneos/ETPatternServices.build/Objects-normal/arm64/ETPatternServices.swiftmodule -validate-clang-modules-once -clang-build-session-file /Users/macbook1/Library/Developer/Xcode/DerivedData/ModuleCache.noindex/Session.modulevalidation -package-name etpattern -Xcc -I/Users/macbook1/Library/Developer/Xcode/DerivedData/ETPattern-ceepkkizhrfttrghnalmrcwlbsmz/Build/Intermediates.noindex/ETPattern.build/Debug-iphoneos/ETPatternServices.build/swift-overrides.hmap -emit-const-values -Xfrontend -const-gather-protocols-file -Xfrontend /Users/macbook1/Library/Developer/Xcode/DerivedData/ETPattern-ceepkkizhrfttrghnalmrcwlbsmz/Build/Intermediates.noindex/ETPattern.build/Debug-iphoneos/ETPatternServices.build/Objects-normal/arm64/ETPatternServices_const_extract_protocols.json -Xcc -I/Users/macbook1/Library/Developer/Xcode/DerivedData/ETPattern-ceepkkizhrfttrghnalmrcwlbsmz/Build/Products/Debug-iphoneos/include -Xcc -I/Users/macbook1/Library/Developer/Xcode/DerivedData/ETPattern-ceepkkizhrfttrghnalmrcwlbsmz/Build/Intermediates.noindex/ETPattern.build/Debug-iphoneos/ETPatternServices.build/DerivedSources-normal/arm64 -Xcc -I/Users/macbook1/Library/Developer/Xcode/DerivedData/ETPattern-ceepkkizhrfttrghnalmrcwlbsmz/Build/Intermediates.noindex/ETPattern.build/Debug-iphoneos/ETPatternServices.build/DerivedSources/arm64 -Xcc -I/Users/macbook1/Library/Developer/Xcode/DerivedData/ETPattern-ceepkkizhrfttrghnalmrcwlbsmz/Build/Intermediates.noindex/ETPattern.build/Debug-iphoneos/ETPatternServices.build/DerivedSources -Xcc -DSWIFT_PACKAGE -Xcc -DDEBUG\=1 -emit-objc-header -emit-objc-header-path /Users/macbook1/Library/Developer/Xcode/DerivedData/ETPattern-ceepkkizhrfttrghnalmrcwlbsmz/Build/Intermediates.noindex/ETPattern.build/Debug-iphoneos/ETPatternServices.build/Objects-normal/arm64/ETPatternServices-Swift.h -working-directory /Users/macbook1/work/ETPattern/ETPattern.xcodeproj -experimental-emit-module-separately -disable-cmo

ExtractAppIntentsMetadata (in target 'ETPatternModels' from project 'ETPattern' at path '/Users/macbook1/work/ETPattern/Package.swift')
    cd /Users/macbook1/work/ETPattern
    /Applications/Xcode.app/Contents/Developer/Toolchains/XcodeDefault.xctoolchain/usr/bin/appintentsmetadataprocessor --toolchain-dir /Users/macbook1/Library/Developer/DVTDownloads/MetalToolchain/mounts/0bc538ab0cfa107625f77ad7bcfa566abe43e917/Metal.xctoolchain --module-name ETPatternModels --sdk-root /Applications/Xcode.app/Contents/Developer/Platforms/iPhoneOS.platform/Developer/SDKs/iPhoneOS26.2.sdk --xcode-version 17C52 --platform-family iOS --deployment-target 18.0 --bundle-identifier etpattern.ETPatternModels --output /Users/macbook1/Library/Developer/Xcode/DerivedData/ETPattern-ceepkkizhrfttrghnalmrcwlbsmz/Build/Products/Debug-iphoneos/ETPatternModels.appintents --target-triple arm64-apple-ios18.0 --binary-file /Users/macbook1/Library/Developer/Xcode/DerivedData/ETPattern-ceepkkizhrfttrghnalmrcwlbsmz/Build/Products/Debug-iphoneos/ETPatternModels.o --dependency-file /Users/macbook1/Library/Developer/Xcode/DerivedData/ETPattern-ceepkkizhrfttrghnalmrcwlbsmz/Build/Intermediates.noindex/ETPattern.build/Debug-iphoneos/ETPatternModels.build/Objects-normal/arm64/ETPatternModels_dependency_info.dat --stringsdata-file /Users/macbook1/Library/Developer/Xcode/DerivedData/ETPattern-ceepkkizhrfttrghnalmrcwlbsmz/Build/Intermediates.noindex/ETPattern.build/Debug-iphoneos/ETPatternModels.build/Objects-normal/arm64/ExtractedAppShortcutsMetadata.stringsdata --source-file-list /Users/macbook1/Library/Developer/Xcode/DerivedData/ETPattern-ceepkkizhrfttrghnalmrcwlbsmz/Build/Intermediates.noindex/ETPattern.build/Debug-iphoneos/ETPatternModels.build/Objects-normal/arm64/ETPatternModels.SwiftFileList --metadata-file-list /Users/macbook1/Library/Developer/Xcode/DerivedData/ETPattern-ceepkkizhrfttrghnalmrcwlbsmz/Build/Intermediates.noindex/ETPattern.build/Debug-iphoneos/ETPatternModels.build/ETPatternModels.DependencyMetadataFileList --static-metadata-file-list /Users/macbook1/Library/Developer/Xcode/DerivedData/ETPattern-ceepkkizhrfttrghnalmrcwlbsmz/Build/Intermediates.noindex/ETPattern.build/Debug-iphoneos/ETPatternModels.build/ETPatternModels.DependencyStaticMetadataFileList --swift-const-vals-list /Users/macbook1/Library/Developer/Xcode/DerivedData/ETPattern-ceepkkizhrfttrghnalmrcwlbsmz/Build/Intermediates.noindex/ETPattern.build/Debug-iphoneos/ETPatternModels.build/Objects-normal/arm64/ETPatternModels.SwiftConstValuesFileList --force --compile-time-extraction --deployment-aware-processing --validate-assistant-intents --no-app-shortcuts-localization
2026-01-10 14:28:13.466 appintentsmetadataprocessor[69676:11621276] Starting appintentsmetadataprocessor export
2026-01-10 14:28:13.843 appintentsmetadataprocessor[69676:11621276] Extracted no relevant App Intents symbols, skipping writing output

SwiftDriverJobDiscovery normal arm64 Compiling Constants.swift (in target 'ETPatternCore' from project 'ETPattern' at path '/Users/macbook1/work/ETPattern/Package.swift')

SwiftDriverJobDiscovery normal arm64 Compiling SpacedRepetitionLogic.swift (in target 'ETPatternCore' from project 'ETPattern' at path '/Users/macbook1/work/ETPattern/Package.swift')

SwiftDriver\ Compilation ETPatternCore normal arm64 com.apple.xcode.tools.swift.compiler (in target 'ETPatternCore' from project 'ETPattern' at path '/Users/macbook1/work/ETPattern/Package.swift')
    cd /Users/macbook1/work/ETPattern/ETPattern.xcodeproj
    builtin-Swift-Compilation -- /Applications/Xcode.app/Contents/Developer/Toolchains/XcodeDefault.xctoolchain/usr/bin/swiftc -module-name ETPatternCore -Onone -enforce-exclusivity\=checked @/Users/macbook1/Library/Developer/Xcode/DerivedData/ETPattern-ceepkkizhrfttrghnalmrcwlbsmz/Build/Intermediates.noindex/ETPattern.build/Debug-iphoneos/ETPatternCore.build/Objects-normal/arm64/ETPatternCore.SwiftFileList -DSWIFT_PACKAGE -DDEBUG -DSWIFT_MODULE_RESOURCE_BUNDLE_UNAVAILABLE -DXcode -plugin-path /Applications/Xcode.app/Contents/Developer/Toolchains/XcodeDefault.xctoolchain/usr/lib/swift/host/plugins/testing -enable-experimental-feature DebugDescriptionMacro -sdk /Applications/Xcode.app/Contents/Developer/Platforms/iPhoneOS.platform/Developer/SDKs/iPhoneOS26.2.sdk -target arm64-apple-ios18.0 -g -module-cache-path /Users/macbook1/Library/Developer/Xcode/DerivedData/ModuleCache.noindex -Xfrontend -serialize-debugging-options -enable-testing -suppress-warnings -index-store-path /Users/macbook1/Library/Developer/Xcode/DerivedData/ETPattern-ceepkkizhrfttrghnalmrcwlbsmz/Index.noindex/DataStore -Xcc -D_LIBCPP_HARDENING_MODE\=_LIBCPP_HARDENING_MODE_DEBUG -swift-version 6 -I /Users/macbook1/Library/Developer/Xcode/DerivedData/ETPattern-ceepkkizhrfttrghnalmrcwlbsmz/Build/Products/Debug-iphoneos -Isystem /Applications/Xcode.app/Contents/Developer/Platforms/iPhoneOS.platform/Developer/usr/lib -F /Users/macbook1/Library/Developer/Xcode/DerivedData/ETPattern-ceepkkizhrfttrghnalmrcwlbsmz/Build/Products/Debug-iphoneos/PackageFrameworks -F /Users/macbook1/Library/Developer/Xcode/DerivedData/ETPattern-ceepkkizhrfttrghnalmrcwlbsmz/Build/Products/Debug-iphoneos -F /Applications/Xcode.app/Contents/Developer/Platforms/iPhoneOS.platform/Developer/Library/Frameworks -F /Applications/Xcode.app/Contents/Developer/Platforms/iPhoneOS.platform/Developer/SDKs/iPhoneOS26.2.sdk/Developer/Library/Frameworks -c -j12 -enable-batch-mode -incremental -Xcc -ivfsstatcache -Xcc /Users/macbook1/Library/Developer/Xcode/DerivedData/SDKStatCaches.noindex/iphoneos26.2-23C53-3885c01c3e6b6a337905948deab2002e3794476bd08197c3e2abd9bb477ef7f7.sdkstatcache -output-file-map /Users/macbook1/Library/Developer/Xcode/DerivedData/ETPattern-ceepkkizhrfttrghnalmrcwlbsmz/Build/Intermediates.noindex/ETPattern.build/Debug-iphoneos/ETPatternCore.build/Objects-normal/arm64/ETPatternCore-OutputFileMap.json -use-frontend-parseable-output -save-temps -no-color-diagnostics -explicit-module-build -module-cache-path /Users/macbook1/Library/Developer/Xcode/DerivedData/ETPattern-ceepkkizhrfttrghnalmrcwlbsmz/Build/Intermediates.noindex/SwiftExplicitPrecompiledModules -clang-scanner-module-cache-path /Users/macbook1/Library/Developer/Xcode/DerivedData/ModuleCache.noindex -sdk-module-cache-path /Users/macbook1/Library/Developer/Xcode/DerivedData/ModuleCache.noindex -serialize-diagnostics -emit-dependencies -emit-module -emit-module-path /Users/macbook1/Library/Developer/Xcode/DerivedData/ETPattern-ceepkkizhrfttrghnalmrcwlbsmz/Build/Intermediates.noindex/ETPattern.build/Debug-iphoneos/ETPatternCore.build/Objects-normal/arm64/ETPatternCore.swiftmodule -validate-clang-modules-once -clang-build-session-file /Users/macbook1/Library/Developer/Xcode/DerivedData/ModuleCache.noindex/Session.modulevalidation -package-name etpattern -Xcc -I/Users/macbook1/Library/Developer/Xcode/DerivedData/ETPattern-ceepkkizhrfttrghnalmrcwlbsmz/Build/Intermediates.noindex/ETPattern.build/Debug-iphoneos/ETPatternCore.build/swift-overrides.hmap -emit-const-values -Xfrontend -const-gather-protocols-file -Xfrontend /Users/macbook1/Library/Developer/Xcode/DerivedData/ETPattern-ceepkkizhrfttrghnalmrcwlbsmz/Build/Intermediates.noindex/ETPattern.build/Debug-iphoneos/ETPatternCore.build/Objects-normal/arm64/ETPatternCore_const_extract_protocols.json -Xcc -I/Users/macbook1/Library/Developer/Xcode/DerivedData/ETPattern-ceepkkizhrfttrghnalmrcwlbsmz/Build/Products/Debug-iphoneos/include -Xcc -I/Users/macbook1/Library/Developer/Xcode/DerivedData/ETPattern-ceepkkizhrfttrghnalmrcwlbsmz/Build/Intermediates.noindex/ETPattern.build/Debug-iphoneos/ETPatternCore.build/DerivedSources-normal/arm64 -Xcc -I/Users/macbook1/Library/Developer/Xcode/DerivedData/ETPattern-ceepkkizhrfttrghnalmrcwlbsmz/Build/Intermediates.noindex/ETPattern.build/Debug-iphoneos/ETPatternCore.build/DerivedSources/arm64 -Xcc -I/Users/macbook1/Library/Developer/Xcode/DerivedData/ETPattern-ceepkkizhrfttrghnalmrcwlbsmz/Build/Intermediates.noindex/ETPattern.build/Debug-iphoneos/ETPatternCore.build/DerivedSources -Xcc -DSWIFT_PACKAGE -Xcc -DDEBUG\=1 -emit-objc-header -emit-objc-header-path /Users/macbook1/Library/Developer/Xcode/DerivedData/ETPattern-ceepkkizhrfttrghnalmrcwlbsmz/Build/Intermediates.noindex/ETPattern.build/Debug-iphoneos/ETPatternCore.build/Objects-normal/arm64/ETPatternCore-Swift.h -working-directory /Users/macbook1/work/ETPattern/ETPattern.xcodeproj -experimental-emit-module-separately -disable-cmo

RegisterExecutionPolicyException /Users/macbook1/Library/Developer/Xcode/DerivedData/ETPattern-ceepkkizhrfttrghnalmrcwlbsmz/Build/Products/Debug-iphoneos/ETPatternModels.o (in target 'ETPatternModels' from project 'ETPattern' at path '/Users/macbook1/work/ETPattern/Package.swift')
    cd /Users/macbook1/work/ETPattern
    builtin-RegisterExecutionPolicyException /Users/macbook1/Library/Developer/Xcode/DerivedData/ETPattern-ceepkkizhrfttrghnalmrcwlbsmz/Build/Products/Debug-iphoneos/ETPatternModels.o

Ld /Users/macbook1/Library/Developer/Xcode/DerivedData/ETPattern-ceepkkizhrfttrghnalmrcwlbsmz/Build/Products/Debug-iphoneos/ETPatternCore.o normal (in target 'ETPatternCore' from project 'ETPattern' at path '/Users/macbook1/work/ETPattern/Package.swift')
    cd /Users/macbook1/work/ETPattern
    /Applications/Xcode.app/Contents/Developer/Toolchains/XcodeDefault.xctoolchain/usr/bin/clang -Xlinker -reproducible -target arm64-apple-ios18.0 -r -isysroot /Applications/Xcode.app/Contents/Developer/Platforms/iPhoneOS.platform/Developer/SDKs/iPhoneOS26.2.sdk -O0 -w -L/Users/macbook1/Library/Developer/Xcode/DerivedData/ETPattern-ceepkkizhrfttrghnalmrcwlbsmz/Build/Intermediates.noindex/EagerLinkingTBDs/Debug-iphoneos -L/Users/macbook1/Library/Developer/Xcode/DerivedData/ETPattern-ceepkkizhrfttrghnalmrcwlbsmz/Build/Products/Debug-iphoneos -L/Applications/Xcode.app/Contents/Developer/Platforms/iPhoneOS.platform/Developer/usr/lib -F/Users/macbook1/Library/Developer/Xcode/DerivedData/ETPattern-ceepkkizhrfttrghnalmrcwlbsmz/Build/Intermediates.noindex/EagerLinkingTBDs/Debug-iphoneos -F/Users/macbook1/Library/Developer/Xcode/DerivedData/ETPattern-ceepkkizhrfttrghnalmrcwlbsmz/Build/Products/Debug-iphoneos/PackageFrameworks -F/Users/macbook1/Library/Developer/Xcode/DerivedData/ETPattern-ceepkkizhrfttrghnalmrcwlbsmz/Build/Products/Debug-iphoneos -iframework /Applications/Xcode.app/Contents/Developer/Platforms/iPhoneOS.platform/Developer/Library/Frameworks -iframework /Applications/Xcode.app/Contents/Developer/Platforms/iPhoneOS.platform/Developer/SDKs/iPhoneOS26.2.sdk/Developer/Library/Frameworks -filelist /Users/macbook1/Library/Developer/Xcode/DerivedData/ETPattern-ceepkkizhrfttrghnalmrcwlbsmz/Build/Intermediates.noindex/ETPattern.build/Debug-iphoneos/ETPatternCore.build/Objects-normal/arm64/ETPatternCore.LinkFileList -nostdlib -Xlinker -object_path_lto -Xlinker /Users/macbook1/Library/Developer/Xcode/DerivedData/ETPattern-ceepkkizhrfttrghnalmrcwlbsmz/Build/Intermediates.noindex/ETPattern.build/Debug-iphoneos/ETPatternCore.build/Objects-normal/arm64/ETPatternCore_lto.o -rdynamic -Xlinker -no_deduplicate -Xlinker -dependency_info -Xlinker /Users/macbook1/Library/Developer/Xcode/DerivedData/ETPattern-ceepkkizhrfttrghnalmrcwlbsmz/Build/Intermediates.noindex/ETPattern.build/Debug-iphoneos/ETPatternCore.build/Objects-normal/arm64/ETPatternCore_dependency_info.dat -fobjc-link-runtime -L/Applications/Xcode.app/Contents/Developer/Toolchains/XcodeDefault.xctoolchain/usr/lib/swift/iphoneos -L/usr/lib/swift -Xlinker -add_ast_path -Xlinker /Users/macbook1/Library/Developer/Xcode/DerivedData/ETPattern-ceepkkizhrfttrghnalmrcwlbsmz/Build/Intermediates.noindex/ETPattern.build/Debug-iphoneos/ETPatternCore.build/Objects-normal/arm64/ETPatternCore.swiftmodule @/Users/macbook1/Library/Developer/Xcode/DerivedData/ETPattern-ceepkkizhrfttrghnalmrcwlbsmz/Build/Intermediates.noindex/ETPattern.build/Debug-iphoneos/ETPatternCore.build/Objects-normal/arm64/ETPatternCore-linker-args.resp -o /Users/macbook1/Library/Developer/Xcode/DerivedData/ETPattern-ceepkkizhrfttrghnalmrcwlbsmz/Build/Products/Debug-iphoneos/ETPatternCore.o

ExtractAppIntentsMetadata (in target 'ETPatternCore' from project 'ETPattern' at path '/Users/macbook1/work/ETPattern/Package.swift')
    cd /Users/macbook1/work/ETPattern
    /Applications/Xcode.app/Contents/Developer/Toolchains/XcodeDefault.xctoolchain/usr/bin/appintentsmetadataprocessor --toolchain-dir /Users/macbook1/Library/Developer/DVTDownloads/MetalToolchain/mounts/0bc538ab0cfa107625f77ad7bcfa566abe43e917/Metal.xctoolchain --module-name ETPatternCore --sdk-root /Applications/Xcode.app/Contents/Developer/Platforms/iPhoneOS.platform/Developer/SDKs/iPhoneOS26.2.sdk --xcode-version 17C52 --platform-family iOS --deployment-target 18.0 --bundle-identifier etpattern.ETPatternCore --output /Users/macbook1/Library/Developer/Xcode/DerivedData/ETPattern-ceepkkizhrfttrghnalmrcwlbsmz/Build/Products/Debug-iphoneos/ETPatternCore.appintents --target-triple arm64-apple-ios18.0 --binary-file /Users/macbook1/Library/Developer/Xcode/DerivedData/ETPattern-ceepkkizhrfttrghnalmrcwlbsmz/Build/Products/Debug-iphoneos/ETPatternCore.o --dependency-file /Users/macbook1/Library/Developer/Xcode/DerivedData/ETPattern-ceepkkizhrfttrghnalmrcwlbsmz/Build/Intermediates.noindex/ETPattern.build/Debug-iphoneos/ETPatternCore.build/Objects-normal/arm64/ETPatternCore_dependency_info.dat --stringsdata-file /Users/macbook1/Library/Developer/Xcode/DerivedData/ETPattern-ceepkkizhrfttrghnalmrcwlbsmz/Build/Intermediates.noindex/ETPattern.build/Debug-iphoneos/ETPatternCore.build/Objects-normal/arm64/ExtractedAppShortcutsMetadata.stringsdata --source-file-list /Users/macbook1/Library/Developer/Xcode/DerivedData/ETPattern-ceepkkizhrfttrghnalmrcwlbsmz/Build/Intermediates.noindex/ETPattern.build/Debug-iphoneos/ETPatternCore.build/Objects-normal/arm64/ETPatternCore.SwiftFileList --metadata-file-list /Users/macbook1/Library/Developer/Xcode/DerivedData/ETPattern-ceepkkizhrfttrghnalmrcwlbsmz/Build/Intermediates.noindex/ETPattern.build/Debug-iphoneos/ETPatternCore.build/ETPatternCore.DependencyMetadataFileList --static-metadata-file-list /Users/macbook1/Library/Developer/Xcode/DerivedData/ETPattern-ceepkkizhrfttrghnalmrcwlbsmz/Build/Intermediates.noindex/ETPattern.build/Debug-iphoneos/ETPatternCore.build/ETPatternCore.DependencyStaticMetadataFileList --swift-const-vals-list /Users/macbook1/Library/Developer/Xcode/DerivedData/ETPattern-ceepkkizhrfttrghnalmrcwlbsmz/Build/Intermediates.noindex/ETPattern.build/Debug-iphoneos/ETPatternCore.build/Objects-normal/arm64/ETPatternCore.SwiftConstValuesFileList --force --compile-time-extraction --deployment-aware-processing --validate-assistant-intents --no-app-shortcuts-localization
2026-01-10 14:28:13.944 appintentsmetadataprocessor[69680:11621316] Starting appintentsmetadataprocessor export
2026-01-10 14:28:14.604 appintentsmetadataprocessor[69680:11621316] Extracted no relevant App Intents symbols, skipping writing output

SwiftEmitModule normal arm64 Emitting\ module\ for\ ETPatternServices (in target 'ETPatternServices' from project 'ETPattern' at path '/Users/macbook1/work/ETPattern/Package.swift')
EmitSwiftModule normal arm64 (in target 'ETPatternServices' from project 'ETPattern' at path '/Users/macbook1/work/ETPattern/Package.swift')
    cd /Users/macbook1/work/ETPattern/ETPattern.xcodeproj
    

SwiftCompile normal arm64 Compiling\ SpacedRepetitionService.swift /Users/macbook1/work/ETPattern/Sources/ETPatternServices/SpacedRepetitionService.swift (in target 'ETPatternServices' from project 'ETPattern' at path '/Users/macbook1/work/ETPattern/Package.swift')
SwiftCompile normal arm64 /Users/macbook1/work/ETPattern/Sources/ETPatternServices/SpacedRepetitionService.swift (in target 'ETPatternServices' from project 'ETPattern' at path '/Users/macbook1/work/ETPattern/Package.swift')
    cd /Users/macbook1/work/ETPattern/ETPattern.xcodeproj
    

SwiftCompile normal arm64 Compiling\ PaginatedCardSetDataSource.swift /Users/macbook1/work/ETPattern/Sources/ETPatternServices/PaginatedCardSetDataSource.swift (in target 'ETPatternServices' from project 'ETPattern' at path '/Users/macbook1/work/ETPattern/Package.swift')

SwiftCompile normal arm64 /Users/macbook1/work/ETPattern/Sources/ETPatternServices/PaginatedCardSetDataSource.swift (in target 'ETPatternServices' from project 'ETPattern' at path '/Users/macbook1/work/ETPattern/Package.swift')
    cd /Users/macbook1/work/ETPattern/ETPattern.xcodeproj
    

SwiftCompile normal arm64 Compiling\ CardSetRepository.swift /Users/macbook1/work/ETPattern/Sources/ETPatternServices/CardSetRepository.swift (in target 'ETPatternServices' from project 'ETPattern' at path '/Users/macbook1/work/ETPattern/Package.swift')

SwiftCompile normal arm64 /Users/macbook1/work/ETPattern/Sources/ETPatternServices/CardSetRepository.swift (in target 'ETPatternServices' from project 'ETPattern' at path '/Users/macbook1/work/ETPattern/Package.swift')
    cd /Users/macbook1/work/ETPattern/ETPattern.xcodeproj
    

SwiftCompile normal arm64 Compiling\ CSVService.swift /Users/macbook1/work/ETPattern/Sources/ETPatternServices/CSVService.swift (in target 'ETPatternServices' from project 'ETPattern' at path '/Users/macbook1/work/ETPattern/Package.swift')

SwiftCompile normal arm64 /Users/macbook1/work/ETPattern/Sources/ETPatternServices/CSVService.swift (in target 'ETPatternServices' from project 'ETPattern' at path '/Users/macbook1/work/ETPattern/Package.swift')
    cd /Users/macbook1/work/ETPattern/ETPattern.xcodeproj
    

SwiftCompile normal arm64 Compiling\ ShareService.swift /Users/macbook1/work/ETPattern/Sources/ETPatternServices/ShareService.swift (in target 'ETPatternServices' from project 'ETPattern' at path '/Users/macbook1/work/ETPattern/Package.swift')

SwiftCompile normal arm64 /Users/macbook1/work/ETPattern/Sources/ETPatternServices/ShareService.swift (in target 'ETPatternServices' from project 'ETPattern' at path '/Users/macbook1/work/ETPattern/Package.swift')
    cd /Users/macbook1/work/ETPattern/ETPattern.xcodeproj
    

SwiftCompile normal arm64 Compiling\ TTSService.swift /Users/macbook1/work/ETPattern/Sources/ETPatternServices/TTSService.swift (in target 'ETPatternServices' from project 'ETPattern' at path '/Users/macbook1/work/ETPattern/Package.swift')
SwiftCompile normal arm64 /Users/macbook1/work/ETPattern/Sources/ETPatternServices/TTSService.swift (in target 'ETPatternServices' from project 'ETPattern' at path '/Users/macbook1/work/ETPattern/Package.swift')
    cd /Users/macbook1/work/ETPattern/ETPattern.xcodeproj
    

SwiftCompile normal arm64 Compiling\ SessionManager.swift /Users/macbook1/work/ETPattern/Sources/ETPatternServices/SessionManager.swift (in target 'ETPatternServices' from project 'ETPattern' at path '/Users/macbook1/work/ETPattern/Package.swift')
SwiftCompile normal arm64 /Users/macbook1/work/ETPattern/Sources/ETPatternServices/SessionManager.swift (in target 'ETPatternServices' from project 'ETPattern' at path '/Users/macbook1/work/ETPattern/Package.swift')
    cd /Users/macbook1/work/ETPattern/ETPattern.xcodeproj
    

SwiftCompile normal arm64 Compiling\ FileManagerService.swift /Users/macbook1/work/ETPattern/Sources/ETPatternServices/FileManagerService.swift (in target 'ETPatternServices' from project 'ETPattern' at path '/Users/macbook1/work/ETPattern/Package.swift')

SwiftCompile normal arm64 /Users/macbook1/work/ETPattern/Sources/ETPatternServices/FileManagerService.swift (in target 'ETPatternServices' from project 'ETPattern' at path '/Users/macbook1/work/ETPattern/Package.swift')
    cd /Users/macbook1/work/ETPattern/ETPattern.xcodeproj
    

SwiftCompile normal arm64 Compiling\ CSVImporter.swift /Users/macbook1/work/ETPattern/Sources/ETPatternServices/CSVImporter.swift (in target 'ETPatternServices' from project 'ETPattern' at path '/Users/macbook1/work/ETPattern/Package.swift')

SwiftCompile normal arm64 /Users/macbook1/work/ETPattern/Sources/ETPatternServices/CSVImporter.swift (in target 'ETPatternServices' from project 'ETPattern' at path '/Users/macbook1/work/ETPattern/Package.swift')
    cd /Users/macbook1/work/ETPattern/ETPattern.xcodeproj
    

SwiftDriverJobDiscovery normal arm64 Compiling FileManagerService.swift (in target 'ETPatternServices' from project 'ETPattern' at path '/Users/macbook1/work/ETPattern/Package.swift')

SwiftDriverJobDiscovery normal arm64 Compiling ShareService.swift (in target 'ETPatternServices' from project 'ETPattern' at path '/Users/macbook1/work/ETPattern/Package.swift')

RegisterExecutionPolicyException /Users/macbook1/Library/Developer/Xcode/DerivedData/ETPattern-ceepkkizhrfttrghnalmrcwlbsmz/Build/Products/Debug-iphoneos/ETPatternCore.o (in target 'ETPatternCore' from project 'ETPattern' at path '/Users/macbook1/work/ETPattern/Package.swift')
    cd /Users/macbook1/work/ETPattern
    builtin-RegisterExecutionPolicyException /Users/macbook1/Library/Developer/Xcode/DerivedData/ETPattern-ceepkkizhrfttrghnalmrcwlbsmz/Build/Products/Debug-iphoneos/ETPatternCore.o

SwiftDriverJobDiscovery normal arm64 Emitting module for ETPatternServices (in target 'ETPatternServices' from project 'ETPattern' at path '/Users/macbook1/work/ETPattern/Package.swift')

SwiftDriver\ Compilation\ Requirements ETPatternServices normal arm64 com.apple.xcode.tools.swift.compiler (in target 'ETPatternServices' from project 'ETPattern' at path '/Users/macbook1/work/ETPattern/Package.swift')
    cd /Users/macbook1/work/ETPattern/ETPattern.xcodeproj
    builtin-Swift-Compilation-Requirements -- /Applications/Xcode.app/Contents/Developer/Toolchains/XcodeDefault.xctoolchain/usr/bin/swiftc -module-name ETPatternServices -Onone -enforce-exclusivity\=checked @/Users/macbook1/Library/Developer/Xcode/DerivedData/ETPattern-ceepkkizhrfttrghnalmrcwlbsmz/Build/Intermediates.noindex/ETPattern.build/Debug-iphoneos/ETPatternServices.build/Objects-normal/arm64/ETPatternServices.SwiftFileList -DSWIFT_PACKAGE -DDEBUG -DSWIFT_MODULE_RESOURCE_BUNDLE_UNAVAILABLE -DXcode -plugin-path /Applications/Xcode.app/Contents/Developer/Toolchains/XcodeDefault.xctoolchain/usr/lib/swift/host/plugins/testing -enable-experimental-feature DebugDescriptionMacro -sdk /Applications/Xcode.app/Contents/Developer/Platforms/iPhoneOS.platform/Developer/SDKs/iPhoneOS26.2.sdk -target arm64-apple-ios18.0 -g -module-cache-path /Users/macbook1/Library/Developer/Xcode/DerivedData/ModuleCache.noindex -Xfrontend -serialize-debugging-options -enable-testing -suppress-warnings -index-store-path /Users/macbook1/Library/Developer/Xcode/DerivedData/ETPattern-ceepkkizhrfttrghnalmrcwlbsmz/Index.noindex/DataStore -Xcc -D_LIBCPP_HARDENING_MODE\=_LIBCPP_HARDENING_MODE_DEBUG -swift-version 6 -I /Users/macbook1/Library/Developer/Xcode/DerivedData/ETPattern-ceepkkizhrfttrghnalmrcwlbsmz/Build/Products/Debug-iphoneos -Isystem /Applications/Xcode.app/Contents/Developer/Platforms/iPhoneOS.platform/Developer/usr/lib -F /Users/macbook1/Library/Developer/Xcode/DerivedData/ETPattern-ceepkkizhrfttrghnalmrcwlbsmz/Build/Products/Debug-iphoneos/PackageFrameworks -F /Users/macbook1/Library/Developer/Xcode/DerivedData/ETPattern-ceepkkizhrfttrghnalmrcwlbsmz/Build/Products/Debug-iphoneos/PackageFrameworks -F /Users/macbook1/Library/Developer/Xcode/DerivedData/ETPattern-ceepkkizhrfttrghnalmrcwlbsmz/Build/Products/Debug-iphoneos -F /Applications/Xcode.app/Contents/Developer/Platforms/iPhoneOS.platform/Developer/Library/Frameworks -F /Applications/Xcode.app/Contents/Developer/Platforms/iPhoneOS.platform/Developer/SDKs/iPhoneOS26.2.sdk/Developer/Library/Frameworks -c -j12 -enable-batch-mode -incremental -Xcc -ivfsstatcache -Xcc /Users/macbook1/Library/Developer/Xcode/DerivedData/SDKStatCaches.noindex/iphoneos26.2-23C53-3885c01c3e6b6a337905948deab2002e3794476bd08197c3e2abd9bb477ef7f7.sdkstatcache -output-file-map /Users/macbook1/Library/Developer/Xcode/DerivedData/ETPattern-ceepkkizhrfttrghnalmrcwlbsmz/Build/Intermediates.noindex/ETPattern.build/Debug-iphoneos/ETPatternServices.build/Objects-normal/arm64/ETPatternServices-OutputFileMap.json -use-frontend-parseable-output -save-temps -no-color-diagnostics -explicit-module-build -module-cache-path /Users/macbook1/Library/Developer/Xcode/DerivedData/ETPattern-ceepkkizhrfttrghnalmrcwlbsmz/Build/Intermediates.noindex/SwiftExplicitPrecompiledModules -clang-scanner-module-cache-path /Users/macbook1/Library/Developer/Xcode/DerivedData/ModuleCache.noindex -sdk-module-cache-path /Users/macbook1/Library/Developer/Xcode/DerivedData/ModuleCache.noindex -serialize-diagnostics -emit-dependencies -emit-module -emit-module-path /Users/macbook1/Library/Developer/Xcode/DerivedData/ETPattern-ceepkkizhrfttrghnalmrcwlbsmz/Build/Intermediates.noindex/ETPattern.build/Debug-iphoneos/ETPatternServices.build/Objects-normal/arm64/ETPatternServices.swiftmodule -validate-clang-modules-once -clang-build-session-file /Users/macbook1/Library/Developer/Xcode/DerivedData/ModuleCache.noindex/Session.modulevalidation -package-name etpattern -Xcc -I/Users/macbook1/Library/Developer/Xcode/DerivedData/ETPattern-ceepkkizhrfttrghnalmrcwlbsmz/Build/Intermediates.noindex/ETPattern.build/Debug-iphoneos/ETPatternServices.build/swift-overrides.hmap -emit-const-values -Xfrontend -const-gather-protocols-file -Xfrontend /Users/macbook1/Library/Developer/Xcode/DerivedData/ETPattern-ceepkkizhrfttrghnalmrcwlbsmz/Build/Intermediates.noindex/ETPattern.build/Debug-iphoneos/ETPatternServices.build/Objects-normal/arm64/ETPatternServices_const_extract_protocols.json -Xcc -I/Users/macbook1/Library/Developer/Xcode/DerivedData/ETPattern-ceepkkizhrfttrghnalmrcwlbsmz/Build/Products/Debug-iphoneos/include -Xcc -I/Users/macbook1/Library/Developer/Xcode/DerivedData/ETPattern-ceepkkizhrfttrghnalmrcwlbsmz/Build/Intermediates.noindex/ETPattern.build/Debug-iphoneos/ETPatternServices.build/DerivedSources-normal/arm64 -Xcc -I/Users/macbook1/Library/Developer/Xcode/DerivedData/ETPattern-ceepkkizhrfttrghnalmrcwlbsmz/Build/Intermediates.noindex/ETPattern.build/Debug-iphoneos/ETPatternServices.build/DerivedSources/arm64 -Xcc -I/Users/macbook1/Library/Developer/Xcode/DerivedData/ETPattern-ceepkkizhrfttrghnalmrcwlbsmz/Build/Intermediates.noindex/ETPattern.build/Debug-iphoneos/ETPatternServices.build/DerivedSources -Xcc -DSWIFT_PACKAGE -Xcc -DDEBUG\=1 -emit-objc-header -emit-objc-header-path /Users/macbook1/Library/Developer/Xcode/DerivedData/ETPattern-ceepkkizhrfttrghnalmrcwlbsmz/Build/Intermediates.noindex/ETPattern.build/Debug-iphoneos/ETPatternServices.build/Objects-normal/arm64/ETPatternServices-Swift.h -working-directory /Users/macbook1/work/ETPattern/ETPattern.xcodeproj -experimental-emit-module-separately -disable-cmo

SwiftDriverJobDiscovery normal arm64 Compiling CardSetRepository.swift (in target 'ETPatternServices' from project 'ETPattern' at path '/Users/macbook1/work/ETPattern/Package.swift')

SwiftMergeGeneratedHeaders /Users/macbook1/Library/Developer/Xcode/DerivedData/ETPattern-ceepkkizhrfttrghnalmrcwlbsmz/Build/Intermediates.noindex/GeneratedModuleMaps-iphoneos/ETPatternServices-Swift.h /Users/macbook1/Library/Developer/Xcode/DerivedData/ETPattern-ceepkkizhrfttrghnalmrcwlbsmz/Build/Intermediates.noindex/ETPattern.build/Debug-iphoneos/ETPatternServices.build/Objects-normal/arm64/ETPatternServices-Swift.h (in target 'ETPatternServices' from project 'ETPattern' at path '/Users/macbook1/work/ETPattern/Package.swift')
    cd /Users/macbook1/work/ETPattern
    builtin-swiftHeaderTool -arch arm64 /Users/macbook1/Library/Developer/Xcode/DerivedData/ETPattern-ceepkkizhrfttrghnalmrcwlbsmz/Build/Intermediates.noindex/ETPattern.build/Debug-iphoneos/ETPatternServices.build/Objects-normal/arm64/ETPatternServices-Swift.h -o /Users/macbook1/Library/Developer/Xcode/DerivedData/ETPattern-ceepkkizhrfttrghnalmrcwlbsmz/Build/Intermediates.noindex/GeneratedModuleMaps-iphoneos/ETPatternServices-Swift.h

Copy /Users/macbook1/Library/Developer/Xcode/DerivedData/ETPattern-ceepkkizhrfttrghnalmrcwlbsmz/Build/Products/Debug-iphoneos/ETPatternServices.swiftmodule/arm64-apple-ios.swiftdoc /Users/macbook1/Library/Developer/Xcode/DerivedData/ETPattern-ceepkkizhrfttrghnalmrcwlbsmz/Build/Intermediates.noindex/ETPattern.build/Debug-iphoneos/ETPatternServices.build/Objects-normal/arm64/ETPatternServices.swiftdoc (in target 'ETPatternServices' from project 'ETPattern' at path '/Users/macbook1/work/ETPattern/Package.swift')
    cd /Users/macbook1/work/ETPattern
    builtin-copy -exclude .DS_Store -exclude CVS -exclude .svn -exclude .git -exclude .hg -resolve-src-symlinks -rename /Users/macbook1/Library/Developer/Xcode/DerivedData/ETPattern-ceepkkizhrfttrghnalmrcwlbsmz/Build/Intermediates.noindex/ETPattern.build/Debug-iphoneos/ETPatternServices.build/Objects-normal/arm64/ETPatternServices.swiftdoc /Users/macbook1/Library/Developer/Xcode/DerivedData/ETPattern-ceepkkizhrfttrghnalmrcwlbsmz/Build/Products/Debug-iphoneos/ETPatternServices.swiftmodule/arm64-apple-ios.swiftdoc

Copy /Users/macbook1/Library/Developer/Xcode/DerivedData/ETPattern-ceepkkizhrfttrghnalmrcwlbsmz/Build/Products/Debug-iphoneos/ETPatternServices.swiftmodule/arm64-apple-ios.abi.json /Users/macbook1/Library/Developer/Xcode/DerivedData/ETPattern-ceepkkizhrfttrghnalmrcwlbsmz/Build/Intermediates.noindex/ETPattern.build/Debug-iphoneos/ETPatternServices.build/Objects-normal/arm64/ETPatternServices.abi.json (in target 'ETPatternServices' from project 'ETPattern' at path '/Users/macbook1/work/ETPattern/Package.swift')
    cd /Users/macbook1/work/ETPattern
    builtin-copy -exclude .DS_Store -exclude CVS -exclude .svn -exclude .git -exclude .hg -resolve-src-symlinks -rename /Users/macbook1/Library/Developer/Xcode/DerivedData/ETPattern-ceepkkizhrfttrghnalmrcwlbsmz/Build/Intermediates.noindex/ETPattern.build/Debug-iphoneos/ETPatternServices.build/Objects-normal/arm64/ETPatternServices.abi.json /Users/macbook1/Library/Developer/Xcode/DerivedData/ETPattern-ceepkkizhrfttrghnalmrcwlbsmz/Build/Products/Debug-iphoneos/ETPatternServices.swiftmodule/arm64-apple-ios.abi.json

Copy /Users/macbook1/Library/Developer/Xcode/DerivedData/ETPattern-ceepkkizhrfttrghnalmrcwlbsmz/Build/Products/Debug-iphoneos/ETPatternServices.swiftmodule/arm64-apple-ios.swiftmodule /Users/macbook1/Library/Developer/Xcode/DerivedData/ETPattern-ceepkkizhrfttrghnalmrcwlbsmz/Build/Intermediates.noindex/ETPattern.build/Debug-iphoneos/ETPatternServices.build/Objects-normal/arm64/ETPatternServices.swiftmodule (in target 'ETPatternServices' from project 'ETPattern' at path '/Users/macbook1/work/ETPattern/Package.swift')
    cd /Users/macbook1/work/ETPattern
    builtin-copy -exclude .DS_Store -exclude CVS -exclude .svn -exclude .git -exclude .hg -resolve-src-symlinks -rename /Users/macbook1/Library/Developer/Xcode/DerivedData/ETPattern-ceepkkizhrfttrghnalmrcwlbsmz/Build/Intermediates.noindex/ETPattern.build/Debug-iphoneos/ETPatternServices.build/Objects-normal/arm64/ETPatternServices.swiftmodule /Users/macbook1/Library/Developer/Xcode/DerivedData/ETPattern-ceepkkizhrfttrghnalmrcwlbsmz/Build/Products/Debug-iphoneos/ETPatternServices.swiftmodule/arm64-apple-ios.swiftmodule

Copy /Users/macbook1/Library/Developer/Xcode/DerivedData/ETPattern-ceepkkizhrfttrghnalmrcwlbsmz/Build/Products/Debug-iphoneos/ETPatternServices.swiftmodule/Project/arm64-apple-ios.swiftsourceinfo /Users/macbook1/Library/Developer/Xcode/DerivedData/ETPattern-ceepkkizhrfttrghnalmrcwlbsmz/Build/Intermediates.noindex/ETPattern.build/Debug-iphoneos/ETPatternServices.build/Objects-normal/arm64/ETPatternServices.swiftsourceinfo (in target 'ETPatternServices' from project 'ETPattern' at path '/Users/macbook1/work/ETPattern/Package.swift')
    cd /Users/macbook1/work/ETPattern
    builtin-copy -exclude .DS_Store -exclude CVS -exclude .svn -exclude .git -exclude .hg -resolve-src-symlinks -rename /Users/macbook1/Library/Developer/Xcode/DerivedData/ETPattern-ceepkkizhrfttrghnalmrcwlbsmz/Build/Intermediates.noindex/ETPattern.build/Debug-iphoneos/ETPatternServices.build/Objects-normal/arm64/ETPatternServices.swiftsourceinfo /Users/macbook1/Library/Developer/Xcode/DerivedData/ETPattern-ceepkkizhrfttrghnalmrcwlbsmz/Build/Products/Debug-iphoneos/ETPatternServices.swiftmodule/Project/arm64-apple-ios.swiftsourceinfo

ProcessProductPackaging "" /Users/macbook1/Library/Developer/Xcode/DerivedData/ETPattern-ceepkkizhrfttrghnalmrcwlbsmz/Build/Intermediates.noindex/ETPattern.build/Debug-iphoneos/ETPattern.build/ETPattern.app.xcent (in target 'ETPattern' from project 'ETPattern' at path '/Users/macbook1/work/ETPattern/ETPattern.xcodeproj')
    cd /Users/macbook1/work/ETPattern
    
    Entitlements:
    
    {
    "application-identifier" = "F674YT87QV.com.jackxhb.ETPattern";
    "com.apple.developer.team-identifier" = F674YT87QV;
    "get-task-allow" = 1;
}
    
    builtin-productPackagingUtility -entitlements -format xml -o /Users/macbook1/Library/Developer/Xcode/DerivedData/ETPattern-ceepkkizhrfttrghnalmrcwlbsmz/Build/Intermediates.noindex/ETPattern.build/Debug-iphoneos/ETPattern.build/ETPattern.app.xcent

ProcessProductPackaging /Users/macbook1/Library/Developer/Xcode/UserData/Provisioning\ Profiles/e88acff7-a919-4604-80e5-0916bb48bee1.mobileprovision /Users/macbook1/Library/Developer/Xcode/DerivedData/ETPattern-ceepkkizhrfttrghnalmrcwlbsmz/Build/Products/Debug-iphoneos/ETPattern.app/embedded.mobileprovision (in target 'ETPattern' from project 'ETPattern' at path '/Users/macbook1/work/ETPattern/ETPattern.xcodeproj')
    cd /Users/macbook1/work/ETPattern
    builtin-productPackagingUtility /Users/macbook1/Library/Developer/Xcode/UserData/Provisioning\ Profiles/e88acff7-a919-4604-80e5-0916bb48bee1.mobileprovision -o /Users/macbook1/Library/Developer/Xcode/DerivedData/ETPattern-ceepkkizhrfttrghnalmrcwlbsmz/Build/Products/Debug-iphoneos/ETPattern.app/embedded.mobileprovision

ProcessProductPackagingDER /Users/macbook1/Library/Developer/Xcode/DerivedData/ETPattern-ceepkkizhrfttrghnalmrcwlbsmz/Build/Intermediates.noindex/ETPattern.build/Debug-iphoneos/ETPattern.build/ETPattern.app.xcent /Users/macbook1/Library/Developer/Xcode/DerivedData/ETPattern-ceepkkizhrfttrghnalmrcwlbsmz/Build/Intermediates.noindex/ETPattern.build/Debug-iphoneos/ETPattern.build/ETPattern.app.xcent.der (in target 'ETPattern' from project 'ETPattern' at path '/Users/macbook1/work/ETPattern/ETPattern.xcodeproj')
    cd /Users/macbook1/work/ETPattern
    /usr/bin/derq query -f xml -i /Users/macbook1/Library/Developer/Xcode/DerivedData/ETPattern-ceepkkizhrfttrghnalmrcwlbsmz/Build/Intermediates.noindex/ETPattern.build/Debug-iphoneos/ETPattern.build/ETPattern.app.xcent -o /Users/macbook1/Library/Developer/Xcode/DerivedData/ETPattern-ceepkkizhrfttrghnalmrcwlbsmz/Build/Intermediates.noindex/ETPattern.build/Debug-iphoneos/ETPattern.build/ETPattern.app.xcent.der --raw

GenerateAssetSymbols /Users/macbook1/work/ETPattern/ETPattern/Assets.xcassets (in target 'ETPattern' from project 'ETPattern' at path '/Users/macbook1/work/ETPattern/ETPattern.xcodeproj')
    cd /Users/macbook1/work/ETPattern
    /Applications/Xcode.app/Contents/Developer/usr/bin/actool /Users/macbook1/work/ETPattern/ETPattern/Assets.xcassets --compile /Users/macbook1/Library/Developer/Xcode/DerivedData/ETPattern-ceepkkizhrfttrghnalmrcwlbsmz/Build/Products/Debug-iphoneos/ETPattern.app --output-format human-readable-text --notices --warnings --export-dependency-info /Users/macbook1/Library/Developer/Xcode/DerivedData/ETPattern-ceepkkizhrfttrghnalmrcwlbsmz/Build/Intermediates.noindex/ETPattern.build/Debug-iphoneos/ETPattern.build/assetcatalog_dependencies --output-partial-info-plist /Users/macbook1/Library/Developer/Xcode/DerivedData/ETPattern-ceepkkizhrfttrghnalmrcwlbsmz/Build/Intermediates.noindex/ETPattern.build/Debug-iphoneos/ETPattern.build/assetcatalog_generated_info.plist --app-icon AppIcon --include-all-app-icons --accent-color AccentColor --compress-pngs --enable-on-demand-resources YES --development-region en --target-device iphone --target-device ipad --minimum-deployment-target 18.0 --platform iphoneos --bundle-identifier com.jackxhb.ETPattern --generate-swift-asset-symbols /Users/macbook1/Library/Developer/Xcode/DerivedData/ETPattern-ceepkkizhrfttrghnalmrcwlbsmz/Build/Intermediates.noindex/ETPattern.build/Debug-iphoneos/ETPattern.build/DerivedSources/GeneratedAssetSymbols.swift --generate-objc-asset-symbols /Users/macbook1/Library/Developer/Xcode/DerivedData/ETPattern-ceepkkizhrfttrghnalmrcwlbsmz/Build/Intermediates.noindex/ETPattern.build/Debug-iphoneos/ETPattern.build/DerivedSources/GeneratedAssetSymbols.h --generate-asset-symbol-index /Users/macbook1/Library/Developer/Xcode/DerivedData/ETPattern-ceepkkizhrfttrghnalmrcwlbsmz/Build/Intermediates.noindex/ETPattern.build/Debug-iphoneos/ETPattern.build/DerivedSources/GeneratedAssetSymbols-Index.plist
/* com.apple.actool.compilation-results */
/Users/macbook1/Library/Developer/Xcode/DerivedData/ETPattern-ceepkkizhrfttrghnalmrcwlbsmz/Build/Intermediates.noindex/ETPattern.build/Debug-iphoneos/ETPattern.build/DerivedSources/GeneratedAssetSymbols-Index.plist
/Users/macbook1/Library/Developer/Xcode/DerivedData/ETPattern-ceepkkizhrfttrghnalmrcwlbsmz/Build/Intermediates.noindex/ETPattern.build/Debug-iphoneos/ETPattern.build/DerivedSources/GeneratedAssetSymbols.h
/Users/macbook1/Library/Developer/Xcode/DerivedData/ETPattern-ceepkkizhrfttrghnalmrcwlbsmz/Build/Intermediates.noindex/ETPattern.build/Debug-iphoneos/ETPattern.build/DerivedSources/GeneratedAssetSymbols.swift


MkDir /Users/macbook1/Library/Developer/Xcode/DerivedData/ETPattern-ceepkkizhrfttrghnalmrcwlbsmz/Build/Intermediates.noindex/ETPattern.build/Debug-iphoneos/ETPattern.build/assetcatalog_output/unthinned (in target 'ETPattern' from project 'ETPattern' at path '/Users/macbook1/work/ETPattern/ETPattern.xcodeproj')
    cd /Users/macbook1/work/ETPattern
    /bin/mkdir -p /Users/macbook1/Library/Developer/Xcode/DerivedData/ETPattern-ceepkkizhrfttrghnalmrcwlbsmz/Build/Intermediates.noindex/ETPattern.build/Debug-iphoneos/ETPattern.build/assetcatalog_output/unthinned

MkDir /Users/macbook1/Library/Developer/Xcode/DerivedData/ETPattern-ceepkkizhrfttrghnalmrcwlbsmz/Build/Intermediates.noindex/ETPattern.build/Debug-iphoneos/ETPattern.build/assetcatalog_output/thinned (in target 'ETPattern' from project 'ETPattern' at path '/Users/macbook1/work/ETPattern/ETPattern.xcodeproj')
    cd /Users/macbook1/work/ETPattern
    /bin/mkdir -p /Users/macbook1/Library/Developer/Xcode/DerivedData/ETPattern-ceepkkizhrfttrghnalmrcwlbsmz/Build/Intermediates.noindex/ETPattern.build/Debug-iphoneos/ETPattern.build/assetcatalog_output/thinned

CompileAssetCatalogVariant thinned /Users/macbook1/Library/Developer/Xcode/DerivedData/ETPattern-ceepkkizhrfttrghnalmrcwlbsmz/Build/Products/Debug-iphoneos/ETPattern.app /Users/macbook1/work/ETPattern/ETPattern/Assets.xcassets (in target 'ETPattern' from project 'ETPattern' at path '/Users/macbook1/work/ETPattern/ETPattern.xcodeproj')
    cd /Users/macbook1/work/ETPattern
    /Applications/Xcode.app/Contents/Developer/usr/bin/actool /Users/macbook1/work/ETPattern/ETPattern/Assets.xcassets --compile /Users/macbook1/Library/Developer/Xcode/DerivedData/ETPattern-ceepkkizhrfttrghnalmrcwlbsmz/Build/Intermediates.noindex/ETPattern.build/Debug-iphoneos/ETPattern.build/assetcatalog_output/thinned --output-format human-readable-text --notices --warnings --export-dependency-info /Users/macbook1/Library/Developer/Xcode/DerivedData/ETPattern-ceepkkizhrfttrghnalmrcwlbsmz/Build/Intermediates.noindex/ETPattern.build/Debug-iphoneos/ETPattern.build/assetcatalog_dependencies_thinned --output-partial-info-plist /Users/macbook1/Library/Developer/Xcode/DerivedData/ETPattern-ceepkkizhrfttrghnalmrcwlbsmz/Build/Intermediates.noindex/ETPattern.build/Debug-iphoneos/ETPattern.build/assetcatalog_generated_info.plist_thinned --app-icon AppIcon --include-all-app-icons --accent-color AccentColor --compress-pngs --enable-on-demand-resources YES --development-region en --target-device iphone --target-device ipad --minimum-deployment-target 18.0 --platform iphoneos

SwiftDriver ETPattern normal arm64 com.apple.xcode.tools.swift.compiler (in target 'ETPattern' from project 'ETPattern' at path '/Users/macbook1/work/ETPattern/ETPattern.xcodeproj')
    cd /Users/macbook1/work/ETPattern
    builtin-SwiftDriver -- /Applications/Xcode.app/Contents/Developer/Toolchains/XcodeDefault.xctoolchain/usr/bin/swiftc -module-name ETPattern -Onone -enforce-exclusivity\=checked @/Users/macbook1/Library/Developer/Xcode/DerivedData/ETPattern-ceepkkizhrfttrghnalmrcwlbsmz/Build/Intermediates.noindex/ETPattern.build/Debug-iphoneos/ETPattern.build/Objects-normal/arm64/ETPattern.SwiftFileList -DDEBUG -default-isolation\=MainActor -enable-upcoming-feature MemberImportVisibility -enable-upcoming-feature InferIsolatedConformances -enable-upcoming-feature NonisolatedNonsendingByDefault -enable-experimental-feature DebugDescriptionMacro -sdk /Applications/Xcode.app/Contents/Developer/Platforms/iPhoneOS.platform/Developer/SDKs/iPhoneOS26.2.sdk -target arm64-apple-ios18.0 -g -module-cache-path /Users/macbook1/Library/Developer/Xcode/DerivedData/ModuleCache.noindex -Xfrontend -serialize-debugging-options -enable-testing -index-store-path /Users/macbook1/Library/Developer/Xcode/DerivedData/ETPattern-ceepkkizhrfttrghnalmrcwlbsmz/Index.noindex/DataStore -Xcc -D_LIBCPP_HARDENING_MODE\=_LIBCPP_HARDENING_MODE_DEBUG -swift-version 6 -I /Users/macbook1/Library/Developer/Xcode/DerivedData/ETPattern-ceepkkizhrfttrghnalmrcwlbsmz/Build/Products/Debug-iphoneos -F /Users/macbook1/Library/Developer/Xcode/DerivedData/ETPattern-ceepkkizhrfttrghnalmrcwlbsmz/Build/Products/Debug-iphoneos/PackageFrameworks -F /Users/macbook1/Library/Developer/Xcode/DerivedData/ETPattern-ceepkkizhrfttrghnalmrcwlbsmz/Build/Products/Debug-iphoneos/PackageFrameworks -F /Users/macbook1/Library/Developer/Xcode/DerivedData/ETPattern-ceepkkizhrfttrghnalmrcwlbsmz/Build/Products/Debug-iphoneos/PackageFrameworks -F /Users/macbook1/Library/Developer/Xcode/DerivedData/ETPattern-ceepkkizhrfttrghnalmrcwlbsmz/Build/Products/Debug-iphoneos -emit-localized-strings -emit-localized-strings-path /Users/macbook1/Library/Developer/Xcode/DerivedData/ETPattern-ceepkkizhrfttrghnalmrcwlbsmz/Build/Intermediates.noindex/ETPattern.build/Debug-iphoneos/ETPattern.build/Objects-normal/arm64 -c -j12 -enable-batch-mode -incremental -Xcc -ivfsstatcache -Xcc /Users/macbook1/Library/Developer/Xcode/DerivedData/SDKStatCaches.noindex/iphoneos26.2-23C53-3885c01c3e6b6a337905948deab2002e3794476bd08197c3e2abd9bb477ef7f7.sdkstatcache -output-file-map /Users/macbook1/Library/Developer/Xcode/DerivedData/ETPattern-ceepkkizhrfttrghnalmrcwlbsmz/Build/Intermediates.noindex/ETPattern.build/Debug-iphoneos/ETPattern.build/Objects-normal/arm64/ETPattern-OutputFileMap.json -use-frontend-parseable-output -save-temps -no-color-diagnostics -explicit-module-build -module-cache-path /Users/macbook1/Library/Developer/Xcode/DerivedData/ETPattern-ceepkkizhrfttrghnalmrcwlbsmz/Build/Intermediates.noindex/SwiftExplicitPrecompiledModules -clang-scanner-module-cache-path /Users/macbook1/Library/Developer/Xcode/DerivedData/ModuleCache.noindex -sdk-module-cache-path /Users/macbook1/Library/Developer/Xcode/DerivedData/ModuleCache.noindex -serialize-diagnostics -emit-dependencies -emit-module -emit-module-path /Users/macbook1/Library/Developer/Xcode/DerivedData/ETPattern-ceepkkizhrfttrghnalmrcwlbsmz/Build/Intermediates.noindex/ETPattern.build/Debug-iphoneos/ETPattern.build/Objects-normal/arm64/ETPattern.swiftmodule -validate-clang-modules-once -clang-build-session-file /Users/macbook1/Library/Developer/Xcode/DerivedData/ModuleCache.noindex/Session.modulevalidation -Xcc -I/Users/macbook1/Library/Developer/Xcode/DerivedData/ETPattern-ceepkkizhrfttrghnalmrcwlbsmz/Build/Intermediates.noindex/ETPattern.build/Debug-iphoneos/ETPattern.build/swift-overrides.hmap -emit-const-values -Xfrontend -const-gather-protocols-file -Xfrontend /Users/macbook1/Library/Developer/Xcode/DerivedData/ETPattern-ceepkkizhrfttrghnalmrcwlbsmz/Build/Intermediates.noindex/ETPattern.build/Debug-iphoneos/ETPattern.build/Objects-normal/arm64/ETPattern_const_extract_protocols.json -Xcc -iquote -Xcc /Users/macbook1/Library/Developer/Xcode/DerivedData/ETPattern-ceepkkizhrfttrghnalmrcwlbsmz/Build/Intermediates.noindex/ETPattern.build/Debug-iphoneos/ETPattern.build/ETPattern-generated-files.hmap -Xcc -I/Users/macbook1/Library/Developer/Xcode/DerivedData/ETPattern-ceepkkizhrfttrghnalmrcwlbsmz/Build/Intermediates.noindex/ETPattern.build/Debug-iphoneos/ETPattern.build/ETPattern-own-target-headers.hmap -Xcc -I/Users/macbook1/Library/Developer/Xcode/DerivedData/ETPattern-ceepkkizhrfttrghnalmrcwlbsmz/Build/Intermediates.noindex/ETPattern.build/Debug-iphoneos/ETPattern.build/ETPattern-all-non-framework-target-headers.hmap -Xcc -ivfsoverlay -Xcc /Users/macbook1/Library/Developer/Xcode/DerivedData/ETPattern-ceepkkizhrfttrghnalmrcwlbsmz/Build/Intermediates.noindex/ETPattern.build/Debug-iphoneos/ETPattern-4f684d0670f1d1eac4b2bc96cee8f87b-VFS-iphoneos/all-product-headers.yaml -Xcc -iquote -Xcc /Users/macbook1/Library/Developer/Xcode/DerivedData/ETPattern-ceepkkizhrfttrghnalmrcwlbsmz/Build/Intermediates.noindex/ETPattern.build/Debug-iphoneos/ETPattern.build/ETPattern-project-headers.hmap -Xcc -I/Users/macbook1/Library/Developer/Xcode/DerivedData/ETPattern-ceepkkizhrfttrghnalmrcwlbsmz/Build/Products/Debug-iphoneos/include -Xcc -I/Users/macbook1/Library/Developer/Xcode/DerivedData/ETPattern-ceepkkizhrfttrghnalmrcwlbsmz/Build/Intermediates.noindex/ETPattern.build/Debug-iphoneos/ETPattern.build/DerivedSources-normal/arm64 -Xcc -I/Users/macbook1/Library/Developer/Xcode/DerivedData/ETPattern-ceepkkizhrfttrghnalmrcwlbsmz/Build/Intermediates.noindex/ETPattern.build/Debug-iphoneos/ETPattern.build/DerivedSources/arm64 -Xcc -I/Users/macbook1/Library/Developer/Xcode/DerivedData/ETPattern-ceepkkizhrfttrghnalmrcwlbsmz/Build/Intermediates.noindex/ETPattern.build/Debug-iphoneos/ETPattern.build/DerivedSources -Xcc -DDEBUG\=1 -emit-objc-header -emit-objc-header-path /Users/macbook1/Library/Developer/Xcode/DerivedData/ETPattern-ceepkkizhrfttrghnalmrcwlbsmz/Build/Intermediates.noindex/ETPattern.build/Debug-iphoneos/ETPattern.build/Objects-normal/arm64/ETPattern-Swift.h -working-directory /Users/macbook1/work/ETPattern -experimental-emit-module-separately -disable-cmo

SwiftDriverJobDiscovery normal arm64 Compiling PaginatedCardSetDataSource.swift (in target 'ETPatternServices' from project 'ETPattern' at path '/Users/macbook1/work/ETPattern/Package.swift')

SwiftDriverJobDiscovery normal arm64 Compiling CSVImporter.swift (in target 'ETPatternServices' from project 'ETPattern' at path '/Users/macbook1/work/ETPattern/Package.swift')

SwiftDriverJobDiscovery normal arm64 Compiling CSVService.swift (in target 'ETPatternServices' from project 'ETPattern' at path '/Users/macbook1/work/ETPattern/Package.swift')

SwiftDriverJobDiscovery normal arm64 Compiling SpacedRepetitionService.swift (in target 'ETPatternServices' from project 'ETPattern' at path '/Users/macbook1/work/ETPattern/Package.swift')

SwiftDriverJobDiscovery normal arm64 Compiling TTSService.swift (in target 'ETPatternServices' from project 'ETPattern' at path '/Users/macbook1/work/ETPattern/Package.swift')

SwiftCompile normal arm64 Compiling\ OnboardingView.swift,\ ProgressCircle.swift /Users/macbook1/work/ETPattern/ETPattern/Views/OnboardingView.swift /Users/macbook1/work/ETPattern/ETPattern/Views/ProgressCircle.swift (in target 'ETPattern' from project 'ETPattern' at path '/Users/macbook1/work/ETPattern/ETPattern.xcodeproj')
SwiftCompile normal arm64 /Users/macbook1/work/ETPattern/ETPattern/Views/OnboardingView.swift (in target 'ETPattern' from project 'ETPattern' at path '/Users/macbook1/work/ETPattern/ETPattern.xcodeproj')
    cd /Users/macbook1/work/ETPattern
    

SwiftCompile normal arm64 /Users/macbook1/work/ETPattern/ETPattern/Views/ProgressCircle.swift (in target 'ETPattern' from project 'ETPattern' at path '/Users/macbook1/work/ETPattern/ETPattern.xcodeproj')
    cd /Users/macbook1/work/ETPattern
    

SwiftCompile normal arm64 Compiling\ Theme.swift,\ ThemeUsageExample.swift /Users/macbook1/work/ETPattern/ETPattern/Utilities/Theme.swift /Users/macbook1/work/ETPattern/ETPattern/Utilities/ThemeUsageExample.swift (in target 'ETPattern' from project 'ETPattern' at path '/Users/macbook1/work/ETPattern/ETPattern.xcodeproj')

SwiftCompile normal arm64 /Users/macbook1/work/ETPattern/ETPattern/Utilities/Theme.swift (in target 'ETPattern' from project 'ETPattern' at path '/Users/macbook1/work/ETPattern/ETPattern.xcodeproj')
    cd /Users/macbook1/work/ETPattern
    

SwiftCompile normal arm64 /Users/macbook1/work/ETPattern/ETPattern/Utilities/ThemeUsageExample.swift (in target 'ETPattern' from project 'ETPattern' at path '/Users/macbook1/work/ETPattern/ETPattern.xcodeproj')
    cd /Users/macbook1/work/ETPattern
    

SwiftCompile normal arm64 Compiling\ AppError.swift,\ Extensions.swift /Users/macbook1/work/ETPattern/ETPattern/Utilities/AppError.swift /Users/macbook1/work/ETPattern/ETPattern/Utilities/Extensions.swift (in target 'ETPattern' from project 'ETPattern' at path '/Users/macbook1/work/ETPattern/ETPattern.xcodeproj')

SwiftCompile normal arm64 /Users/macbook1/work/ETPattern/ETPattern/Utilities/AppError.swift (in target 'ETPattern' from project 'ETPattern' at path '/Users/macbook1/work/ETPattern/ETPattern.xcodeproj')
    cd /Users/macbook1/work/ETPattern
    

SwiftCompile normal arm64 /Users/macbook1/work/ETPattern/ETPattern/Utilities/Extensions.swift (in target 'ETPattern' from project 'ETPattern' at path '/Users/macbook1/work/ETPattern/ETPattern.xcodeproj')
    cd /Users/macbook1/work/ETPattern
    

SwiftCompile normal arm64 Compiling\ HeaderView.swift,\ ImportView.swift /Users/macbook1/work/ETPattern/ETPattern/Views/HeaderView.swift /Users/macbook1/work/ETPattern/ETPattern/Views/ImportView.swift (in target 'ETPattern' from project 'ETPattern' at path '/Users/macbook1/work/ETPattern/ETPattern.xcodeproj')

SwiftCompile normal arm64 /Users/macbook1/work/ETPattern/ETPattern/Views/HeaderView.swift (in target 'ETPattern' from project 'ETPattern' at path '/Users/macbook1/work/ETPattern/ETPattern.xcodeproj')
    cd /Users/macbook1/work/ETPattern
    

SwiftCompile normal arm64 /Users/macbook1/work/ETPattern/ETPattern/Views/ImportView.swift (in target 'ETPattern' from project 'ETPattern' at path '/Users/macbook1/work/ETPattern/ETPattern.xcodeproj')
    cd /Users/macbook1/work/ETPattern
    

SwiftCompile normal arm64 Compiling\ DeckDetailView.swift,\ DeckListView.swift /Users/macbook1/work/ETPattern/ETPattern/Views/DeckDetailView.swift /Users/macbook1/work/ETPattern/ETPattern/Views/DeckListView.swift (in target 'ETPattern' from project 'ETPattern' at path '/Users/macbook1/work/ETPattern/ETPattern.xcodeproj')

SwiftCompile normal arm64 /Users/macbook1/work/ETPattern/ETPattern/Views/DeckDetailView.swift (in target 'ETPattern' from project 'ETPattern' at path '/Users/macbook1/work/ETPattern/ETPattern.xcodeproj')
    cd /Users/macbook1/work/ETPattern
    

SwiftCompile normal arm64 /Users/macbook1/work/ETPattern/ETPattern/Views/DeckListView.swift (in target 'ETPattern' from project 'ETPattern' at path '/Users/macbook1/work/ETPattern/ETPattern.xcodeproj')
    cd /Users/macbook1/work/ETPattern
    

SwiftCompile normal arm64 Compiling\ SessionStatsView.swift,\ SettingsView.swift /Users/macbook1/work/ETPattern/ETPattern/Views/SessionStatsView.swift /Users/macbook1/work/ETPattern/ETPattern/Views/SettingsView.swift (in target 'ETPattern' from project 'ETPattern' at path '/Users/macbook1/work/ETPattern/ETPattern.xcodeproj')

SwiftCompile normal arm64 /Users/macbook1/work/ETPattern/ETPattern/Views/SessionStatsView.swift (in target 'ETPattern' from project 'ETPattern' at path '/Users/macbook1/work/ETPattern/ETPattern.xcodeproj')
    cd /Users/macbook1/work/ETPattern
    

SwiftCompile normal arm64 /Users/macbook1/work/ETPattern/ETPattern/Views/SettingsView.swift (in target 'ETPattern' from project 'ETPattern' at path '/Users/macbook1/work/ETPattern/ETPattern.xcodeproj')
    cd /Users/macbook1/work/ETPattern
    

SwiftCompile normal arm64 Compiling\ SharedBottomControlBarView.swift,\ SharedEmptyStateView.swift /Users/macbook1/work/ETPattern/ETPattern/Views/SharedBottomControlBarView.swift /Users/macbook1/work/ETPattern/ETPattern/Views/SharedEmptyStateView.swift (in target 'ETPattern' from project 'ETPattern' at path '/Users/macbook1/work/ETPattern/ETPattern.xcodeproj')

SwiftCompile normal arm64 /Users/macbook1/work/ETPattern/ETPattern/Views/SharedBottomControlBarView.swift (in target 'ETPattern' from project 'ETPattern' at path '/Users/macbook1/work/ETPattern/ETPattern.xcodeproj')
    cd /Users/macbook1/work/ETPattern
    

SwiftCompile normal arm64 /Users/macbook1/work/ETPattern/ETPattern/Views/SharedEmptyStateView.swift (in target 'ETPattern' from project 'ETPattern' at path '/Users/macbook1/work/ETPattern/ETPattern.xcodeproj')
    cd /Users/macbook1/work/ETPattern
    

SwiftCompile normal arm64 Compiling\ AutoPlayView.swift,\ ContentViewModel.swift /Users/macbook1/work/ETPattern/ETPattern/Views/AutoPlayView.swift /Users/macbook1/work/ETPattern/ETPattern/Views/ContentViewModel.swift (in target 'ETPattern' from project 'ETPattern' at path '/Users/macbook1/work/ETPattern/ETPattern.xcodeproj')
SwiftCompile normal arm64 /Users/macbook1/work/ETPattern/ETPattern/Views/AutoPlayView.swift (in target 'ETPattern' from project 'ETPattern' at path '/Users/macbook1/work/ETPattern/ETPattern.xcodeproj')
    cd /Users/macbook1/work/ETPattern
    

SwiftCompile normal arm64 /Users/macbook1/work/ETPattern/ETPattern/Views/ContentViewModel.swift (in target 'ETPattern' from project 'ETPattern' at path '/Users/macbook1/work/ETPattern/ETPattern.xcodeproj')
    cd /Users/macbook1/work/ETPattern
    

SwiftEmitModule normal arm64 Emitting\ module\ for\ ETPattern (in target 'ETPattern' from project 'ETPattern' at path '/Users/macbook1/work/ETPattern/ETPattern.xcodeproj')

EmitSwiftModule normal arm64 (in target 'ETPattern' from project 'ETPattern' at path '/Users/macbook1/work/ETPattern/ETPattern.xcodeproj')
    cd /Users/macbook1/work/ETPattern
    

SwiftCompile normal arm64 Compiling\ SplashView.swift,\ StudyView.swift /Users/macbook1/work/ETPattern/ETPattern/Views/SplashView.swift /Users/macbook1/work/ETPattern/ETPattern/Views/StudyView.swift (in target 'ETPattern' from project 'ETPattern' at path '/Users/macbook1/work/ETPattern/ETPattern.xcodeproj')
Failed frontend command:
/Applications/Xcode.app/Contents/Developer/Toolchains/XcodeDefault.xctoolchain/usr/bin/swift-frontend -frontend -c /Users/macbook1/work/ETPattern/ETPattern/Utilities/AppError.swift /Users/macbook1/work/ETPattern/ETPattern/Utilities/Extensions.swift /Users/macbook1/work/ETPattern/ETPattern/Utilities/Theme.swift /Users/macbook1/work/ETPattern/ETPattern/Utilities/ThemeUsageExample.swift /Users/macbook1/work/ETPattern/ETPattern/Views/AutoPlayView.swift /Users/macbook1/work/ETPattern/ETPattern/Views/ContentViewModel.swift /Users/macbook1/work/ETPattern/ETPattern/Views/DeckDetailView.swift /Users/macbook1/work/ETPattern/ETPattern/Views/DeckListView.swift /Users/macbook1/work/ETPattern/ETPattern/Views/HeaderView.swift /Users/macbook1/work/ETPattern/ETPattern/Views/ImportView.swift /Users/macbook1/work/ETPattern/ETPattern/Views/OnboardingView.swift /Users/macbook1/work/ETPattern/ETPattern/Views/ProgressCircle.swift /Users/macbook1/work/ETPattern/ETPattern/Views/SessionStatsView.swift /Users/macbook1/work/ETPattern/ETPattern/Views/SettingsView.swift /Users/macbook1/work/ETPattern/ETPattern/Views/SharedBottomControlBarView.swift /Users/macbook1/work/ETPattern/ETPattern/Views/SharedEmptyStateView.swift /Users/macbook1/work/ETPattern/ETPattern/Views/SharedMainControlsView.swift /Users/macbook1/work/ETPattern/ETPattern/Views/SharedViews.swift -primary-file /Users/macbook1/work/ETPattern/ETPattern/Views/SplashView.swift -primary-file /Users/macbook1/work/ETPattern/ETPattern/Views/StudyView.swift /Users/macbook1/work/ETPattern/ETPattern/ContentView.swift /Users/macbook1/work/ETPattern/ETPattern/ETPatternApp.swift /Users/macbook1/work/ETPattern/ETPattern/Persistence.swift /Users/macbook1/Library/Developer/Xcode/DerivedData/ETPattern-ceepkkizhrfttrghnalmrcwlbsmz/Build/Intermediates.noindex/ETPattern.build/Debug-iphoneos/ETPattern.build/DerivedSources/GeneratedAssetSymbols.swift -emit-dependencies-path /Users/macbook1/Library/Developer/Xcode/DerivedData/ETPattern-ceepkkizhrfttrghnalmrcwlbsmz/Build/Intermediates.noindex/ETPattern.build/Debug-iphoneos/ETPattern.build/Objects-normal/arm64/SplashView.d -emit-const-values-path /Users/macbook1/Library/Developer/Xcode/DerivedData/ETPattern-ceepkkizhrfttrghnalmrcwlbsmz/Build/Intermediates.noindex/ETPattern.build/Debug-iphoneos/ETPattern.build/Objects-normal/arm64/SplashView.swiftconstvalues -emit-reference-dependencies-path /Users/macbook1/Library/Developer/Xcode/DerivedData/ETPattern-ceepkkizhrfttrghnalmrcwlbsmz/Build/Intermediates.noindex/ETPattern.build/Debug-iphoneos/ETPattern.build/Objects-normal/arm64/SplashView.swiftdeps -serialize-diagnostics-path /Users/macbook1/Library/Developer/Xcode/DerivedData/ETPattern-ceepkkizhrfttrghnalmrcwlbsmz/Build/Intermediates.noindex/ETPattern.build/Debug-iphoneos/ETPattern.build/Objects-normal/arm64/SplashView.dia -emit-dependencies-path /Users/macbook1/Library/Developer/Xcode/DerivedData/ETPattern-ceepkkizhrfttrghnalmrcwlbsmz/Build/Intermediates.noindex/ETPattern.build/Debug-iphoneos/ETPattern.build/Objects-normal/arm64/StudyView.d -emit-const-values-path /Users/macbook1/Library/Developer/Xcode/DerivedData/ETPattern-ceepkkizhrfttrghnalmrcwlbsmz/Build/Intermediates.noindex/ETPattern.build/Debug-iphoneos/ETPattern.build/Objects-normal/arm64/StudyView.swiftconstvalues -emit-reference-dependencies-path /Users/macbook1/Library/Developer/Xcode/DerivedData/ETPattern-ceepkkizhrfttrghnalmrcwlbsmz/Build/Intermediates.noindex/ETPattern.build/Debug-iphoneos/ETPattern.build/Objects-normal/arm64/StudyView.swiftdeps -serialize-diagnostics-path /Users/macbook1/Library/Developer/Xcode/DerivedData/ETPattern-ceepkkizhrfttrghnalmrcwlbsmz/Build/Intermediates.noindex/ETPattern.build/Debug-iphoneos/ETPattern.build/Objects-normal/arm64/StudyView.dia -emit-localized-strings -emit-localized-strings-path /Users/macbook1/Library/Developer/Xcode/DerivedData/ETPattern-ceepkkizhrfttrghnalmrcwlbsmz/Build/Intermediates.noindex/ETPattern.build/Debug-iphoneos/ETPattern.build/Objects-normal/arm64 -target arm64-apple-ios18.0 -module-can-import-version DeveloperToolsSupport 23.0.4 23.0.4 -module-can-import-version SwiftUI 7.2.5.1 7.2.5 -module-can-import-version UIKit 9126.2.4.1 9126.2.4 -disable-cross-import-overlay-search -swift-module-cross-import SwiftData /Applications/Xcode.app/Contents/Developer/Platforms/iPhoneOS.platform/Developer/SDKs/iPhoneOS26.2.sdk/System/Library/Frameworks/SwiftData.framework/Modules/SwiftData.swiftcrossimport/CoreData.swiftoverlay -swift-module-cross-import SwiftData /Applications/Xcode.app/Contents/Developer/Platforms/iPhoneOS.platform/Developer/SDKs/iPhoneOS26.2.sdk/System/Library/Frameworks/SwiftData.framework/Modules/SwiftData.swiftcrossimport/SwiftUI.swiftoverlay -swift-module-cross-import Translation /Applications/Xcode.app/Contents/Developer/Platforms/iPhoneOS.platform/Developer/SDKs/iPhoneOS.sdk/System/Library/Frameworks/Translation.framework/Modules/Translation.swiftcrossimport/SwiftUI.swiftoverlay -swift-module-cross-import Translation /Applications/Xcode.app/Contents/Developer/Platforms/iPhoneOS.platform/Developer/SDKs/iPhoneOS26.2.sdk/System/Library/Frameworks/Translation.framework/Modules/Translation.swiftcrossimport/SwiftUI.swiftoverlay -load-resolved-plugin /Applications/Xcode.app/Contents/Developer/Platforms/iPhoneOS.platform/Developer/usr/lib/swift/host/plugins/libFoundationMacros.dylib\#/Applications/Xcode.app/Contents/Developer/Platforms/iPhoneOS.platform/Developer/usr/bin/swift-plugin-server\#FoundationMacros -load-resolved-plugin /Applications/Xcode.app/Contents/Developer/Platforms/iPhoneOS.platform/Developer/usr/lib/swift/host/plugins/libObservationMacros.dylib\#/Applications/Xcode.app/Contents/Developer/Platforms/iPhoneOS.platform/Developer/usr/bin/swift-plugin-server\#ObservationMacros -load-resolved-plugin /Applications/Xcode.app/Contents/Developer/Platforms/iPhoneOS.platform/Developer/usr/lib/swift/host/plugins/libPreviewsMacros.dylib\#/Applications/Xcode.app/Contents/Developer/Platforms/iPhoneOS.platform/Developer/usr/bin/swift-plugin-server\#PreviewsMacros -load-resolved-plugin /Applications/Xcode.app/Contents/Developer/Platforms/iPhoneOS.platform/Developer/usr/lib/swift/host/plugins/libSwiftDataMacros.dylib\#/Applications/Xcode.app/Contents/Developer/Platforms/iPhoneOS.platform/Developer/usr/bin/swift-plugin-server\#SwiftDataMacros -load-resolved-plugin /Applications/Xcode.app/Contents/Developer/Platforms/iPhoneOS.platform/Developer/usr/lib/swift/host/plugins/libSwiftMacros.dylib\#/Applications/Xcode.app/Contents/Developer/Platforms/iPhoneOS.platform/Developer/usr/bin/swift-plugin-server\#SwiftMacros -load-resolved-plugin /Applications/Xcode.app/Contents/Developer/Platforms/iPhoneOS.platform/Developer/usr/lib/swift/host/plugins/libSwiftUIMacros.dylib\#/Applications/Xcode.app/Contents/Developer/Platforms/iPhoneOS.platform/Developer/usr/bin/swift-plugin-server\#SwiftUIMacros -disable-implicit-swift-modules -Xcc -fno-implicit-modules -Xcc -fno-implicit-module-maps -explicit-swift-module-map-file /Users/macbook1/Library/Developer/Xcode/DerivedData/ETPattern-ceepkkizhrfttrghnalmrcwlbsmz/Build/Intermediates.noindex/ETPattern.build/Debug-iphoneos/ETPattern.build/Objects-normal/arm64/ETPattern-dependencies-1.json -Xllvm -aarch64-use-tbi -enable-objc-interop -stack-check -sdk /Applications/Xcode.app/Contents/Developer/Platforms/iPhoneOS.platform/Developer/SDKs/iPhoneOS26.2.sdk -I /Users/macbook1/Library/Developer/Xcode/DerivedData/ETPattern-ceepkkizhrfttrghnalmrcwlbsmz/Build/Products/Debug-iphoneos -F /Users/macbook1/Library/Developer/Xcode/DerivedData/ETPattern-ceepkkizhrfttrghnalmrcwlbsmz/Build/Products/Debug-iphoneos/PackageFrameworks -F /Users/macbook1/Library/Developer/Xcode/DerivedData/ETPattern-ceepkkizhrfttrghnalmrcwlbsmz/Build/Products/Debug-iphoneos/PackageFrameworks -F /Users/macbook1/Library/Developer/Xcode/DerivedData/ETPattern-ceepkkizhrfttrghnalmrcwlbsmz/Build/Products/Debug-iphoneos/PackageFrameworks -F /Users/macbook1/Library/Developer/Xcode/DerivedData/ETPattern-ceepkkizhrfttrghnalmrcwlbsmz/Build/Products/Debug-iphoneos -no-color-diagnostics -Xcc -fno-color-diagnostics -enable-testing -g -debug-info-format\=dwarf -dwarf-version\=5 -module-cache-path /Users/macbook1/Library/Developer/Xcode/DerivedData/ETPattern-ceepkkizhrfttrghnalmrcwlbsmz/Build/Intermediates.noindex/SwiftExplicitPrecompiledModules -swift-version 6 -enforce-exclusivity\=checked -Onone -D DEBUG -serialize-debugging-options -const-gather-protocols-file /Users/macbook1/Library/Developer/Xcode/DerivedData/ETPattern-ceepkkizhrfttrghnalmrcwlbsmz/Build/Intermediates.noindex/ETPattern.build/Debug-iphoneos/ETPattern.build/Objects-normal/arm64/ETPattern_const_extract_protocols.json -enable-upcoming-feature MemberImportVisibility -enable-upcoming-feature InferIsolatedConformances -enable-upcoming-feature NonisolatedNonsendingByDefault -enable-experimental-feature DebugDescriptionMacro -default-isolation\=MainActor -empty-abi-descriptor -validate-clang-modules-once -clang-build-session-file /Users/macbook1/Library/Developer/Xcode/DerivedData/ModuleCache.noindex/Session.modulevalidation -Xcc -working-directory -Xcc /Users/macbook1/work/ETPattern -enable-anonymous-context-mangled-names -file-compilation-dir /Users/macbook1/work/ETPattern -Xcc -D_LIBCPP_HARDENING_MODE\=_LIBCPP_HARDENING_MODE_DEBUG -Xcc -ivfsstatcache -Xcc /Users/macbook1/Library/Developer/Xcode/DerivedData/SDKStatCaches.noindex/iphoneos26.2-23C53-3885c01c3e6b6a337905948deab2002e3794476bd08197c3e2abd9bb477ef7f7.sdkstatcache -Xcc -I/Users/macbook1/Library/Developer/Xcode/DerivedData/ETPattern-ceepkkizhrfttrghnalmrcwlbsmz/Build/Intermediates.noindex/ETPattern.build/Debug-iphoneos/ETPattern.build/swift-overrides.hmap -Xcc -iquote -Xcc /Users/macbook1/Library/Developer/Xcode/DerivedData/ETPattern-ceepkkizhrfttrghnalmrcwlbsmz/Build/Intermediates.noindex/ETPattern.build/Debug-iphoneos/ETPattern.build/ETPattern-generated-files.hmap -Xcc -I/Users/macbook1/Library/Developer/Xcode/DerivedData/ETPattern-ceepkkizhrfttrghnalmrcwlbsmz/Build/Intermediates.noindex/ETPattern.build/Debug-iphoneos/ETPattern.build/ETPattern-own-target-headers.hmap -Xcc -I/Users/macbook1/Library/Developer/Xcode/DerivedData/ETPattern-ceepkkizhrfttrghnalmrcwlbsmz/Build/Intermediates.noindex/ETPattern.build/Debug-iphoneos/ETPattern.build/ETPattern-all-non-framework-target-headers.hmap -Xcc -ivfsoverlay -Xcc /Users/macbook1/Library/Developer/Xcode/DerivedData/ETPattern-ceepkkizhrfttrghnalmrcwlbsmz/Build/Intermediates.noindex/ETPattern.build/Debug-iphoneos/ETPattern-4f684d0670f1d1eac4b2bc96cee8f87b-VFS-iphoneos/all-product-headers.yaml -Xcc -iquote -Xcc /Users/macbook1/Library/Developer/Xcode/DerivedData/ETPattern-ceepkkizhrfttrghnalmrcwlbsmz/Build/Intermediates.noindex/ETPattern.build/Debug-iphoneos/ETPattern.build/ETPattern-project-headers.hmap -Xcc -I/Users/macbook1/Library/Developer/Xcode/DerivedData/ETPattern-ceepkkizhrfttrghnalmrcwlbsmz/Build/Products/Debug-iphoneos/include -Xcc -I/Users/macbook1/Library/Developer/Xcode/DerivedData/ETPattern-ceepkkizhrfttrghnalmrcwlbsmz/Build/Intermediates.noindex/ETPattern.build/Debug-iphoneos/ETPattern.build/DerivedSources-normal/arm64 -Xcc -I/Users/macbook1/Library/Developer/Xcode/DerivedData/ETPattern-ceepkkizhrfttrghnalmrcwlbsmz/Build/Intermediates.noindex/ETPattern.build/Debug-iphoneos/ETPattern.build/DerivedSources/arm64 -Xcc -I/Users/macbook1/Library/Developer/Xcode/DerivedData/ETPattern-ceepkkizhrfttrghnalmrcwlbsmz/Build/Intermediates.noindex/ETPattern.build/Debug-iphoneos/ETPattern.build/DerivedSources -Xcc -DDEBUG\=1 -no-auto-bridging-header-chaining -module-name ETPattern -frontend-parseable-output -disable-clang-spi -target-sdk-version 26.2 -target-sdk-name iphoneos26.2 -clang-target arm64-apple-ios26.2 -in-process-plugin-server-path /Applications/Xcode.app/Contents/Developer/Toolchains/XcodeDefault.xctoolchain/usr/lib/swift/host/libSwiftInProcPluginServer.dylib -o /Users/macbook1/Library/Developer/Xcode/DerivedData/ETPattern-ceepkkizhrfttrghnalmrcwlbsmz/Build/Intermediates.noindex/ETPattern.build/Debug-iphoneos/ETPattern.build/Objects-normal/arm64/SplashView.o -o /Users/macbook1/Library/Developer/Xcode/DerivedData/ETPattern-ceepkkizhrfttrghnalmrcwlbsmz/Build/Intermediates.noindex/ETPattern.build/Debug-iphoneos/ETPattern.build/Objects-normal/arm64/StudyView.o -index-unit-output-path /ETPattern.build/Debug-iphoneos/ETPattern.build/Objects-normal/arm64/SplashView.o -index-unit-output-path /ETPattern.build/Debug-iphoneos/ETPattern.build/Objects-normal/arm64/StudyView.o -index-store-path /Users/macbook1/Library/Developer/Xcode/DerivedData/ETPattern-ceepkkizhrfttrghnalmrcwlbsmz/Index.noindex/DataStore -index-system-modules

SwiftCompile normal arm64 /Users/macbook1/work/ETPattern/ETPattern/Views/SplashView.swift (in target 'ETPattern' from project 'ETPattern' at path '/Users/macbook1/work/ETPattern/ETPattern.xcodeproj')
    cd /Users/macbook1/work/ETPattern
    

SwiftCompile normal arm64 /Users/macbook1/work/ETPattern/ETPattern/Views/StudyView.swift (in target 'ETPattern' from project 'ETPattern' at path '/Users/macbook1/work/ETPattern/ETPattern.xcodeproj')
    cd /Users/macbook1/work/ETPattern
    
/Users/macbook1/work/ETPattern/ETPattern/Views/StudyView.swift:138:10: warning: 'onChange(of:perform:)' was deprecated in iOS 17.0: Use `onChange` with a two or zero parameter action closure instead.
        .onChange(of: sessionManager.currentIndex) { _ in
         ^
/Users/macbook1/work/ETPattern/ETPattern/Views/StudyView.swift:244:61: error: value of type 'Theme.Colors' has no member 'info'
            RatingButton(title: "Easy", color: theme.colors.info, action: { handleRating(.easy) })
                                               ~~~~~~~~~~~~ ^~~~

SwiftCompile normal arm64 Compiling\ Persistence.swift,\ GeneratedAssetSymbols.swift /Users/macbook1/work/ETPattern/ETPattern/Persistence.swift /Users/macbook1/Library/Developer/Xcode/DerivedData/ETPattern-ceepkkizhrfttrghnalmrcwlbsmz/Build/Intermediates.noindex/ETPattern.build/Debug-iphoneos/ETPattern.build/DerivedSources/GeneratedAssetSymbols.swift (in target 'ETPattern' from project 'ETPattern' at path '/Users/macbook1/work/ETPattern/ETPattern.xcodeproj')

SwiftCompile normal arm64 /Users/macbook1/work/ETPattern/ETPattern/Persistence.swift (in target 'ETPattern' from project 'ETPattern' at path '/Users/macbook1/work/ETPattern/ETPattern.xcodeproj')
    cd /Users/macbook1/work/ETPattern
    

SwiftCompile normal arm64 /Users/macbook1/Library/Developer/Xcode/DerivedData/ETPattern-ceepkkizhrfttrghnalmrcwlbsmz/Build/Intermediates.noindex/ETPattern.build/Debug-iphoneos/ETPattern.build/DerivedSources/GeneratedAssetSymbols.swift (in target 'ETPattern' from project 'ETPattern' at path '/Users/macbook1/work/ETPattern/ETPattern.xcodeproj')
    cd /Users/macbook1/work/ETPattern
    

SwiftDriverJobDiscovery normal arm64 Compiling SessionManager.swift (in target 'ETPatternServices' from project 'ETPattern' at path '/Users/macbook1/work/ETPattern/Package.swift')

SwiftDriverJobDiscovery normal arm64 Compiling AppError.swift, Extensions.swift (in target 'ETPattern' from project 'ETPattern' at path '/Users/macbook1/work/ETPattern/ETPattern.xcodeproj')

SwiftDriver\ Compilation ETPatternServices normal arm64 com.apple.xcode.tools.swift.compiler (in target 'ETPatternServices' from project 'ETPattern' at path '/Users/macbook1/work/ETPattern/Package.swift')
    cd /Users/macbook1/work/ETPattern/ETPattern.xcodeproj
    builtin-Swift-Compilation -- /Applications/Xcode.app/Contents/Developer/Toolchains/XcodeDefault.xctoolchain/usr/bin/swiftc -module-name ETPatternServices -Onone -enforce-exclusivity\=checked @/Users/macbook1/Library/Developer/Xcode/DerivedData/ETPattern-ceepkkizhrfttrghnalmrcwlbsmz/Build/Intermediates.noindex/ETPattern.build/Debug-iphoneos/ETPatternServices.build/Objects-normal/arm64/ETPatternServices.SwiftFileList -DSWIFT_PACKAGE -DDEBUG -DSWIFT_MODULE_RESOURCE_BUNDLE_UNAVAILABLE -DXcode -plugin-path /Applications/Xcode.app/Contents/Developer/Toolchains/XcodeDefault.xctoolchain/usr/lib/swift/host/plugins/testing -enable-experimental-feature DebugDescriptionMacro -sdk /Applications/Xcode.app/Contents/Developer/Platforms/iPhoneOS.platform/Developer/SDKs/iPhoneOS26.2.sdk -target arm64-apple-ios18.0 -g -module-cache-path /Users/macbook1/Library/Developer/Xcode/DerivedData/ModuleCache.noindex -Xfrontend -serialize-debugging-options -enable-testing -suppress-warnings -index-store-path /Users/macbook1/Library/Developer/Xcode/DerivedData/ETPattern-ceepkkizhrfttrghnalmrcwlbsmz/Index.noindex/DataStore -Xcc -D_LIBCPP_HARDENING_MODE\=_LIBCPP_HARDENING_MODE_DEBUG -swift-version 6 -I /Users/macbook1/Library/Developer/Xcode/DerivedData/ETPattern-ceepkkizhrfttrghnalmrcwlbsmz/Build/Products/Debug-iphoneos -Isystem /Applications/Xcode.app/Contents/Developer/Platforms/iPhoneOS.platform/Developer/usr/lib -F /Users/macbook1/Library/Developer/Xcode/DerivedData/ETPattern-ceepkkizhrfttrghnalmrcwlbsmz/Build/Products/Debug-iphoneos/PackageFrameworks -F /Users/macbook1/Library/Developer/Xcode/DerivedData/ETPattern-ceepkkizhrfttrghnalmrcwlbsmz/Build/Products/Debug-iphoneos/PackageFrameworks -F /Users/macbook1/Library/Developer/Xcode/DerivedData/ETPattern-ceepkkizhrfttrghnalmrcwlbsmz/Build/Products/Debug-iphoneos -F /Applications/Xcode.app/Contents/Developer/Platforms/iPhoneOS.platform/Developer/Library/Frameworks -F /Applications/Xcode.app/Contents/Developer/Platforms/iPhoneOS.platform/Developer/SDKs/iPhoneOS26.2.sdk/Developer/Library/Frameworks -c -j12 -enable-batch-mode -incremental -Xcc -ivfsstatcache -Xcc /Users/macbook1/Library/Developer/Xcode/DerivedData/SDKStatCaches.noindex/iphoneos26.2-23C53-3885c01c3e6b6a337905948deab2002e3794476bd08197c3e2abd9bb477ef7f7.sdkstatcache -output-file-map /Users/macbook1/Library/Developer/Xcode/DerivedData/ETPattern-ceepkkizhrfttrghnalmrcwlbsmz/Build/Intermediates.noindex/ETPattern.build/Debug-iphoneos/ETPatternServices.build/Objects-normal/arm64/ETPatternServices-OutputFileMap.json -use-frontend-parseable-output -save-temps -no-color-diagnostics -explicit-module-build -module-cache-path /Users/macbook1/Library/Developer/Xcode/DerivedData/ETPattern-ceepkkizhrfttrghnalmrcwlbsmz/Build/Intermediates.noindex/SwiftExplicitPrecompiledModules -clang-scanner-module-cache-path /Users/macbook1/Library/Developer/Xcode/DerivedData/ModuleCache.noindex -sdk-module-cache-path /Users/macbook1/Library/Developer/Xcode/DerivedData/ModuleCache.noindex -serialize-diagnostics -emit-dependencies -emit-module -emit-module-path /Users/macbook1/Library/Developer/Xcode/DerivedData/ETPattern-ceepkkizhrfttrghnalmrcwlbsmz/Build/Intermediates.noindex/ETPattern.build/Debug-iphoneos/ETPatternServices.build/Objects-normal/arm64/ETPatternServices.swiftmodule -validate-clang-modules-once -clang-build-session-file /Users/macbook1/Library/Developer/Xcode/DerivedData/ModuleCache.noindex/Session.modulevalidation -package-name etpattern -Xcc -I/Users/macbook1/Library/Developer/Xcode/DerivedData/ETPattern-ceepkkizhrfttrghnalmrcwlbsmz/Build/Intermediates.noindex/ETPattern.build/Debug-iphoneos/ETPatternServices.build/swift-overrides.hmap -emit-const-values -Xfrontend -const-gather-protocols-file -Xfrontend /Users/macbook1/Library/Developer/Xcode/DerivedData/ETPattern-ceepkkizhrfttrghnalmrcwlbsmz/Build/Intermediates.noindex/ETPattern.build/Debug-iphoneos/ETPatternServices.build/Objects-normal/arm64/ETPatternServices_const_extract_protocols.json -Xcc -I/Users/macbook1/Library/Developer/Xcode/DerivedData/ETPattern-ceepkkizhrfttrghnalmrcwlbsmz/Build/Products/Debug-iphoneos/include -Xcc -I/Users/macbook1/Library/Developer/Xcode/DerivedData/ETPattern-ceepkkizhrfttrghnalmrcwlbsmz/Build/Intermediates.noindex/ETPattern.build/Debug-iphoneos/ETPatternServices.build/DerivedSources-normal/arm64 -Xcc -I/Users/macbook1/Library/Developer/Xcode/DerivedData/ETPattern-ceepkkizhrfttrghnalmrcwlbsmz/Build/Intermediates.noindex/ETPattern.build/Debug-iphoneos/ETPatternServices.build/DerivedSources/arm64 -Xcc -I/Users/macbook1/Library/Developer/Xcode/DerivedData/ETPattern-ceepkkizhrfttrghnalmrcwlbsmz/Build/Intermediates.noindex/ETPattern.build/Debug-iphoneos/ETPatternServices.build/DerivedSources -Xcc -DSWIFT_PACKAGE -Xcc -DDEBUG\=1 -emit-objc-header -emit-objc-header-path /Users/macbook1/Library/Developer/Xcode/DerivedData/ETPattern-ceepkkizhrfttrghnalmrcwlbsmz/Build/Intermediates.noindex/ETPattern.build/Debug-iphoneos/ETPatternServices.build/Objects-normal/arm64/ETPatternServices-Swift.h -working-directory /Users/macbook1/work/ETPattern/ETPattern.xcodeproj -experimental-emit-module-separately -disable-cmo

SwiftCompile normal arm64 Compiling\ SharedMainControlsView.swift,\ SharedViews.swift /Users/macbook1/work/ETPattern/ETPattern/Views/SharedMainControlsView.swift /Users/macbook1/work/ETPattern/ETPattern/Views/SharedViews.swift (in target 'ETPattern' from project 'ETPattern' at path '/Users/macbook1/work/ETPattern/ETPattern.xcodeproj')

SwiftCompile normal arm64 /Users/macbook1/work/ETPattern/ETPattern/Views/SharedMainControlsView.swift (in target 'ETPattern' from project 'ETPattern' at path '/Users/macbook1/work/ETPattern/ETPattern.xcodeproj')
    cd /Users/macbook1/work/ETPattern
    

SwiftCompile normal arm64 /Users/macbook1/work/ETPattern/ETPattern/Views/SharedViews.swift (in target 'ETPattern' from project 'ETPattern' at path '/Users/macbook1/work/ETPattern/ETPattern.xcodeproj')
    cd /Users/macbook1/work/ETPattern
    

Ld /Users/macbook1/Library/Developer/Xcode/DerivedData/ETPattern-ceepkkizhrfttrghnalmrcwlbsmz/Build/Products/Debug-iphoneos/ETPatternServices.o normal (in target 'ETPatternServices' from project 'ETPattern' at path '/Users/macbook1/work/ETPattern/Package.swift')
    cd /Users/macbook1/work/ETPattern
    /Applications/Xcode.app/Contents/Developer/Toolchains/XcodeDefault.xctoolchain/usr/bin/clang -Xlinker -reproducible -target arm64-apple-ios18.0 -r -isysroot /Applications/Xcode.app/Contents/Developer/Platforms/iPhoneOS.platform/Developer/SDKs/iPhoneOS26.2.sdk -O0 -w -L/Users/macbook1/Library/Developer/Xcode/DerivedData/ETPattern-ceepkkizhrfttrghnalmrcwlbsmz/Build/Intermediates.noindex/EagerLinkingTBDs/Debug-iphoneos -L/Users/macbook1/Library/Developer/Xcode/DerivedData/ETPattern-ceepkkizhrfttrghnalmrcwlbsmz/Build/Products/Debug-iphoneos -L/Applications/Xcode.app/Contents/Developer/Platforms/iPhoneOS.platform/Developer/usr/lib -F/Users/macbook1/Library/Developer/Xcode/DerivedData/ETPattern-ceepkkizhrfttrghnalmrcwlbsmz/Build/Intermediates.noindex/EagerLinkingTBDs/Debug-iphoneos -F/Users/macbook1/Library/Developer/Xcode/DerivedData/ETPattern-ceepkkizhrfttrghnalmrcwlbsmz/Build/Products/Debug-iphoneos/PackageFrameworks -F/Users/macbook1/Library/Developer/Xcode/DerivedData/ETPattern-ceepkkizhrfttrghnalmrcwlbsmz/Build/Products/Debug-iphoneos/PackageFrameworks -F/Users/macbook1/Library/Developer/Xcode/DerivedData/ETPattern-ceepkkizhrfttrghnalmrcwlbsmz/Build/Products/Debug-iphoneos -iframework /Applications/Xcode.app/Contents/Developer/Platforms/iPhoneOS.platform/Developer/Library/Frameworks -iframework /Applications/Xcode.app/Contents/Developer/Platforms/iPhoneOS.platform/Developer/SDKs/iPhoneOS26.2.sdk/Developer/Library/Frameworks -filelist /Users/macbook1/Library/Developer/Xcode/DerivedData/ETPattern-ceepkkizhrfttrghnalmrcwlbsmz/Build/Intermediates.noindex/ETPattern.build/Debug-iphoneos/ETPatternServices.build/Objects-normal/arm64/ETPatternServices.LinkFileList -nostdlib -Xlinker -object_path_lto -Xlinker /Users/macbook1/Library/Developer/Xcode/DerivedData/ETPattern-ceepkkizhrfttrghnalmrcwlbsmz/Build/Intermediates.noindex/ETPattern.build/Debug-iphoneos/ETPatternServices.build/Objects-normal/arm64/ETPatternServices_lto.o -rdynamic -Xlinker -no_deduplicate -Xlinker -dependency_info -Xlinker /Users/macbook1/Library/Developer/Xcode/DerivedData/ETPattern-ceepkkizhrfttrghnalmrcwlbsmz/Build/Intermediates.noindex/ETPattern.build/Debug-iphoneos/ETPatternServices.build/Objects-normal/arm64/ETPatternServices_dependency_info.dat -fobjc-link-runtime -L/Applications/Xcode.app/Contents/Developer/Toolchains/XcodeDefault.xctoolchain/usr/lib/swift/iphoneos -L/usr/lib/swift -Xlinker -add_ast_path -Xlinker /Users/macbook1/Library/Developer/Xcode/DerivedData/ETPattern-ceepkkizhrfttrghnalmrcwlbsmz/Build/Intermediates.noindex/ETPattern.build/Debug-iphoneos/ETPatternServices.build/Objects-normal/arm64/ETPatternServices.swiftmodule @/Users/macbook1/Library/Developer/Xcode/DerivedData/ETPattern-ceepkkizhrfttrghnalmrcwlbsmz/Build/Intermediates.noindex/ETPattern.build/Debug-iphoneos/ETPatternServices.build/Objects-normal/arm64/ETPatternServices-linker-args.resp -o /Users/macbook1/Library/Developer/Xcode/DerivedData/ETPattern-ceepkkizhrfttrghnalmrcwlbsmz/Build/Products/Debug-iphoneos/ETPatternServices.o

SwiftDriverJobDiscovery normal arm64 Compiling SharedBottomControlBarView.swift, SharedEmptyStateView.swift (in target 'ETPattern' from project 'ETPattern' at path '/Users/macbook1/work/ETPattern/ETPattern.xcodeproj')

SwiftCompile normal arm64 Compiling\ ContentView.swift,\ ETPatternApp.swift /Users/macbook1/work/ETPattern/ETPattern/ContentView.swift /Users/macbook1/work/ETPattern/ETPattern/ETPatternApp.swift (in target 'ETPattern' from project 'ETPattern' at path '/Users/macbook1/work/ETPattern/ETPattern.xcodeproj')

SwiftDriverJobDiscovery normal arm64 Compiling Persistence.swift, GeneratedAssetSymbols.swift (in target 'ETPattern' from project 'ETPattern' at path '/Users/macbook1/work/ETPattern/ETPattern.xcodeproj')

ExtractAppIntentsMetadata (in target 'ETPatternServices' from project 'ETPattern' at path '/Users/macbook1/work/ETPattern/Package.swift')
    cd /Users/macbook1/work/ETPattern
    /Applications/Xcode.app/Contents/Developer/Toolchains/XcodeDefault.xctoolchain/usr/bin/appintentsmetadataprocessor --toolchain-dir /Users/macbook1/Library/Developer/DVTDownloads/MetalToolchain/mounts/0bc538ab0cfa107625f77ad7bcfa566abe43e917/Metal.xctoolchain --module-name ETPatternServices --sdk-root /Applications/Xcode.app/Contents/Developer/Platforms/iPhoneOS.platform/Developer/SDKs/iPhoneOS26.2.sdk --xcode-version 17C52 --platform-family iOS --deployment-target 18.0 --bundle-identifier etpattern.ETPatternServices --output /Users/macbook1/Library/Developer/Xcode/DerivedData/ETPattern-ceepkkizhrfttrghnalmrcwlbsmz/Build/Products/Debug-iphoneos/ETPatternServices.appintents --target-triple arm64-apple-ios18.0 --binary-file /Users/macbook1/Library/Developer/Xcode/DerivedData/ETPattern-ceepkkizhrfttrghnalmrcwlbsmz/Build/Products/Debug-iphoneos/ETPatternServices.o --dependency-file /Users/macbook1/Library/Developer/Xcode/DerivedData/ETPattern-ceepkkizhrfttrghnalmrcwlbsmz/Build/Intermediates.noindex/ETPattern.build/Debug-iphoneos/ETPatternServices.build/Objects-normal/arm64/ETPatternServices_dependency_info.dat --stringsdata-file /Users/macbook1/Library/Developer/Xcode/DerivedData/ETPattern-ceepkkizhrfttrghnalmrcwlbsmz/Build/Intermediates.noindex/ETPattern.build/Debug-iphoneos/ETPatternServices.build/Objects-normal/arm64/ExtractedAppShortcutsMetadata.stringsdata --source-file-list /Users/macbook1/Library/Developer/Xcode/DerivedData/ETPattern-ceepkkizhrfttrghnalmrcwlbsmz/Build/Intermediates.noindex/ETPattern.build/Debug-iphoneos/ETPatternServices.build/Objects-normal/arm64/ETPatternServices.SwiftFileList --metadata-file-list /Users/macbook1/Library/Developer/Xcode/DerivedData/ETPattern-ceepkkizhrfttrghnalmrcwlbsmz/Build/Intermediates.noindex/ETPattern.build/Debug-iphoneos/ETPatternServices.build/ETPatternServices.DependencyMetadataFileList --static-metadata-file-list /Users/macbook1/Library/Developer/Xcode/DerivedData/ETPattern-ceepkkizhrfttrghnalmrcwlbsmz/Build/Intermediates.noindex/ETPattern.build/Debug-iphoneos/ETPatternServices.build/ETPatternServices.DependencyStaticMetadataFileList --swift-const-vals-list /Users/macbook1/Library/Developer/Xcode/DerivedData/ETPattern-ceepkkizhrfttrghnalmrcwlbsmz/Build/Intermediates.noindex/ETPattern.build/Debug-iphoneos/ETPatternServices.build/Objects-normal/arm64/ETPatternServices.SwiftConstValuesFileList --force --compile-time-extraction --deployment-aware-processing --validate-assistant-intents --no-app-shortcuts-localization

** BUILD FAILED **


The following build commands failed:
	SwiftCompile normal arm64 Compiling\ SplashView.swift,\ StudyView.swift /Users/macbook1/work/ETPattern/ETPattern/Views/SplashView.swift /Users/macbook1/work/ETPattern/ETPattern/Views/StudyView.swift (in target 'ETPattern' from project 'ETPattern' at path '/Users/macbook1/work/ETPattern/ETPattern.xcodeproj')
	SwiftCompile normal arm64 /Users/macbook1/work/ETPattern/ETPattern/Views/StudyView.swift (in target 'ETPattern' from project 'ETPattern' at path '/Users/macbook1/work/ETPattern/ETPattern.xcodeproj')
	Building project ETPattern with scheme ETPattern
(3 failures)
