Command line invocation:
    /Applications/Xcode.app/Contents/Developer/usr/bin/xcodebuild -project ETPattern.xcodeproj -scheme ETPattern -destination generic/platform=iOS build

Resolve Package Graph


Resolved source packages:
  ETPattern: /Users/macbook1/work/ETPattern @ local

ComputePackagePrebuildTargetDependencyGraph

Prepare packages

CreateBuildRequest

SendProjectDescription

CreateBuildOperation

ComputeTargetDependencyGraph
note: Building targets in dependency order
note: Target dependency graph (7 targets)
    Target 'ETPattern' in project 'ETPattern'
        ➜ Explicit dependency on target 'ETPatternCore' in project 'ETPattern'
        ➜ Explicit dependency on target 'ETPatternModels' in project 'ETPattern'
        ➜ Explicit dependency on target 'ETPatternServices' in project 'ETPattern'
    Target 'ETPatternServices' in project 'ETPattern'
        ➜ Explicit dependency on target 'ETPatternServices' in project 'ETPattern'
        ➜ Explicit dependency on target 'ETPatternModels' in project 'ETPattern'
        ➜ Explicit dependency on target 'ETPatternCore' in project 'ETPattern'
    Target 'ETPatternServices' in project 'ETPattern'
        ➜ Explicit dependency on target 'ETPatternModels' in project 'ETPattern'
        ➜ Explicit dependency on target 'ETPatternCore' in project 'ETPattern'
    Target 'ETPatternModels' in project 'ETPattern'
        ➜ Explicit dependency on target 'ETPatternModels' in project 'ETPattern'
    Target 'ETPatternCore' in project 'ETPattern'
        ➜ Explicit dependency on target 'ETPatternCore' in project 'ETPattern'
        ➜ Explicit dependency on target 'ETPatternModels' in project 'ETPattern'
    Target 'ETPatternCore' in project 'ETPattern'
        ➜ Explicit dependency on target 'ETPatternModels' in project 'ETPattern'
    Target 'ETPatternModels' in project 'ETPattern' (no dependencies)

GatherProvisioningInputs

CreateBuildDescription

ExecuteExternalTool /Applications/Xcode.app/Contents/Developer/Toolchains/XcodeDefault.xctoolchain/usr/bin/clang -v -E -dM -isysroot /Applications/Xcode.app/Contents/Developer/Platforms/iPhoneOS.platform/Developer/SDKs/iPhoneOS26.2.sdk -x c -c /dev/null

ExecuteExternalTool /Applications/Xcode.app/Contents/Developer/Toolchains/XcodeDefault.xctoolchain/usr/bin/swiftc --version

ExecuteExternalTool /Applications/Xcode.app/Contents/Developer/usr/bin/actool --print-asset-tag-combinations --output-format xml1 /Users/macbook1/work/ETPattern/ETPattern/Assets.xcassets

ExecuteExternalTool /Applications/Xcode.app/Contents/Developer/usr/bin/actool --version --output-format xml1

ExecuteExternalTool /Applications/Xcode.app/Contents/Developer/Toolchains/XcodeDefault.xctoolchain/usr/bin/ld -version_details

Build description signature: 4cb059468f997a71a7cbf67f337ad60c
Build description path: /Users/macbook1/Library/Developer/Xcode/DerivedData/ETPattern-ceepkkizhrfttrghnalmrcwlbsmz/Build/Intermediates.noindex/XCBuildData/4cb059468f997a71a7cbf67f337ad60c.xcbuilddata
ClangStatCache /Applications/Xcode.app/Contents/Developer/Toolchains/XcodeDefault.xctoolchain/usr/bin/clang-stat-cache /Applications/Xcode.app/Contents/Developer/Platforms/iPhoneOS.platform/Developer/SDKs/iPhoneOS26.2.sdk /Users/macbook1/Library/Developer/Xcode/DerivedData/SDKStatCaches.noindex/iphoneos26.2-23C53-3885c01c3e6b6a337905948deab2002e3794476bd08197c3e2abd9bb477ef7f7.sdkstatcache
    cd /Users/macbook1/work/ETPattern/ETPattern.xcodeproj
    /Applications/Xcode.app/Contents/Developer/Toolchains/XcodeDefault.xctoolchain/usr/bin/clang-stat-cache /Applications/Xcode.app/Contents/Developer/Platforms/iPhoneOS.platform/Developer/SDKs/iPhoneOS26.2.sdk -o /Users/macbook1/Library/Developer/Xcode/DerivedData/SDKStatCaches.noindex/iphoneos26.2-23C53-3885c01c3e6b6a337905948deab2002e3794476bd08197c3e2abd9bb477ef7f7.sdkstatcache

ProcessProductPackaging "" /Users/macbook1/Library/Developer/Xcode/DerivedData/ETPattern-ceepkkizhrfttrghnalmrcwlbsmz/Build/Intermediates.noindex/ETPattern.build/Debug-iphoneos/ETPattern.build/ETPattern.app.xcent (in target 'ETPattern' from project 'ETPattern' at path '/Users/macbook1/work/ETPattern/ETPattern.xcodeproj')
    cd /Users/macbook1/work/ETPattern
    
    Entitlements:
    
    {
    "application-identifier" = "F674YT87QV.com.jackxhb.ETPattern";
    "com.apple.developer.team-identifier" = F674YT87QV;
    "get-task-allow" = 1;
}
    
    builtin-productPackagingUtility -entitlements -format xml -o /Users/macbook1/Library/Developer/Xcode/DerivedData/ETPattern-ceepkkizhrfttrghnalmrcwlbsmz/Build/Intermediates.noindex/ETPattern.build/Debug-iphoneos/ETPattern.build/ETPattern.app.xcent

ProcessProductPackagingDER /Users/macbook1/Library/Developer/Xcode/DerivedData/ETPattern-ceepkkizhrfttrghnalmrcwlbsmz/Build/Intermediates.noindex/ETPattern.build/Debug-iphoneos/ETPattern.build/ETPattern.app.xcent /Users/macbook1/Library/Developer/Xcode/DerivedData/ETPattern-ceepkkizhrfttrghnalmrcwlbsmz/Build/Intermediates.noindex/ETPattern.build/Debug-iphoneos/ETPattern.build/ETPattern.app.xcent.der (in target 'ETPattern' from project 'ETPattern' at path '/Users/macbook1/work/ETPattern/ETPattern.xcodeproj')
    cd /Users/macbook1/work/ETPattern
    /usr/bin/derq query -f xml -i /Users/macbook1/Library/Developer/Xcode/DerivedData/ETPattern-ceepkkizhrfttrghnalmrcwlbsmz/Build/Intermediates.noindex/ETPattern.build/Debug-iphoneos/ETPattern.build/ETPattern.app.xcent -o /Users/macbook1/Library/Developer/Xcode/DerivedData/ETPattern-ceepkkizhrfttrghnalmrcwlbsmz/Build/Intermediates.noindex/ETPattern.build/Debug-iphoneos/ETPattern.build/ETPattern.app.xcent.der --raw

SwiftDriver ETPattern normal arm64 com.apple.xcode.tools.swift.compiler (in target 'ETPattern' from project 'ETPattern' at path '/Users/macbook1/work/ETPattern/ETPattern.xcodeproj')
    cd /Users/macbook1/work/ETPattern
    builtin-SwiftDriver -- /Applications/Xcode.app/Contents/Developer/Toolchains/XcodeDefault.xctoolchain/usr/bin/swiftc -module-name ETPattern -Onone -enforce-exclusivity\=checked @/Users/macbook1/Library/Developer/Xcode/DerivedData/ETPattern-ceepkkizhrfttrghnalmrcwlbsmz/Build/Intermediates.noindex/ETPattern.build/Debug-iphoneos/ETPattern.build/Objects-normal/arm64/ETPattern.SwiftFileList -DDEBUG -default-isolation\=MainActor -enable-upcoming-feature MemberImportVisibility -enable-upcoming-feature InferIsolatedConformances -enable-upcoming-feature NonisolatedNonsendingByDefault -enable-experimental-feature DebugDescriptionMacro -sdk /Applications/Xcode.app/Contents/Developer/Platforms/iPhoneOS.platform/Developer/SDKs/iPhoneOS26.2.sdk -target arm64-apple-ios18.0 -g -module-cache-path /Users/macbook1/Library/Developer/Xcode/DerivedData/ModuleCache.noindex -Xfrontend -serialize-debugging-options -enable-testing -index-store-path /Users/macbook1/Library/Developer/Xcode/DerivedData/ETPattern-ceepkkizhrfttrghnalmrcwlbsmz/Index.noindex/DataStore -Xcc -D_LIBCPP_HARDENING_MODE\=_LIBCPP_HARDENING_MODE_DEBUG -swift-version 6 -I /Users/macbook1/Library/Developer/Xcode/DerivedData/ETPattern-ceepkkizhrfttrghnalmrcwlbsmz/Build/Products/Debug-iphoneos -F /Users/macbook1/Library/Developer/Xcode/DerivedData/ETPattern-ceepkkizhrfttrghnalmrcwlbsmz/Build/Products/Debug-iphoneos/PackageFrameworks -F /Users/macbook1/Library/Developer/Xcode/DerivedData/ETPattern-ceepkkizhrfttrghnalmrcwlbsmz/Build/Products/Debug-iphoneos/PackageFrameworks -F /Users/macbook1/Library/Developer/Xcode/DerivedData/ETPattern-ceepkkizhrfttrghnalmrcwlbsmz/Build/Products/Debug-iphoneos/PackageFrameworks -F /Users/macbook1/Library/Developer/Xcode/DerivedData/ETPattern-ceepkkizhrfttrghnalmrcwlbsmz/Build/Products/Debug-iphoneos -emit-localized-strings -emit-localized-strings-path /Users/macbook1/Library/Developer/Xcode/DerivedData/ETPattern-ceepkkizhrfttrghnalmrcwlbsmz/Build/Intermediates.noindex/ETPattern.build/Debug-iphoneos/ETPattern.build/Objects-normal/arm64 -c -j12 -enable-batch-mode -incremental -Xcc -ivfsstatcache -Xcc /Users/macbook1/Library/Developer/Xcode/DerivedData/SDKStatCaches.noindex/iphoneos26.2-23C53-3885c01c3e6b6a337905948deab2002e3794476bd08197c3e2abd9bb477ef7f7.sdkstatcache -output-file-map /Users/macbook1/Library/Developer/Xcode/DerivedData/ETPattern-ceepkkizhrfttrghnalmrcwlbsmz/Build/Intermediates.noindex/ETPattern.build/Debug-iphoneos/ETPattern.build/Objects-normal/arm64/ETPattern-OutputFileMap.json -use-frontend-parseable-output -save-temps -no-color-diagnostics -explicit-module-build -module-cache-path /Users/macbook1/Library/Developer/Xcode/DerivedData/ETPattern-ceepkkizhrfttrghnalmrcwlbsmz/Build/Intermediates.noindex/SwiftExplicitPrecompiledModules -clang-scanner-module-cache-path /Users/macbook1/Library/Developer/Xcode/DerivedData/ModuleCache.noindex -sdk-module-cache-path /Users/macbook1/Library/Developer/Xcode/DerivedData/ModuleCache.noindex -serialize-diagnostics -emit-dependencies -emit-module -emit-module-path /Users/macbook1/Library/Developer/Xcode/DerivedData/ETPattern-ceepkkizhrfttrghnalmrcwlbsmz/Build/Intermediates.noindex/ETPattern.build/Debug-iphoneos/ETPattern.build/Objects-normal/arm64/ETPattern.swiftmodule -validate-clang-modules-once -clang-build-session-file /Users/macbook1/Library/Developer/Xcode/DerivedData/ModuleCache.noindex/Session.modulevalidation -Xcc -I/Users/macbook1/Library/Developer/Xcode/DerivedData/ETPattern-ceepkkizhrfttrghnalmrcwlbsmz/Build/Intermediates.noindex/ETPattern.build/Debug-iphoneos/ETPattern.build/swift-overrides.hmap -emit-const-values -Xfrontend -const-gather-protocols-file -Xfrontend /Users/macbook1/Library/Developer/Xcode/DerivedData/ETPattern-ceepkkizhrfttrghnalmrcwlbsmz/Build/Intermediates.noindex/ETPattern.build/Debug-iphoneos/ETPattern.build/Objects-normal/arm64/ETPattern_const_extract_protocols.json -Xcc -iquote -Xcc /Users/macbook1/Library/Developer/Xcode/DerivedData/ETPattern-ceepkkizhrfttrghnalmrcwlbsmz/Build/Intermediates.noindex/ETPattern.build/Debug-iphoneos/ETPattern.build/ETPattern-generated-files.hmap -Xcc -I/Users/macbook1/Library/Developer/Xcode/DerivedData/ETPattern-ceepkkizhrfttrghnalmrcwlbsmz/Build/Intermediates.noindex/ETPattern.build/Debug-iphoneos/ETPattern.build/ETPattern-own-target-headers.hmap -Xcc -I/Users/macbook1/Library/Developer/Xcode/DerivedData/ETPattern-ceepkkizhrfttrghnalmrcwlbsmz/Build/Intermediates.noindex/ETPattern.build/Debug-iphoneos/ETPattern.build/ETPattern-all-non-framework-target-headers.hmap -Xcc -ivfsoverlay -Xcc /Users/macbook1/Library/Developer/Xcode/DerivedData/ETPattern-ceepkkizhrfttrghnalmrcwlbsmz/Build/Intermediates.noindex/ETPattern.build/Debug-iphoneos/ETPattern-4f684d0670f1d1eac4b2bc96cee8f87b-VFS-iphoneos/all-product-headers.yaml -Xcc -iquote -Xcc /Users/macbook1/Library/Developer/Xcode/DerivedData/ETPattern-ceepkkizhrfttrghnalmrcwlbsmz/Build/Intermediates.noindex/ETPattern.build/Debug-iphoneos/ETPattern.build/ETPattern-project-headers.hmap -Xcc -I/Users/macbook1/Library/Developer/Xcode/DerivedData/ETPattern-ceepkkizhrfttrghnalmrcwlbsmz/Build/Products/Debug-iphoneos/include -Xcc -I/Users/macbook1/Library/Developer/Xcode/DerivedData/ETPattern-ceepkkizhrfttrghnalmrcwlbsmz/Build/Intermediates.noindex/ETPattern.build/Debug-iphoneos/ETPattern.build/DerivedSources-normal/arm64 -Xcc -I/Users/macbook1/Library/Developer/Xcode/DerivedData/ETPattern-ceepkkizhrfttrghnalmrcwlbsmz/Build/Intermediates.noindex/ETPattern.build/Debug-iphoneos/ETPattern.build/DerivedSources/arm64 -Xcc -I/Users/macbook1/Library/Developer/Xcode/DerivedData/ETPattern-ceepkkizhrfttrghnalmrcwlbsmz/Build/Intermediates.noindex/ETPattern.build/Debug-iphoneos/ETPattern.build/DerivedSources -Xcc -DDEBUG\=1 -emit-objc-header -emit-objc-header-path /Users/macbook1/Library/Developer/Xcode/DerivedData/ETPattern-ceepkkizhrfttrghnalmrcwlbsmz/Build/Intermediates.noindex/ETPattern.build/Debug-iphoneos/ETPattern.build/Objects-normal/arm64/ETPattern-Swift.h -working-directory /Users/macbook1/work/ETPattern -experimental-emit-module-separately -disable-cmo

CompileAssetCatalogVariant thinned /Users/macbook1/Library/Developer/Xcode/DerivedData/ETPattern-ceepkkizhrfttrghnalmrcwlbsmz/Build/Products/Debug-iphoneos/ETPattern.app /Users/macbook1/work/ETPattern/ETPattern/Assets.xcassets (in target 'ETPattern' from project 'ETPattern' at path '/Users/macbook1/work/ETPattern/ETPattern.xcodeproj')
    cd /Users/macbook1/work/ETPattern
    /Applications/Xcode.app/Contents/Developer/usr/bin/actool /Users/macbook1/work/ETPattern/ETPattern/Assets.xcassets --compile /Users/macbook1/Library/Developer/Xcode/DerivedData/ETPattern-ceepkkizhrfttrghnalmrcwlbsmz/Build/Intermediates.noindex/ETPattern.build/Debug-iphoneos/ETPattern.build/assetcatalog_output/thinned --output-format human-readable-text --notices --warnings --export-dependency-info /Users/macbook1/Library/Developer/Xcode/DerivedData/ETPattern-ceepkkizhrfttrghnalmrcwlbsmz/Build/Intermediates.noindex/ETPattern.build/Debug-iphoneos/ETPattern.build/assetcatalog_dependencies_thinned --output-partial-info-plist /Users/macbook1/Library/Developer/Xcode/DerivedData/ETPattern-ceepkkizhrfttrghnalmrcwlbsmz/Build/Intermediates.noindex/ETPattern.build/Debug-iphoneos/ETPattern.build/assetcatalog_generated_info.plist_thinned --app-icon AppIcon --include-all-app-icons --accent-color AccentColor --compress-pngs --enable-on-demand-resources YES --development-region en --target-device iphone --target-device ipad --minimum-deployment-target 18.0 --platform iphoneos

SwiftEmitModule normal arm64 Emitting\ module\ for\ ETPattern (in target 'ETPattern' from project 'ETPattern' at path '/Users/macbook1/work/ETPattern/ETPattern.xcodeproj')
Failed frontend command:
/Applications/Xcode.app/Contents/Developer/Toolchains/XcodeDefault.xctoolchain/usr/bin/swift-frontend -frontend -emit-module -experimental-skip-non-inlinable-function-bodies-without-types /Users/macbook1/work/ETPattern/ETPattern/Utilities/AppError.swift /Users/macbook1/work/ETPattern/ETPattern/Utilities/Extensions.swift /Users/macbook1/work/ETPattern/ETPattern/Utilities/Theme.swift /Users/macbook1/work/ETPattern/ETPattern/Utilities/ThemeUsageExample.swift /Users/macbook1/work/ETPattern/ETPattern/Views/AutoPlayView.swift /Users/macbook1/work/ETPattern/ETPattern/Views/ContentViewModel.swift /Users/macbook1/work/ETPattern/ETPattern/Views/DeckDetailView.swift /Users/macbook1/work/ETPattern/ETPattern/Views/DeckListView.swift /Users/macbook1/work/ETPattern/ETPattern/Views/HeaderView.swift /Users/macbook1/work/ETPattern/ETPattern/Views/ImportView.swift /Users/macbook1/work/ETPattern/ETPattern/Views/OnboardingView.swift /Users/macbook1/work/ETPattern/ETPattern/Views/ProgressCircle.swift /Users/macbook1/work/ETPattern/ETPattern/Views/SessionStatsView.swift /Users/macbook1/work/ETPattern/ETPattern/Views/SettingsView.swift /Users/macbook1/work/ETPattern/ETPattern/Views/SharedBottomControlBarView.swift /Users/macbook1/work/ETPattern/ETPattern/Views/SharedEmptyStateView.swift /Users/macbook1/work/ETPattern/ETPattern/Views/SharedMainControlsView.swift /Users/macbook1/work/ETPattern/ETPattern/Views/SharedViews.swift /Users/macbook1/work/ETPattern/ETPattern/Views/SplashView.swift /Users/macbook1/work/ETPattern/ETPattern/Views/StudyView.swift /Users/macbook1/work/ETPattern/ETPattern/ContentView.swift /Users/macbook1/work/ETPattern/ETPattern/ETPatternApp.swift /Users/macbook1/work/ETPattern/ETPattern/Persistence.swift /Users/macbook1/Library/Developer/Xcode/DerivedData/ETPattern-ceepkkizhrfttrghnalmrcwlbsmz/Build/Intermediates.noindex/ETPattern.build/Debug-iphoneos/ETPattern.build/DerivedSources/GeneratedAssetSymbols.swift -target arm64-apple-ios18.0 -module-can-import-version DeveloperToolsSupport 23.0.4 23.0.4 -module-can-import-version SwiftUI 7.2.5.1 7.2.5 -module-can-import-version UIKit 9126.2.4.1 9126.2.4 -disable-cross-import-overlay-search -swift-module-cross-import SwiftData /Applications/Xcode.app/Contents/Developer/Platforms/iPhoneOS.platform/Developer/SDKs/iPhoneOS26.2.sdk/System/Library/Frameworks/SwiftData.framework/Modules/SwiftData.swiftcrossimport/CoreData.swiftoverlay -swift-module-cross-import SwiftData /Applications/Xcode.app/Contents/Developer/Platforms/iPhoneOS.platform/Developer/SDKs/iPhoneOS26.2.sdk/System/Library/Frameworks/SwiftData.framework/Modules/SwiftData.swiftcrossimport/SwiftUI.swiftoverlay -swift-module-cross-import Translation /Applications/Xcode.app/Contents/Developer/Platforms/iPhoneOS.platform/Developer/SDKs/iPhoneOS.sdk/System/Library/Frameworks/Translation.framework/Modules/Translation.swiftcrossimport/SwiftUI.swiftoverlay -swift-module-cross-import Translation /Applications/Xcode.app/Contents/Developer/Platforms/iPhoneOS.platform/Developer/SDKs/iPhoneOS26.2.sdk/System/Library/Frameworks/Translation.framework/Modules/Translation.swiftcrossimport/SwiftUI.swiftoverlay -load-resolved-plugin /Applications/Xcode.app/Contents/Developer/Platforms/iPhoneOS.platform/Developer/usr/lib/swift/host/plugins/libFoundationMacros.dylib\#/Applications/Xcode.app/Contents/Developer/Platforms/iPhoneOS.platform/Developer/usr/bin/swift-plugin-server\#FoundationMacros -load-resolved-plugin /Applications/Xcode.app/Contents/Developer/Platforms/iPhoneOS.platform/Developer/usr/lib/swift/host/plugins/libObservationMacros.dylib\#/Applications/Xcode.app/Contents/Developer/Platforms/iPhoneOS.platform/Developer/usr/bin/swift-plugin-server\#ObservationMacros -load-resolved-plugin /Applications/Xcode.app/Contents/Developer/Platforms/iPhoneOS.platform/Developer/usr/lib/swift/host/plugins/libPreviewsMacros.dylib\#/Applications/Xcode.app/Contents/Developer/Platforms/iPhoneOS.platform/Developer/usr/bin/swift-plugin-server\#PreviewsMacros -load-resolved-plugin /Applications/Xcode.app/Contents/Developer/Platforms/iPhoneOS.platform/Developer/usr/lib/swift/host/plugins/libSwiftDataMacros.dylib\#/Applications/Xcode.app/Contents/Developer/Platforms/iPhoneOS.platform/Developer/usr/bin/swift-plugin-server\#SwiftDataMacros -load-resolved-plugin /Applications/Xcode.app/Contents/Developer/Platforms/iPhoneOS.platform/Developer/usr/lib/swift/host/plugins/libSwiftMacros.dylib\#/Applications/Xcode.app/Contents/Developer/Platforms/iPhoneOS.platform/Developer/usr/bin/swift-plugin-server\#SwiftMacros -load-resolved-plugin /Applications/Xcode.app/Contents/Developer/Platforms/iPhoneOS.platform/Developer/usr/lib/swift/host/plugins/libSwiftUIMacros.dylib\#/Applications/Xcode.app/Contents/Developer/Platforms/iPhoneOS.platform/Developer/usr/bin/swift-plugin-server\#SwiftUIMacros -disable-implicit-swift-modules -Xcc -fno-implicit-modules -Xcc -fno-implicit-module-maps -explicit-swift-module-map-file /Users/macbook1/Library/Developer/Xcode/DerivedData/ETPattern-ceepkkizhrfttrghnalmrcwlbsmz/Build/Intermediates.noindex/ETPattern.build/Debug-iphoneos/ETPattern.build/Objects-normal/arm64/ETPattern-dependencies-1.json -Xllvm -aarch64-use-tbi -enable-objc-interop -stack-check -sdk /Applications/Xcode.app/Contents/Developer/Platforms/iPhoneOS.platform/Developer/SDKs/iPhoneOS26.2.sdk -I /Users/macbook1/Library/Developer/Xcode/DerivedData/ETPattern-ceepkkizhrfttrghnalmrcwlbsmz/Build/Products/Debug-iphoneos -F /Users/macbook1/Library/Developer/Xcode/DerivedData/ETPattern-ceepkkizhrfttrghnalmrcwlbsmz/Build/Products/Debug-iphoneos/PackageFrameworks -F /Users/macbook1/Library/Developer/Xcode/DerivedData/ETPattern-ceepkkizhrfttrghnalmrcwlbsmz/Build/Products/Debug-iphoneos/PackageFrameworks -F /Users/macbook1/Library/Developer/Xcode/DerivedData/ETPattern-ceepkkizhrfttrghnalmrcwlbsmz/Build/Products/Debug-iphoneos/PackageFrameworks -F /Users/macbook1/Library/Developer/Xcode/DerivedData/ETPattern-ceepkkizhrfttrghnalmrcwlbsmz/Build/Products/Debug-iphoneos -no-color-diagnostics -Xcc -fno-color-diagnostics -enable-testing -g -debug-info-format\=dwarf -dwarf-version\=5 -module-cache-path /Users/macbook1/Library/Developer/Xcode/DerivedData/ETPattern-ceepkkizhrfttrghnalmrcwlbsmz/Build/Intermediates.noindex/SwiftExplicitPrecompiledModules -swift-version 6 -enforce-exclusivity\=checked -Onone -D DEBUG -serialize-debugging-options -const-gather-protocols-file /Users/macbook1/Library/Developer/Xcode/DerivedData/ETPattern-ceepkkizhrfttrghnalmrcwlbsmz/Build/Intermediates.noindex/ETPattern.build/Debug-iphoneos/ETPattern.build/Objects-normal/arm64/ETPattern_const_extract_protocols.json -enable-upcoming-feature MemberImportVisibility -enable-upcoming-feature InferIsolatedConformances -enable-upcoming-feature NonisolatedNonsendingByDefault -enable-experimental-feature DebugDescriptionMacro -default-isolation\=MainActor -empty-abi-descriptor -validate-clang-modules-once -clang-build-session-file /Users/macbook1/Library/Developer/Xcode/DerivedData/ModuleCache.noindex/Session.modulevalidation -Xcc -working-directory -Xcc /Users/macbook1/work/ETPattern -enable-anonymous-context-mangled-names -file-compilation-dir /Users/macbook1/work/ETPattern -Xcc -D_LIBCPP_HARDENING_MODE\=_LIBCPP_HARDENING_MODE_DEBUG -Xcc -ivfsstatcache -Xcc /Users/macbook1/Library/Developer/Xcode/DerivedData/SDKStatCaches.noindex/iphoneos26.2-23C53-3885c01c3e6b6a337905948deab2002e3794476bd08197c3e2abd9bb477ef7f7.sdkstatcache -Xcc -I/Users/macbook1/Library/Developer/Xcode/DerivedData/ETPattern-ceepkkizhrfttrghnalmrcwlbsmz/Build/Intermediates.noindex/ETPattern.build/Debug-iphoneos/ETPattern.build/swift-overrides.hmap -Xcc -iquote -Xcc /Users/macbook1/Library/Developer/Xcode/DerivedData/ETPattern-ceepkkizhrfttrghnalmrcwlbsmz/Build/Intermediates.noindex/ETPattern.build/Debug-iphoneos/ETPattern.build/ETPattern-generated-files.hmap -Xcc -I/Users/macbook1/Library/Developer/Xcode/DerivedData/ETPattern-ceepkkizhrfttrghnalmrcwlbsmz/Build/Intermediates.noindex/ETPattern.build/Debug-iphoneos/ETPattern.build/ETPattern-own-target-headers.hmap -Xcc -I/Users/macbook1/Library/Developer/Xcode/DerivedData/ETPattern-ceepkkizhrfttrghnalmrcwlbsmz/Build/Intermediates.noindex/ETPattern.build/Debug-iphoneos/ETPattern.build/ETPattern-all-non-framework-target-headers.hmap -Xcc -ivfsoverlay -Xcc /Users/macbook1/Library/Developer/Xcode/DerivedData/ETPattern-ceepkkizhrfttrghnalmrcwlbsmz/Build/Intermediates.noindex/ETPattern.build/Debug-iphoneos/ETPattern-4f684d0670f1d1eac4b2bc96cee8f87b-VFS-iphoneos/all-product-headers.yaml -Xcc -iquote -Xcc /Users/macbook1/Library/Developer/Xcode/DerivedData/ETPattern-ceepkkizhrfttrghnalmrcwlbsmz/Build/Intermediates.noindex/ETPattern.build/Debug-iphoneos/ETPattern.build/ETPattern-project-headers.hmap -Xcc -I/Users/macbook1/Library/Developer/Xcode/DerivedData/ETPattern-ceepkkizhrfttrghnalmrcwlbsmz/Build/Products/Debug-iphoneos/include -Xcc -I/Users/macbook1/Library/Developer/Xcode/DerivedData/ETPattern-ceepkkizhrfttrghnalmrcwlbsmz/Build/Intermediates.noindex/ETPattern.build/Debug-iphoneos/ETPattern.build/DerivedSources-normal/arm64 -Xcc -I/Users/macbook1/Library/Developer/Xcode/DerivedData/ETPattern-ceepkkizhrfttrghnalmrcwlbsmz/Build/Intermediates.noindex/ETPattern.build/Debug-iphoneos/ETPattern.build/DerivedSources/arm64 -Xcc -I/Users/macbook1/Library/Developer/Xcode/DerivedData/ETPattern-ceepkkizhrfttrghnalmrcwlbsmz/Build/Intermediates.noindex/ETPattern.build/Debug-iphoneos/ETPattern.build/DerivedSources -Xcc -DDEBUG\=1 -no-auto-bridging-header-chaining -module-name ETPattern -frontend-parseable-output -disable-clang-spi -target-sdk-version 26.2 -target-sdk-name iphoneos26.2 -clang-target arm64-apple-ios26.2 -in-process-plugin-server-path /Applications/Xcode.app/Contents/Developer/Toolchains/XcodeDefault.xctoolchain/usr/lib/swift/host/libSwiftInProcPluginServer.dylib -emit-module-doc-path /Users/macbook1/Library/Developer/Xcode/DerivedData/ETPattern-ceepkkizhrfttrghnalmrcwlbsmz/Build/Intermediates.noindex/ETPattern.build/Debug-iphoneos/ETPattern.build/Objects-normal/arm64/ETPattern.swiftdoc -emit-module-source-info-path /Users/macbook1/Library/Developer/Xcode/DerivedData/ETPattern-ceepkkizhrfttrghnalmrcwlbsmz/Build/Intermediates.noindex/ETPattern.build/Debug-iphoneos/ETPattern.build/Objects-normal/arm64/ETPattern.swiftsourceinfo -emit-objc-header-path /Users/macbook1/Library/Developer/Xcode/DerivedData/ETPattern-ceepkkizhrfttrghnalmrcwlbsmz/Build/Intermediates.noindex/ETPattern.build/Debug-iphoneos/ETPattern.build/Objects-normal/arm64/ETPattern-Swift.h -serialize-diagnostics-path /Users/macbook1/Library/Developer/Xcode/DerivedData/ETPattern-ceepkkizhrfttrghnalmrcwlbsmz/Build/Intermediates.noindex/ETPattern.build/Debug-iphoneos/ETPattern.build/Objects-normal/arm64/ETPattern-primary-emit-module.dia -emit-dependencies-path /Users/macbook1/Library/Developer/Xcode/DerivedData/ETPattern-ceepkkizhrfttrghnalmrcwlbsmz/Build/Intermediates.noindex/ETPattern.build/Debug-iphoneos/ETPattern.build/Objects-normal/arm64/ETPattern-primary-emit-module.d -o /Users/macbook1/Library/Developer/Xcode/DerivedData/ETPattern-ceepkkizhrfttrghnalmrcwlbsmz/Build/Intermediates.noindex/ETPattern.build/Debug-iphoneos/ETPattern.build/Objects-normal/arm64/ETPattern.swiftmodule -emit-abi-descriptor-path /Users/macbook1/Library/Developer/Xcode/DerivedData/ETPattern-ceepkkizhrfttrghnalmrcwlbsmz/Build/Intermediates.noindex/ETPattern.build/Debug-iphoneos/ETPattern.build/Objects-normal/arm64/ETPattern.abi.json

EmitSwiftModule normal arm64 (in target 'ETPattern' from project 'ETPattern' at path '/Users/macbook1/work/ETPattern/ETPattern.xcodeproj')
    cd /Users/macbook1/work/ETPattern
    
/Users/macbook1/work/ETPattern/ETPattern/Views/StudyView.swift:17:17: error: invalid redeclaration of 'modelContext'
    private let modelContext: ModelContext
                ^
/Users/macbook1/work/ETPattern/ETPattern/Views/StudyView.swift:12:46: note: 'modelContext' previously declared here
    @Environment(\.modelContext) private var modelContext
                                             ^
/Users/macbook1/work/ETPattern/ETPattern/Views/StudyView.swift:12:46: note: 'modelContext' previously declared here
    @Environment(\.modelContext) private var modelContext
                                             ^

SwiftCompile normal arm64 Compiling\ DeckDetailView.swift,\ DeckListView.swift /Users/macbook1/work/ETPattern/ETPattern/Views/DeckDetailView.swift /Users/macbook1/work/ETPattern/ETPattern/Views/DeckListView.swift (in target 'ETPattern' from project 'ETPattern' at path '/Users/macbook1/work/ETPattern/ETPattern.xcodeproj')
SwiftCompile normal arm64 /Users/macbook1/work/ETPattern/ETPattern/Views/DeckDetailView.swift (in target 'ETPattern' from project 'ETPattern' at path '/Users/macbook1/work/ETPattern/ETPattern.xcodeproj')
    cd /Users/macbook1/work/ETPattern
    

SwiftCompile normal arm64 /Users/macbook1/work/ETPattern/ETPattern/Views/DeckListView.swift (in target 'ETPattern' from project 'ETPattern' at path '/Users/macbook1/work/ETPattern/ETPattern.xcodeproj')
    cd /Users/macbook1/work/ETPattern
    

SwiftCompile normal arm64 Compiling\ Theme.swift,\ ThemeUsageExample.swift /Users/macbook1/work/ETPattern/ETPattern/Utilities/Theme.swift /Users/macbook1/work/ETPattern/ETPattern/Utilities/ThemeUsageExample.swift (in target 'ETPattern' from project 'ETPattern' at path '/Users/macbook1/work/ETPattern/ETPattern.xcodeproj')
SwiftCompile normal arm64 /Users/macbook1/work/ETPattern/ETPattern/Utilities/Theme.swift (in target 'ETPattern' from project 'ETPattern' at path '/Users/macbook1/work/ETPattern/ETPattern.xcodeproj')
    cd /Users/macbook1/work/ETPattern
    

SwiftCompile normal arm64 /Users/macbook1/work/ETPattern/ETPattern/Utilities/ThemeUsageExample.swift (in target 'ETPattern' from project 'ETPattern' at path '/Users/macbook1/work/ETPattern/ETPattern.xcodeproj')
    cd /Users/macbook1/work/ETPattern
    

SwiftCompile normal arm64 Compiling\ AppError.swift,\ Extensions.swift /Users/macbook1/work/ETPattern/ETPattern/Utilities/AppError.swift /Users/macbook1/work/ETPattern/ETPattern/Utilities/Extensions.swift (in target 'ETPattern' from project 'ETPattern' at path '/Users/macbook1/work/ETPattern/ETPattern.xcodeproj')

SwiftCompile normal arm64 /Users/macbook1/work/ETPattern/ETPattern/Utilities/AppError.swift (in target 'ETPattern' from project 'ETPattern' at path '/Users/macbook1/work/ETPattern/ETPattern.xcodeproj')
    cd /Users/macbook1/work/ETPattern
    

SwiftCompile normal arm64 /Users/macbook1/work/ETPattern/ETPattern/Utilities/Extensions.swift (in target 'ETPattern' from project 'ETPattern' at path '/Users/macbook1/work/ETPattern/ETPattern.xcodeproj')
    cd /Users/macbook1/work/ETPattern
    

SwiftCompile normal arm64 Compiling\ AutoPlayView.swift,\ ContentViewModel.swift /Users/macbook1/work/ETPattern/ETPattern/Views/AutoPlayView.swift /Users/macbook1/work/ETPattern/ETPattern/Views/ContentViewModel.swift (in target 'ETPattern' from project 'ETPattern' at path '/Users/macbook1/work/ETPattern/ETPattern.xcodeproj')

SwiftCompile normal arm64 /Users/macbook1/work/ETPattern/ETPattern/Views/AutoPlayView.swift (in target 'ETPattern' from project 'ETPattern' at path '/Users/macbook1/work/ETPattern/ETPattern.xcodeproj')
    cd /Users/macbook1/work/ETPattern
    

SwiftCompile normal arm64 /Users/macbook1/work/ETPattern/ETPattern/Views/ContentViewModel.swift (in target 'ETPattern' from project 'ETPattern' at path '/Users/macbook1/work/ETPattern/ETPattern.xcodeproj')
    cd /Users/macbook1/work/ETPattern
    

SwiftCompile normal arm64 Compiling\ SessionStatsView.swift,\ SettingsView.swift /Users/macbook1/work/ETPattern/ETPattern/Views/SessionStatsView.swift /Users/macbook1/work/ETPattern/ETPattern/Views/SettingsView.swift (in target 'ETPattern' from project 'ETPattern' at path '/Users/macbook1/work/ETPattern/ETPattern.xcodeproj')

SwiftCompile normal arm64 /Users/macbook1/work/ETPattern/ETPattern/Views/SessionStatsView.swift (in target 'ETPattern' from project 'ETPattern' at path '/Users/macbook1/work/ETPattern/ETPattern.xcodeproj')
    cd /Users/macbook1/work/ETPattern
    

SwiftCompile normal arm64 /Users/macbook1/work/ETPattern/ETPattern/Views/SettingsView.swift (in target 'ETPattern' from project 'ETPattern' at path '/Users/macbook1/work/ETPattern/ETPattern.xcodeproj')
    cd /Users/macbook1/work/ETPattern
    

SwiftCompile normal arm64 Compiling\ SharedBottomControlBarView.swift,\ SharedEmptyStateView.swift /Users/macbook1/work/ETPattern/ETPattern/Views/SharedBottomControlBarView.swift /Users/macbook1/work/ETPattern/ETPattern/Views/SharedEmptyStateView.swift (in target 'ETPattern' from project 'ETPattern' at path '/Users/macbook1/work/ETPattern/ETPattern.xcodeproj')

SwiftCompile normal arm64 /Users/macbook1/work/ETPattern/ETPattern/Views/SharedBottomControlBarView.swift (in target 'ETPattern' from project 'ETPattern' at path '/Users/macbook1/work/ETPattern/ETPattern.xcodeproj')
    cd /Users/macbook1/work/ETPattern
    

SwiftCompile normal arm64 /Users/macbook1/work/ETPattern/ETPattern/Views/SharedEmptyStateView.swift (in target 'ETPattern' from project 'ETPattern' at path '/Users/macbook1/work/ETPattern/ETPattern.xcodeproj')
    cd /Users/macbook1/work/ETPattern
    

SwiftCompile normal arm64 Compiling\ ContentView.swift,\ ETPatternApp.swift /Users/macbook1/work/ETPattern/ETPattern/ContentView.swift /Users/macbook1/work/ETPattern/ETPattern/ETPatternApp.swift (in target 'ETPattern' from project 'ETPattern' at path '/Users/macbook1/work/ETPattern/ETPattern.xcodeproj')

SwiftCompile normal arm64 /Users/macbook1/work/ETPattern/ETPattern/ContentView.swift (in target 'ETPattern' from project 'ETPattern' at path '/Users/macbook1/work/ETPattern/ETPattern.xcodeproj')
    cd /Users/macbook1/work/ETPattern
    

SwiftCompile normal arm64 /Users/macbook1/work/ETPattern/ETPattern/ETPatternApp.swift (in target 'ETPattern' from project 'ETPattern' at path '/Users/macbook1/work/ETPattern/ETPattern.xcodeproj')
    cd /Users/macbook1/work/ETPattern
    

SwiftCompile normal arm64 Compiling\ OnboardingView.swift,\ ProgressCircle.swift /Users/macbook1/work/ETPattern/ETPattern/Views/OnboardingView.swift /Users/macbook1/work/ETPattern/ETPattern/Views/ProgressCircle.swift (in target 'ETPattern' from project 'ETPattern' at path '/Users/macbook1/work/ETPattern/ETPattern.xcodeproj')

SwiftCompile normal arm64 /Users/macbook1/work/ETPattern/ETPattern/Views/OnboardingView.swift (in target 'ETPattern' from project 'ETPattern' at path '/Users/macbook1/work/ETPattern/ETPattern.xcodeproj')
    cd /Users/macbook1/work/ETPattern
    

SwiftCompile normal arm64 /Users/macbook1/work/ETPattern/ETPattern/Views/ProgressCircle.swift (in target 'ETPattern' from project 'ETPattern' at path '/Users/macbook1/work/ETPattern/ETPattern.xcodeproj')
    cd /Users/macbook1/work/ETPattern
    

SwiftCompile normal arm64 Compiling\ SplashView.swift,\ StudyView.swift /Users/macbook1/work/ETPattern/ETPattern/Views/SplashView.swift /Users/macbook1/work/ETPattern/ETPattern/Views/StudyView.swift (in target 'ETPattern' from project 'ETPattern' at path '/Users/macbook1/work/ETPattern/ETPattern.xcodeproj')

SwiftCompile normal arm64 /Users/macbook1/work/ETPattern/ETPattern/Views/SplashView.swift (in target 'ETPattern' from project 'ETPattern' at path '/Users/macbook1/work/ETPattern/ETPattern.xcodeproj')
    cd /Users/macbook1/work/ETPattern
    

SwiftCompile normal arm64 /Users/macbook1/work/ETPattern/ETPattern/Views/StudyView.swift (in target 'ETPattern' from project 'ETPattern' at path '/Users/macbook1/work/ETPattern/ETPattern.xcodeproj')
    cd /Users/macbook1/work/ETPattern
    

SwiftCompile normal arm64 Compiling\ Persistence.swift,\ GeneratedAssetSymbols.swift /Users/macbook1/work/ETPattern/ETPattern/Persistence.swift /Users/macbook1/Library/Developer/Xcode/DerivedData/ETPattern-ceepkkizhrfttrghnalmrcwlbsmz/Build/Intermediates.noindex/ETPattern.build/Debug-iphoneos/ETPattern.build/DerivedSources/GeneratedAssetSymbols.swift (in target 'ETPattern' from project 'ETPattern' at path '/Users/macbook1/work/ETPattern/ETPattern.xcodeproj')

SwiftCompile normal arm64 /Users/macbook1/work/ETPattern/ETPattern/Persistence.swift (in target 'ETPattern' from project 'ETPattern' at path '/Users/macbook1/work/ETPattern/ETPattern.xcodeproj')
    cd /Users/macbook1/work/ETPattern
    

SwiftCompile normal arm64 /Users/macbook1/Library/Developer/Xcode/DerivedData/ETPattern-ceepkkizhrfttrghnalmrcwlbsmz/Build/Intermediates.noindex/ETPattern.build/Debug-iphoneos/ETPattern.build/DerivedSources/GeneratedAssetSymbols.swift (in target 'ETPattern' from project 'ETPattern' at path '/Users/macbook1/work/ETPattern/ETPattern.xcodeproj')
    cd /Users/macbook1/work/ETPattern
    

SwiftCompile normal arm64 Compiling\ HeaderView.swift,\ ImportView.swift /Users/macbook1/work/ETPattern/ETPattern/Views/HeaderView.swift /Users/macbook1/work/ETPattern/ETPattern/Views/ImportView.swift (in target 'ETPattern' from project 'ETPattern' at path '/Users/macbook1/work/ETPattern/ETPattern.xcodeproj')

SwiftCompile normal arm64 /Users/macbook1/work/ETPattern/ETPattern/Views/HeaderView.swift (in target 'ETPattern' from project 'ETPattern' at path '/Users/macbook1/work/ETPattern/ETPattern.xcodeproj')
    cd /Users/macbook1/work/ETPattern
    

SwiftCompile normal arm64 /Users/macbook1/work/ETPattern/ETPattern/Views/ImportView.swift (in target 'ETPattern' from project 'ETPattern' at path '/Users/macbook1/work/ETPattern/ETPattern.xcodeproj')
    cd /Users/macbook1/work/ETPattern
    

SwiftDriverJobDiscovery normal arm64 Compiling AppError.swift, Extensions.swift (in target 'ETPattern' from project 'ETPattern' at path '/Users/macbook1/work/ETPattern/ETPattern.xcodeproj')

SwiftCompile normal arm64 Compiling\ SharedMainControlsView.swift,\ SharedViews.swift /Users/macbook1/work/ETPattern/ETPattern/Views/SharedMainControlsView.swift /Users/macbook1/work/ETPattern/ETPattern/Views/SharedViews.swift (in target 'ETPattern' from project 'ETPattern' at path '/Users/macbook1/work/ETPattern/ETPattern.xcodeproj')

SwiftCompile normal arm64 /Users/macbook1/work/ETPattern/ETPattern/Views/SharedMainControlsView.swift (in target 'ETPattern' from project 'ETPattern' at path '/Users/macbook1/work/ETPattern/ETPattern.xcodeproj')
    cd /Users/macbook1/work/ETPattern
    

SwiftCompile normal arm64 /Users/macbook1/work/ETPattern/ETPattern/Views/SharedViews.swift (in target 'ETPattern' from project 'ETPattern' at path '/Users/macbook1/work/ETPattern/ETPattern.xcodeproj')
    cd /Users/macbook1/work/ETPattern
    

SwiftDriverJobDiscovery normal arm64 Compiling SharedBottomControlBarView.swift, SharedEmptyStateView.swift (in target 'ETPattern' from project 'ETPattern' at path '/Users/macbook1/work/ETPattern/ETPattern.xcodeproj')

SwiftDriverJobDiscovery normal arm64 Compiling Persistence.swift, GeneratedAssetSymbols.swift (in target 'ETPattern' from project 'ETPattern' at path '/Users/macbook1/work/ETPattern/ETPattern.xcodeproj')

** BUILD FAILED **


The following build commands failed:
	SwiftEmitModule normal arm64 Emitting\ module\ for\ ETPattern (in target 'ETPattern' from project 'ETPattern' at path '/Users/macbook1/work/ETPattern/ETPattern.xcodeproj')
	EmitSwiftModule normal arm64 (in target 'ETPattern' from project 'ETPattern' at path '/Users/macbook1/work/ETPattern/ETPattern.xcodeproj')
	Building project ETPattern with scheme ETPattern
(3 failures)
